#
# There is insufficient memory for the Java Runtime Environment to continue.
# Native memory allocation (mmap) failed to map 134217728 bytes for G1 virtual space
# Possible reasons:
#   The system is out of physical RAM or swap space
#   The process is running with CompressedOops enabled, and the Java Heap may be blocking the growth of the native heap
# Possible solutions:
#   Reduce memory load on the system
#   Increase physical memory or swap space
#   Check if swap backing store is full
#   Decrease Java heap size (-Xmx/-Xms)
#   Decrease number of Java threads
#   Decrease Java thread stack sizes (-Xss)
#   Set larger code cache with -XX:ReservedCodeCacheSize=
#   JVM is running with Unscaled Compressed Oops mode in which the Java heap is
#     placed in the first 4GB address space. The Java Heap base address is the
#     maximum limit for the native heap growth. Please use -XX:HeapBaseMinAddress
#     to set the Java Heap base and to place the Java Heap above 4GB virtual address.
# This output file may be truncated or incomplete.
#
#  Out of Memory Error (os_windows.cpp:3548), pid=12068, tid=8120
#
# JRE version:  (17.0.12+8) (build )
# Java VM: Java HotSpot(TM) 64-Bit Server VM (17.0.12+8-LTS-286, mixed mode, sharing, tiered, compressed oops, compressed class ptrs, g1 gc, windows-amd64)
# No core dump will be written. Minidumps are not enabled by default on client versions of Windows
#

---------------  S U M M A R Y ------------

Command Line: -Dfile.encoding=UTF-8 --module-path=C:\Users\DTech\Documents\NetBeansProjects\bank management system\build\classes bank.management.system.Transactions

Host: Intel(R) Core(TM) i5-6300U CPU @ 2.40GHz, 4 cores, 7G,  Windows 10 , 64 bit Build 19041 (10.0.19041.5198)
Time: Wed Jan 29 01:33:06 2025 Pakistan Standard Time elapsed time: 0.019175 seconds (0d 0h 0m 0s)

---------------  T H R E A D  ---------------

Current thread (0x0000023339a72e90):  JavaThread "Unknown thread" [_thread_in_vm, id=8120, stack(0x000000ada8700000,0x000000ada8800000)]

Stack: [0x000000ada8700000,0x000000ada8800000]
Native frames: (J=compiled Java code, j=interpreted, Vv=VM code, C=native code)
V  [jvm.dll+0x67a04a]
V  [jvm.dll+0x7da4ed]
V  [jvm.dll+0x7dbe33]
V  [jvm.dll+0x7dc4a3]
V  [jvm.dll+0x24508f]
V  [jvm.dll+0x677089]
V  [jvm.dll+0x66bd32]
V  [jvm.dll+0x301fa6]
V  [jvm.dll+0x309546]
V  [jvm.dll+0x359d2e]
V  [jvm.dll+0x359f5f]
V  [jvm.dll+0x2d9078]
V  [jvm.dll+0x2d9fe4]
V  [jvm.dll+0x7aca21]
V  [jvm.dll+0x367591]
V  [jvm.dll+0x78b999]
V  [jvm.dll+0x3ec83f]
V  [jvm.dll+0x3ee471]
C  [jli.dll+0x5297]
C  [ucrtbase.dll+0x21bb2]
C  [KERNEL32.DLL+0x17374]
C  [ntdll.dll+0x4cc91]


---------------  P R O C E S S  ---------------

Threads class SMR info:
_java_thread_list=0x00007fff47557a18, length=0, elements={
}

Java Threads: ( => current thread )

Other Threads:
  0x0000023339acb500 GCTaskThread "GC Thread#0" [stack: 0x000000ada8800000,0x000000ada8900000] [id=10060]
  0x0000023339add0a0 ConcurrentGCThread "G1 Main Marker" [stack: 0x000000ada8900000,0x000000ada8a00000] [id=12048]
  0x0000023339ade250 ConcurrentGCThread "G1 Conc#0" [stack: 0x000000ada8a00000,0x000000ada8b00000] [id=11076]

[error occurred during error reporting (printing all threads), id 0xc0000005, EXCEPTION_ACCESS_VIOLATION (0xc0000005) at pc=0x00007fff46d89b67]

VM state: not at safepoint (not fully initialized)

VM Mutex/Monitor currently owned by a thread:  ([mutex/lock_event])
[0x0000023339a6da70] Heap_lock - owner thread: 0x0000023339a72e90

Heap address: 0x0000000081e00000, size: 2018 MB, Compressed Oops mode: 32-bit

CDS archive(s) mapped at: [0x0000000000000000-0x0000000000000000-0x0000000000000000), size 0, SharedBaseAddress: 0x0000000800000000, ArchiveRelocationMode: 1.
Narrow klass base: 0x0000000000000000, Narrow klass shift: 0, Narrow klass range: 0x0

GC Precious Log:
<Empty>

Heap:
 garbage-first heap   total 0K, used 0K [0x0000000081e00000, 0x0000000100000000)
  region size 1024K, 0 young (0K), 0 survivors (0K)

[error occurred during error reporting (printing heap information), id 0xc0000005, EXCEPTION_ACCESS_VIOLATION (0xc0000005) at pc=0x00007fff47173859]

GC Heap History (0 events):
No events

Deoptimization events (0 events):
No events

Classes unloaded (0 events):
No events

Classes redefined (0 events):
No events

Internal exceptions (0 events):
No events

VM Operations (0 events):
No events

Events (1 events):
Event: 0.012 Loaded shared library C:\Program Files\Java\jdk-17\bin\java.dll


Dynamic libraries:
0x00007ff60ed10000 - 0x00007ff60ed20000 	C:\Program Files\Java\jdk-17\bin\java.exe
0x00007fff90b10000 - 0x00007fff90d08000 	C:\Windows\SYSTEM32\ntdll.dll
0x00007fff8ec00000 - 0x00007fff8ecc2000 	C:\Windows\System32\KERNEL32.DLL
0x00007fff8e5e0000 - 0x00007fff8e8df000 	C:\Windows\System32\KERNELBASE.dll
0x00007fff8e1a0000 - 0x00007fff8e2a0000 	C:\Windows\System32\ucrtbase.dll
0x00007fff76170000 - 0x00007fff76189000 	C:\Program Files\Java\jdk-17\bin\jli.dll
0x00007fff7ebd0000 - 0x00007fff7ebeb000 	C:\Program Files\Java\jdk-17\bin\VCRUNTIME140.dll
0x00007fff8fa20000 - 0x00007fff8fad1000 	C:\Windows\System32\ADVAPI32.dll
0x00007fff8f7f0000 - 0x00007fff8f88e000 	C:\Windows\System32\msvcrt.dll
0x00007fff8f890000 - 0x00007fff8f92f000 	C:\Windows\System32\sechost.dll
0x00007fff8fbe0000 - 0x00007fff8fd03000 	C:\Windows\System32\RPCRT4.dll
0x00007fff8e390000 - 0x00007fff8e3b7000 	C:\Windows\System32\bcrypt.dll
0x00007fff8f330000 - 0x00007fff8f4cd000 	C:\Windows\System32\USER32.dll
0x00007fff8e990000 - 0x00007fff8e9b2000 	C:\Windows\System32\win32u.dll
0x00007fff8ebd0000 - 0x00007fff8ebfb000 	C:\Windows\System32\GDI32.dll
0x00007fff7de10000 - 0x00007fff7e0aa000 	C:\Windows\WinSxS\amd64_microsoft.windows.common-controls_6595b64144ccf1df_6.0.19041.4355_none_60b8b9eb71f62e16\COMCTL32.dll
0x00007fff8e4c0000 - 0x00007fff8e5d7000 	C:\Windows\System32\gdi32full.dll
0x00007fff8e2f0000 - 0x00007fff8e38d000 	C:\Windows\System32\msvcp_win.dll
0x00007fff88410000 - 0x00007fff8841a000 	C:\Windows\SYSTEM32\VERSION.dll
0x00007fff90330000 - 0x00007fff9035f000 	C:\Windows\System32\IMM32.DLL
0x00007fff873b0000 - 0x00007fff873bc000 	C:\Program Files\Java\jdk-17\bin\vcruntime140_1.dll
0x00007fff31590000 - 0x00007fff3161e000 	C:\Program Files\Java\jdk-17\bin\msvcp140.dll
0x00007fff46aa0000 - 0x00007fff47680000 	C:\Program Files\Java\jdk-17\bin\server\jvm.dll
0x00007fff8fbd0000 - 0x00007fff8fbd8000 	C:\Windows\System32\PSAPI.DLL
0x00007fff7d120000 - 0x00007fff7d129000 	C:\Windows\SYSTEM32\WSOCK32.dll
0x00007fff7db60000 - 0x00007fff7db87000 	C:\Windows\SYSTEM32\WINMM.dll
0x00007fff8fae0000 - 0x00007fff8fb4b000 	C:\Windows\System32\WS2_32.dll
0x00007fff8c020000 - 0x00007fff8c032000 	C:\Windows\SYSTEM32\kernel.appcore.dll
0x00007fff623b0000 - 0x00007fff623ba000 	C:\Program Files\Java\jdk-17\bin\jimage.dll
0x00007fff7d190000 - 0x00007fff7d374000 	C:\Windows\SYSTEM32\DBGHELP.DLL
0x00007fff7cd40000 - 0x00007fff7cd74000 	C:\Windows\SYSTEM32\dbgcore.DLL
0x00007fff8e3c0000 - 0x00007fff8e442000 	C:\Windows\System32\bcryptPrimitives.dll
0x00007fff7eba0000 - 0x00007fff7ebc5000 	C:\Program Files\Java\jdk-17\bin\java.dll

dbghelp: loaded successfully - version: 4.0.5 - missing functions: none
symbol engine: initialized successfully - sym options: 0x614 - pdb path: .;C:\Program Files\Java\jdk-17\bin;C:\Windows\SYSTEM32;C:\Windows\WinSxS\amd64_microsoft.windows.common-controls_6595b64144ccf1df_6.0.19041.4355_none_60b8b9eb71f62e16;C:\Program Files\Java\jdk-17\bin\server

VM Arguments:
jvm_args: -Dfile.encoding=UTF-8 --module-path=C:\Users\DTech\Documents\NetBeansProjects\bank management system\build\classes 
java_command: bank.management.system.Transactions
java_class_path (initial): C:\Users\DTech\Downloads\jcalendar-tz-1.3.3-4.jar;C:\Users\DTech\Downloads\mysql-connector-java-8.0.28.jar;C:\Users\DTech\Documents\NetBeansProjects\bank management system\build\classes
Launcher Type: SUN_STANDARD

[Global flags]
     intx CICompilerCount                          = 3                                         {product} {ergonomic}
     uint ConcGCThreads                            = 1                                         {product} {ergonomic}
     uint G1ConcRefinementThreads                  = 4                                         {product} {ergonomic}
   size_t G1HeapRegionSize                         = 1048576                                   {product} {ergonomic}
    uintx GCDrainStackTargetSize                   = 64                                        {product} {ergonomic}
   size_t InitialHeapSize                          = 134217728                                 {product} {ergonomic}
   size_t MarkStackSize                            = 4194304                                   {product} {ergonomic}
   size_t MaxHeapSize                              = 2116026368                                {product} {ergonomic}
   size_t MinHeapDeltaBytes                        = 1048576                                   {product} {ergonomic}
   size_t MinHeapSize                              = 8388608                                   {product} {ergonomic}
    uintx NonNMethodCodeHeapSize                   = 5832780                                {pd product} {ergonomic}
    uintx NonProfiledCodeHeapSize                  = 122912730                              {pd product} {ergonomic}
    uintx ProfiledCodeHeapSize                     = 122912730                              {pd product} {ergonomic}
    uintx ReservedCodeCacheSize                    = 251658240                              {pd product} {ergonomic}
     bool SegmentedCodeCache                       = true                                      {product} {ergonomic}
   size_t SoftMaxHeapSize                          = 2116026368                             {manageable} {ergonomic}
     bool UseCompressedClassPointers               = true                           {product lp64_product} {ergonomic}
     bool UseCompressedOops                        = true                           {product lp64_product} {ergonomic}
     bool UseG1GC                                  = true                                      {product} {ergonomic}
     bool UseLargePagesIndividualAllocation        = false                                  {pd product} {ergonomic}

Logging:
Log output configuration:
 #0: stdout all=warning uptime,level,tags
 #1: stderr all=off uptime,level,tags

Environment Variables:
PATH=C:\Program Files\Common Files\Oracle\Java\javapath;C:\Windows\system32;C:\Windows;C:\Windows\System32\Wbem;C:\Windows\System32\WindowsPowerShell\v1.0\;C:\Windows\System32\OpenSSH\;C:\Program Files\dotnet\;C:\Program Files\MySQL\MySQL Server 8.0\bin;C:\Program Files\Java\jdk-17\bin;C:\Program Files\MySQL\MySQL Shell 8.0\bin\;C:\Users\DTech\AppData\Local\Microsoft\WindowsApps;C:\Program Files\JetBrains\IntelliJ IDEA Community Edition 2024.2.4\bin;;C:\Program Files\Java\jdk-17\bin
USERNAME=DTech
OS=Windows_NT
PROCESSOR_IDENTIFIER=Intel64 Family 6 Model 78 Stepping 3, GenuineIntel



---------------  S Y S T E M  ---------------

OS:
 Windows 10 , 64 bit Build 19041 (10.0.19041.5198)
OS uptime: 0 days 1:29 hours

CPU: total 4 (initial active 4) (2 cores per cpu, 2 threads per core) family 6 model 78 stepping 3 microcode 0xec, cx8, cmov, fxsr, ht, mmx, 3dnowpref, sse, sse2, sse3, ssse3, sse4.1, sse4.2, popcnt, lzcnt, tsc, tscinvbit, avx, avx2, aes, erms, clmul, bmi1, bmi2, rtm, adx, fma, vzeroupper, clflush, clflushopt

Memory: 4k page, system-wide physical 8067M (554M free)
TotalPageFile size 25791M (AvailPageFile size 42M)
current process WorkingSet (physical memory assigned to process): 10M, peak: 10M
current process commit charge ("private bytes"): 51M, peak: 179M

vm_info: Java HotSpot(TM) 64-Bit Server VM (17.0.12+8-LTS-286) for windows-amd64 JRE (17.0.12+8-LTS-286), built on Jun  5 2024 06:46:59 by "mach5one" with MS VC++ 17.6 (VS2022)

END.
