#
# There is insufficient memory for the Java Runtime Environment to continue.
# Native memory allocation (malloc) failed to allocate 32744 bytes for ChunkPool::allocate
# Possible reasons:
#   The system is out of physical RAM or swap space
#   The process is running with CompressedOops enabled, and the Java Heap may be blocking the growth of the native heap
# Possible solutions:
#   Reduce memory load on the system
#   Increase physical memory or swap space
#   Check if swap backing store is full
#   Decrease Java heap size (-Xmx/-Xms)
#   Decrease number of Java threads
#   Decrease Java thread stack sizes (-Xss)
#   Set larger code cache with -XX:ReservedCodeCacheSize=
#   JVM is running with Unscaled Compressed Oops mode in which the Java heap is
#     placed in the first 4GB address space. The Java Heap base address is the
#     maximum limit for the native heap growth. Please use -XX:HeapBaseMinAddress
#     to set the Java Heap base and to place the Java Heap above 4GB virtual address.
# This output file may be truncated or incomplete.
#
#  Out of Memory Error (arena.cpp:78), pid=13632, tid=11632
#
# JRE version: Java(TM) SE Runtime Environment (17.0.12+8) (build 17.0.12+8-LTS-286)
# Java VM: Java HotSpot(TM) 64-Bit Server VM (17.0.12+8-LTS-286, mixed mode, sharing, tiered, compressed oops, compressed class ptrs, g1 gc, windows-amd64)
# No core dump will be written. Minidumps are not enabled by default on client versions of Windows
#

---------------  S U M M A R Y ------------

Command Line: -Dfile.encoding=UTF-8 --module-path=C:\Users\DTech\Documents\NetBeansProjects\bank management system\build\classes bank.management.system.SignupThree

Host: Intel(R) Core(TM) i5-6300U CPU @ 2.40GHz, 4 cores, 7G,  Windows 10 , 64 bit Build 19041 (10.0.19041.5198)
Time: Tue Jan 28 23:29:40 2025 Pakistan Standard Time elapsed time: 0.207672 seconds (0d 0h 0m 0s)

---------------  T H R E A D  ---------------

Current thread (0x0000020dd4bfc420):  JavaThread "C1 CompilerThread0" daemon [_thread_in_native, id=11632, stack(0x000000791e000000,0x000000791e100000)]


Current CompileTask:
C1:    207  195   !   3       java.util.zip.ZipFile$Source::checkAndAddEntry (262 bytes)

Stack: [0x000000791e000000,0x000000791e100000]
Native frames: (J=compiled Java code, j=interpreted, Vv=VM code, C=native code)
V  [jvm.dll+0x67a04a]
V  [jvm.dll+0x7da4ed]
V  [jvm.dll+0x7dbe33]
V  [jvm.dll+0x7dc4a3]
V  [jvm.dll+0x24508f]
V  [jvm.dll+0xab9a4]
V  [jvm.dll+0xabd3c]
V  [jvm.dll+0x17af93]
V  [jvm.dll+0x179c9b]
V  [jvm.dll+0x135633]
V  [jvm.dll+0x134eff]
V  [jvm.dll+0x135148]
V  [jvm.dll+0x1345d1]
V  [jvm.dll+0x1362bd]
V  [jvm.dll+0x22610b]
V  [jvm.dll+0x2242ab]
V  [jvm.dll+0x79075c]
V  [jvm.dll+0x78abea]
V  [jvm.dll+0x678f35]
C  [ucrtbase.dll+0x21bb2]
C  [KERNEL32.DLL+0x17374]
C  [ntdll.dll+0x4cc91]


---------------  P R O C E S S  ---------------

Threads class SMR info:
_java_thread_list=0x0000020e1a0f89b0, length=12, elements={
0x0000020db7332eb0, 0x0000020dd4bd9760, 0x0000020dd4bdab80, 0x0000020dd4beb620,
0x0000020dd4bebfe0, 0x0000020dd4bed140, 0x0000020dd4bee2a0, 0x0000020dd4bf91c0,
0x0000020dd4bfc420, 0x0000020dd4c08cf0, 0x0000020e1a0af6c0, 0x0000020e1a13c510
}

Java Threads: ( => current thread )
  0x0000020db7332eb0 JavaThread "main" [_thread_in_Java, id=9684, stack(0x000000791d200000,0x000000791d300000)]
  0x0000020dd4bd9760 JavaThread "Reference Handler" daemon [_thread_blocked, id=22356, stack(0x000000791d900000,0x000000791da00000)]
  0x0000020dd4bdab80 JavaThread "Finalizer" daemon [_thread_blocked, id=16920, stack(0x000000791da00000,0x000000791db00000)]
  0x0000020dd4beb620 JavaThread "Signal Dispatcher" daemon [_thread_blocked, id=17556, stack(0x000000791db00000,0x000000791dc00000)]
  0x0000020dd4bebfe0 JavaThread "Attach Listener" daemon [_thread_blocked, id=21032, stack(0x000000791dc00000,0x000000791dd00000)]
  0x0000020dd4bed140 JavaThread "Service Thread" daemon [_thread_blocked, id=220, stack(0x000000791dd00000,0x000000791de00000)]
  0x0000020dd4bee2a0 JavaThread "Monitor Deflation Thread" daemon [_thread_blocked, id=5068, stack(0x000000791de00000,0x000000791df00000)]
  0x0000020dd4bf91c0 JavaThread "C2 CompilerThread0" daemon [_thread_in_native, id=7072, stack(0x000000791df00000,0x000000791e000000)]
=>0x0000020dd4bfc420 JavaThread "C1 CompilerThread0" daemon [_thread_in_native, id=11632, stack(0x000000791e000000,0x000000791e100000)]
  0x0000020dd4c08cf0 JavaThread "Sweeper thread" daemon [_thread_blocked, id=3568, stack(0x000000791e100000,0x000000791e200000)]
  0x0000020e1a0af6c0 JavaThread "Common-Cleaner" daemon [_thread_blocked, id=17624, stack(0x000000791e200000,0x000000791e300000)]
  0x0000020e1a13c510 JavaThread "Notification Thread" daemon [_thread_blocked, id=19904, stack(0x000000791e300000,0x000000791e400000)]

Other Threads:
  0x0000020dd4bd40b0 VMThread "VM Thread" [stack: 0x000000791d800000,0x000000791d900000] [id=18896]
  0x0000020e1a149e00 WatcherThread [stack: 0x000000791e400000,0x000000791e500000] [id=16456]
  0x0000020db738cf20 GCTaskThread "GC Thread#0" [stack: 0x000000791d300000,0x000000791d400000] [id=18272]
  0x0000020db739e9c0 ConcurrentGCThread "G1 Main Marker" [stack: 0x000000791d400000,0x000000791d500000] [id=7076]
  0x0000020db739fa70 ConcurrentGCThread "G1 Conc#0" [stack: 0x000000791d500000,0x000000791d600000] [id=10560]
  0x0000020dd4a934e0 ConcurrentGCThread "G1 Refine#0" [stack: 0x000000791d600000,0x000000791d700000] [id=11212]
  0x0000020db740ae70 ConcurrentGCThread "G1 Service" [stack: 0x000000791d700000,0x000000791d800000] [id=21216]

Threads with active compile tasks:
C2 CompilerThread0      284  162       4       java.util.HashMap::putVal (300 bytes)
C1 CompilerThread0      284  195   !   3       java.util.zip.ZipFile$Source::checkAndAddEntry (262 bytes)

VM state: not at safepoint (normal execution)

VM Mutex/Monitor currently owned by a thread: None

Heap address: 0x0000000081e00000, size: 2018 MB, Compressed Oops mode: 32-bit

CDS archive(s) mapped at: [0x0000020dd5000000-0x0000020dd5bd0000-0x0000020dd5bd0000), size 12386304, SharedBaseAddress: 0x0000020dd5000000, ArchiveRelocationMode: 1.
Compressed class space mapped at: 0x0000020dd6000000-0x0000020e16000000, reserved size: 1073741824
Narrow klass base: 0x0000020dd5000000, Narrow klass shift: 0, Narrow klass range: 0x100000000

GC Precious Log:
 CPUs: 4 total, 4 available
 Memory: 8067M
 Large Page Support: Disabled
 NUMA Support: Disabled
 Compressed Oops: Enabled (32-bit)
 Heap Region Size: 1M
 Heap Min Capacity: 8M
 Heap Initial Capacity: 128M
 Heap Max Capacity: 2018M
 Pre-touch: Disabled
 Parallel Workers: 4
 Concurrent Workers: 1
 Concurrent Refinement Workers: 4
 Periodic GC: Disabled

Heap:
 garbage-first heap   total 131072K, used 2048K [0x0000000081e00000, 0x0000000100000000)
  region size 1024K, 3 young (3072K), 0 survivors (0K)
 Metaspace       used 1175K, committed 1344K, reserved 1114112K
  class space    used 112K, committed 192K, reserved 1048576K

Heap Regions: E=young(eden), S=young(survivor), O=old, HS=humongous(starts), HC=humongous(continues), CS=collection set, F=free, OA=open archive, CA=closed archive, TAMS=top-at-mark-start (previous, next)
|   0|0x0000000081e00000, 0x0000000081e00000, 0x0000000081f00000|  0%| F|  |TAMS 0x0000000081e00000, 0x0000000081e00000| Untracked 
|   1|0x0000000081f00000, 0x0000000081f00000, 0x0000000082000000|  0%| F|  |TAMS 0x0000000081f00000, 0x0000000081f00000| Untracked 
|   2|0x0000000082000000, 0x0000000082000000, 0x0000000082100000|  0%| F|  |TAMS 0x0000000082000000, 0x0000000082000000| Untracked 
|   3|0x0000000082100000, 0x0000000082100000, 0x0000000082200000|  0%| F|  |TAMS 0x0000000082100000, 0x0000000082100000| Untracked 
|   4|0x0000000082200000, 0x0000000082200000, 0x0000000082300000|  0%| F|  |TAMS 0x0000000082200000, 0x0000000082200000| Untracked 
|   5|0x0000000082300000, 0x0000000082300000, 0x0000000082400000|  0%| F|  |TAMS 0x0000000082300000, 0x0000000082300000| Untracked 
|   6|0x0000000082400000, 0x0000000082400000, 0x0000000082500000|  0%| F|  |TAMS 0x0000000082400000, 0x0000000082400000| Untracked 
|   7|0x0000000082500000, 0x0000000082500000, 0x0000000082600000|  0%| F|  |TAMS 0x0000000082500000, 0x0000000082500000| Untracked 
|   8|0x0000000082600000, 0x0000000082600000, 0x0000000082700000|  0%| F|  |TAMS 0x0000000082600000, 0x0000000082600000| Untracked 
|   9|0x0000000082700000, 0x0000000082700000, 0x0000000082800000|  0%| F|  |TAMS 0x0000000082700000, 0x0000000082700000| Untracked 
|  10|0x0000000082800000, 0x0000000082800000, 0x0000000082900000|  0%| F|  |TAMS 0x0000000082800000, 0x0000000082800000| Untracked 
|  11|0x0000000082900000, 0x0000000082900000, 0x0000000082a00000|  0%| F|  |TAMS 0x0000000082900000, 0x0000000082900000| Untracked 
|  12|0x0000000082a00000, 0x0000000082a00000, 0x0000000082b00000|  0%| F|  |TAMS 0x0000000082a00000, 0x0000000082a00000| Untracked 
|  13|0x0000000082b00000, 0x0000000082b00000, 0x0000000082c00000|  0%| F|  |TAMS 0x0000000082b00000, 0x0000000082b00000| Untracked 
|  14|0x0000000082c00000, 0x0000000082c00000, 0x0000000082d00000|  0%| F|  |TAMS 0x0000000082c00000, 0x0000000082c00000| Untracked 
|  15|0x0000000082d00000, 0x0000000082d00000, 0x0000000082e00000|  0%| F|  |TAMS 0x0000000082d00000, 0x0000000082d00000| Untracked 
|  16|0x0000000082e00000, 0x0000000082e00000, 0x0000000082f00000|  0%| F|  |TAMS 0x0000000082e00000, 0x0000000082e00000| Untracked 
|  17|0x0000000082f00000, 0x0000000082f00000, 0x0000000083000000|  0%| F|  |TAMS 0x0000000082f00000, 0x0000000082f00000| Untracked 
|  18|0x0000000083000000, 0x0000000083000000, 0x0000000083100000|  0%| F|  |TAMS 0x0000000083000000, 0x0000000083000000| Untracked 
|  19|0x0000000083100000, 0x0000000083100000, 0x0000000083200000|  0%| F|  |TAMS 0x0000000083100000, 0x0000000083100000| Untracked 
|  20|0x0000000083200000, 0x0000000083200000, 0x0000000083300000|  0%| F|  |TAMS 0x0000000083200000, 0x0000000083200000| Untracked 
|  21|0x0000000083300000, 0x0000000083300000, 0x0000000083400000|  0%| F|  |TAMS 0x0000000083300000, 0x0000000083300000| Untracked 
|  22|0x0000000083400000, 0x0000000083400000, 0x0000000083500000|  0%| F|  |TAMS 0x0000000083400000, 0x0000000083400000| Untracked 
|  23|0x0000000083500000, 0x0000000083500000, 0x0000000083600000|  0%| F|  |TAMS 0x0000000083500000, 0x0000000083500000| Untracked 
|  24|0x0000000083600000, 0x0000000083600000, 0x0000000083700000|  0%| F|  |TAMS 0x0000000083600000, 0x0000000083600000| Untracked 
|  25|0x0000000083700000, 0x0000000083700000, 0x0000000083800000|  0%| F|  |TAMS 0x0000000083700000, 0x0000000083700000| Untracked 
|  26|0x0000000083800000, 0x0000000083800000, 0x0000000083900000|  0%| F|  |TAMS 0x0000000083800000, 0x0000000083800000| Untracked 
|  27|0x0000000083900000, 0x0000000083900000, 0x0000000083a00000|  0%| F|  |TAMS 0x0000000083900000, 0x0000000083900000| Untracked 
|  28|0x0000000083a00000, 0x0000000083a00000, 0x0000000083b00000|  0%| F|  |TAMS 0x0000000083a00000, 0x0000000083a00000| Untracked 
|  29|0x0000000083b00000, 0x0000000083b00000, 0x0000000083c00000|  0%| F|  |TAMS 0x0000000083b00000, 0x0000000083b00000| Untracked 
|  30|0x0000000083c00000, 0x0000000083c00000, 0x0000000083d00000|  0%| F|  |TAMS 0x0000000083c00000, 0x0000000083c00000| Untracked 
|  31|0x0000000083d00000, 0x0000000083d00000, 0x0000000083e00000|  0%| F|  |TAMS 0x0000000083d00000, 0x0000000083d00000| Untracked 
|  32|0x0000000083e00000, 0x0000000083e00000, 0x0000000083f00000|  0%| F|  |TAMS 0x0000000083e00000, 0x0000000083e00000| Untracked 
|  33|0x0000000083f00000, 0x0000000083f00000, 0x0000000084000000|  0%| F|  |TAMS 0x0000000083f00000, 0x0000000083f00000| Untracked 
|  34|0x0000000084000000, 0x0000000084000000, 0x0000000084100000|  0%| F|  |TAMS 0x0000000084000000, 0x0000000084000000| Untracked 
|  35|0x0000000084100000, 0x0000000084100000, 0x0000000084200000|  0%| F|  |TAMS 0x0000000084100000, 0x0000000084100000| Untracked 
|  36|0x0000000084200000, 0x0000000084200000, 0x0000000084300000|  0%| F|  |TAMS 0x0000000084200000, 0x0000000084200000| Untracked 
|  37|0x0000000084300000, 0x0000000084300000, 0x0000000084400000|  0%| F|  |TAMS 0x0000000084300000, 0x0000000084300000| Untracked 
|  38|0x0000000084400000, 0x0000000084400000, 0x0000000084500000|  0%| F|  |TAMS 0x0000000084400000, 0x0000000084400000| Untracked 
|  39|0x0000000084500000, 0x0000000084500000, 0x0000000084600000|  0%| F|  |TAMS 0x0000000084500000, 0x0000000084500000| Untracked 
|  40|0x0000000084600000, 0x0000000084600000, 0x0000000084700000|  0%| F|  |TAMS 0x0000000084600000, 0x0000000084600000| Untracked 
|  41|0x0000000084700000, 0x0000000084700000, 0x0000000084800000|  0%| F|  |TAMS 0x0000000084700000, 0x0000000084700000| Untracked 
|  42|0x0000000084800000, 0x0000000084800000, 0x0000000084900000|  0%| F|  |TAMS 0x0000000084800000, 0x0000000084800000| Untracked 
|  43|0x0000000084900000, 0x0000000084900000, 0x0000000084a00000|  0%| F|  |TAMS 0x0000000084900000, 0x0000000084900000| Untracked 
|  44|0x0000000084a00000, 0x0000000084a00000, 0x0000000084b00000|  0%| F|  |TAMS 0x0000000084a00000, 0x0000000084a00000| Untracked 
|  45|0x0000000084b00000, 0x0000000084b00000, 0x0000000084c00000|  0%| F|  |TAMS 0x0000000084b00000, 0x0000000084b00000| Untracked 
|  46|0x0000000084c00000, 0x0000000084c00000, 0x0000000084d00000|  0%| F|  |TAMS 0x0000000084c00000, 0x0000000084c00000| Untracked 
|  47|0x0000000084d00000, 0x0000000084d00000, 0x0000000084e00000|  0%| F|  |TAMS 0x0000000084d00000, 0x0000000084d00000| Untracked 
|  48|0x0000000084e00000, 0x0000000084e00000, 0x0000000084f00000|  0%| F|  |TAMS 0x0000000084e00000, 0x0000000084e00000| Untracked 
|  49|0x0000000084f00000, 0x0000000084f00000, 0x0000000085000000|  0%| F|  |TAMS 0x0000000084f00000, 0x0000000084f00000| Untracked 
|  50|0x0000000085000000, 0x0000000085000000, 0x0000000085100000|  0%| F|  |TAMS 0x0000000085000000, 0x0000000085000000| Untracked 
|  51|0x0000000085100000, 0x0000000085100000, 0x0000000085200000|  0%| F|  |TAMS 0x0000000085100000, 0x0000000085100000| Untracked 
|  52|0x0000000085200000, 0x0000000085200000, 0x0000000085300000|  0%| F|  |TAMS 0x0000000085200000, 0x0000000085200000| Untracked 
|  53|0x0000000085300000, 0x0000000085300000, 0x0000000085400000|  0%| F|  |TAMS 0x0000000085300000, 0x0000000085300000| Untracked 
|  54|0x0000000085400000, 0x0000000085400000, 0x0000000085500000|  0%| F|  |TAMS 0x0000000085400000, 0x0000000085400000| Untracked 
|  55|0x0000000085500000, 0x0000000085500000, 0x0000000085600000|  0%| F|  |TAMS 0x0000000085500000, 0x0000000085500000| Untracked 
|  56|0x0000000085600000, 0x0000000085600000, 0x0000000085700000|  0%| F|  |TAMS 0x0000000085600000, 0x0000000085600000| Untracked 
|  57|0x0000000085700000, 0x0000000085700000, 0x0000000085800000|  0%| F|  |TAMS 0x0000000085700000, 0x0000000085700000| Untracked 
|  58|0x0000000085800000, 0x0000000085800000, 0x0000000085900000|  0%| F|  |TAMS 0x0000000085800000, 0x0000000085800000| Untracked 
|  59|0x0000000085900000, 0x0000000085900000, 0x0000000085a00000|  0%| F|  |TAMS 0x0000000085900000, 0x0000000085900000| Untracked 
|  60|0x0000000085a00000, 0x0000000085a00000, 0x0000000085b00000|  0%| F|  |TAMS 0x0000000085a00000, 0x0000000085a00000| Untracked 
|  61|0x0000000085b00000, 0x0000000085b00000, 0x0000000085c00000|  0%| F|  |TAMS 0x0000000085b00000, 0x0000000085b00000| Untracked 
|  62|0x0000000085c00000, 0x0000000085c00000, 0x0000000085d00000|  0%| F|  |TAMS 0x0000000085c00000, 0x0000000085c00000| Untracked 
|  63|0x0000000085d00000, 0x0000000085d00000, 0x0000000085e00000|  0%| F|  |TAMS 0x0000000085d00000, 0x0000000085d00000| Untracked 
|  64|0x0000000085e00000, 0x0000000085e00000, 0x0000000085f00000|  0%| F|  |TAMS 0x0000000085e00000, 0x0000000085e00000| Untracked 
|  65|0x0000000085f00000, 0x0000000085f00000, 0x0000000086000000|  0%| F|  |TAMS 0x0000000085f00000, 0x0000000085f00000| Untracked 
|  66|0x0000000086000000, 0x0000000086000000, 0x0000000086100000|  0%| F|  |TAMS 0x0000000086000000, 0x0000000086000000| Untracked 
|  67|0x0000000086100000, 0x0000000086100000, 0x0000000086200000|  0%| F|  |TAMS 0x0000000086100000, 0x0000000086100000| Untracked 
|  68|0x0000000086200000, 0x0000000086200000, 0x0000000086300000|  0%| F|  |TAMS 0x0000000086200000, 0x0000000086200000| Untracked 
|  69|0x0000000086300000, 0x0000000086300000, 0x0000000086400000|  0%| F|  |TAMS 0x0000000086300000, 0x0000000086300000| Untracked 
|  70|0x0000000086400000, 0x0000000086400000, 0x0000000086500000|  0%| F|  |TAMS 0x0000000086400000, 0x0000000086400000| Untracked 
|  71|0x0000000086500000, 0x0000000086500000, 0x0000000086600000|  0%| F|  |TAMS 0x0000000086500000, 0x0000000086500000| Untracked 
|  72|0x0000000086600000, 0x0000000086600000, 0x0000000086700000|  0%| F|  |TAMS 0x0000000086600000, 0x0000000086600000| Untracked 
|  73|0x0000000086700000, 0x0000000086700000, 0x0000000086800000|  0%| F|  |TAMS 0x0000000086700000, 0x0000000086700000| Untracked 
|  74|0x0000000086800000, 0x0000000086800000, 0x0000000086900000|  0%| F|  |TAMS 0x0000000086800000, 0x0000000086800000| Untracked 
|  75|0x0000000086900000, 0x0000000086900000, 0x0000000086a00000|  0%| F|  |TAMS 0x0000000086900000, 0x0000000086900000| Untracked 
|  76|0x0000000086a00000, 0x0000000086a00000, 0x0000000086b00000|  0%| F|  |TAMS 0x0000000086a00000, 0x0000000086a00000| Untracked 
|  77|0x0000000086b00000, 0x0000000086b00000, 0x0000000086c00000|  0%| F|  |TAMS 0x0000000086b00000, 0x0000000086b00000| Untracked 
|  78|0x0000000086c00000, 0x0000000086c00000, 0x0000000086d00000|  0%| F|  |TAMS 0x0000000086c00000, 0x0000000086c00000| Untracked 
|  79|0x0000000086d00000, 0x0000000086d00000, 0x0000000086e00000|  0%| F|  |TAMS 0x0000000086d00000, 0x0000000086d00000| Untracked 
|  80|0x0000000086e00000, 0x0000000086e00000, 0x0000000086f00000|  0%| F|  |TAMS 0x0000000086e00000, 0x0000000086e00000| Untracked 
|  81|0x0000000086f00000, 0x0000000086f00000, 0x0000000087000000|  0%| F|  |TAMS 0x0000000086f00000, 0x0000000086f00000| Untracked 
|  82|0x0000000087000000, 0x0000000087000000, 0x0000000087100000|  0%| F|  |TAMS 0x0000000087000000, 0x0000000087000000| Untracked 
|  83|0x0000000087100000, 0x0000000087100000, 0x0000000087200000|  0%| F|  |TAMS 0x0000000087100000, 0x0000000087100000| Untracked 
|  84|0x0000000087200000, 0x0000000087200000, 0x0000000087300000|  0%| F|  |TAMS 0x0000000087200000, 0x0000000087200000| Untracked 
|  85|0x0000000087300000, 0x0000000087300000, 0x0000000087400000|  0%| F|  |TAMS 0x0000000087300000, 0x0000000087300000| Untracked 
|  86|0x0000000087400000, 0x0000000087400000, 0x0000000087500000|  0%| F|  |TAMS 0x0000000087400000, 0x0000000087400000| Untracked 
|  87|0x0000000087500000, 0x0000000087500000, 0x0000000087600000|  0%| F|  |TAMS 0x0000000087500000, 0x0000000087500000| Untracked 
|  88|0x0000000087600000, 0x0000000087600000, 0x0000000087700000|  0%| F|  |TAMS 0x0000000087600000, 0x0000000087600000| Untracked 
|  89|0x0000000087700000, 0x0000000087700000, 0x0000000087800000|  0%| F|  |TAMS 0x0000000087700000, 0x0000000087700000| Untracked 
|  90|0x0000000087800000, 0x0000000087800000, 0x0000000087900000|  0%| F|  |TAMS 0x0000000087800000, 0x0000000087800000| Untracked 
|  91|0x0000000087900000, 0x0000000087900000, 0x0000000087a00000|  0%| F|  |TAMS 0x0000000087900000, 0x0000000087900000| Untracked 
|  92|0x0000000087a00000, 0x0000000087a00000, 0x0000000087b00000|  0%| F|  |TAMS 0x0000000087a00000, 0x0000000087a00000| Untracked 
|  93|0x0000000087b00000, 0x0000000087b00000, 0x0000000087c00000|  0%| F|  |TAMS 0x0000000087b00000, 0x0000000087b00000| Untracked 
|  94|0x0000000087c00000, 0x0000000087c00000, 0x0000000087d00000|  0%| F|  |TAMS 0x0000000087c00000, 0x0000000087c00000| Untracked 
|  95|0x0000000087d00000, 0x0000000087d00000, 0x0000000087e00000|  0%| F|  |TAMS 0x0000000087d00000, 0x0000000087d00000| Untracked 
|  96|0x0000000087e00000, 0x0000000087e00000, 0x0000000087f00000|  0%| F|  |TAMS 0x0000000087e00000, 0x0000000087e00000| Untracked 
|  97|0x0000000087f00000, 0x0000000087f00000, 0x0000000088000000|  0%| F|  |TAMS 0x0000000087f00000, 0x0000000087f00000| Untracked 
|  98|0x0000000088000000, 0x0000000088000000, 0x0000000088100000|  0%| F|  |TAMS 0x0000000088000000, 0x0000000088000000| Untracked 
|  99|0x0000000088100000, 0x0000000088100000, 0x0000000088200000|  0%| F|  |TAMS 0x0000000088100000, 0x0000000088100000| Untracked 
| 100|0x0000000088200000, 0x0000000088200000, 0x0000000088300000|  0%| F|  |TAMS 0x0000000088200000, 0x0000000088200000| Untracked 
| 101|0x0000000088300000, 0x0000000088300000, 0x0000000088400000|  0%| F|  |TAMS 0x0000000088300000, 0x0000000088300000| Untracked 
| 102|0x0000000088400000, 0x0000000088400000, 0x0000000088500000|  0%| F|  |TAMS 0x0000000088400000, 0x0000000088400000| Untracked 
| 103|0x0000000088500000, 0x0000000088500000, 0x0000000088600000|  0%| F|  |TAMS 0x0000000088500000, 0x0000000088500000| Untracked 
| 104|0x0000000088600000, 0x0000000088600000, 0x0000000088700000|  0%| F|  |TAMS 0x0000000088600000, 0x0000000088600000| Untracked 
| 105|0x0000000088700000, 0x0000000088700000, 0x0000000088800000|  0%| F|  |TAMS 0x0000000088700000, 0x0000000088700000| Untracked 
| 106|0x0000000088800000, 0x0000000088800000, 0x0000000088900000|  0%| F|  |TAMS 0x0000000088800000, 0x0000000088800000| Untracked 
| 107|0x0000000088900000, 0x0000000088900000, 0x0000000088a00000|  0%| F|  |TAMS 0x0000000088900000, 0x0000000088900000| Untracked 
| 108|0x0000000088a00000, 0x0000000088a00000, 0x0000000088b00000|  0%| F|  |TAMS 0x0000000088a00000, 0x0000000088a00000| Untracked 
| 109|0x0000000088b00000, 0x0000000088b00000, 0x0000000088c00000|  0%| F|  |TAMS 0x0000000088b00000, 0x0000000088b00000| Untracked 
| 110|0x0000000088c00000, 0x0000000088c00000, 0x0000000088d00000|  0%| F|  |TAMS 0x0000000088c00000, 0x0000000088c00000| Untracked 
| 111|0x0000000088d00000, 0x0000000088d00000, 0x0000000088e00000|  0%| F|  |TAMS 0x0000000088d00000, 0x0000000088d00000| Untracked 
| 112|0x0000000088e00000, 0x0000000088e00000, 0x0000000088f00000|  0%| F|  |TAMS 0x0000000088e00000, 0x0000000088e00000| Untracked 
| 113|0x0000000088f00000, 0x0000000088f00000, 0x0000000089000000|  0%| F|  |TAMS 0x0000000088f00000, 0x0000000088f00000| Untracked 
| 114|0x0000000089000000, 0x0000000089000000, 0x0000000089100000|  0%| F|  |TAMS 0x0000000089000000, 0x0000000089000000| Untracked 
| 115|0x0000000089100000, 0x0000000089100000, 0x0000000089200000|  0%| F|  |TAMS 0x0000000089100000, 0x0000000089100000| Untracked 
| 116|0x0000000089200000, 0x0000000089200000, 0x0000000089300000|  0%| F|  |TAMS 0x0000000089200000, 0x0000000089200000| Untracked 
| 117|0x0000000089300000, 0x0000000089300000, 0x0000000089400000|  0%| F|  |TAMS 0x0000000089300000, 0x0000000089300000| Untracked 
| 118|0x0000000089400000, 0x0000000089400000, 0x0000000089500000|  0%| F|  |TAMS 0x0000000089400000, 0x0000000089400000| Untracked 
| 119|0x0000000089500000, 0x0000000089500000, 0x0000000089600000|  0%| F|  |TAMS 0x0000000089500000, 0x0000000089500000| Untracked 
| 120|0x0000000089600000, 0x0000000089600000, 0x0000000089700000|  0%| F|  |TAMS 0x0000000089600000, 0x0000000089600000| Untracked 
| 121|0x0000000089700000, 0x0000000089700000, 0x0000000089800000|  0%| F|  |TAMS 0x0000000089700000, 0x0000000089700000| Untracked 
| 122|0x0000000089800000, 0x0000000089800000, 0x0000000089900000|  0%| F|  |TAMS 0x0000000089800000, 0x0000000089800000| Untracked 
| 123|0x0000000089900000, 0x0000000089900000, 0x0000000089a00000|  0%| F|  |TAMS 0x0000000089900000, 0x0000000089900000| Untracked 
| 124|0x0000000089a00000, 0x0000000089a00000, 0x0000000089b00000|  0%| F|  |TAMS 0x0000000089a00000, 0x0000000089a00000| Untracked 
| 125|0x0000000089b00000, 0x0000000089b43180, 0x0000000089c00000| 26%| E|  |TAMS 0x0000000089b00000, 0x0000000089b00000| Complete 
| 126|0x0000000089c00000, 0x0000000089d00000, 0x0000000089d00000|100%| E|CS|TAMS 0x0000000089c00000, 0x0000000089c00000| Complete 
| 127|0x0000000089d00000, 0x0000000089e00000, 0x0000000089e00000|100%| E|CS|TAMS 0x0000000089d00000, 0x0000000089d00000| Complete 

Card table byte_map: [0x0000020dce000000,0x0000020dce400000] _byte_map_base: 0x0000020dcdbf1000

Marking Bits (Prev, Next): (CMBitMap*) 0x0000020db738e450, (CMBitMap*) 0x0000020db738e490
 Prev Bits: [0x0000020dce800000, 0x0000020dd0788000)
 Next Bits: [0x0000020dd0790000, 0x0000020dd2718000)

Polling page: 0x0000020db6b10000

Metaspace:

Usage:
  Non-class:      1.05 MB used.
      Class:    113.95 KB used.
       Both:      1.16 MB used.

Virtual space:
  Non-class space:       64.00 MB reserved,       1.12 MB (  2%) committed,  1 nodes.
      Class space:        1.00 GB reserved,     192.00 KB ( <1%) committed,  1 nodes.
             Both:        1.06 GB reserved,       1.31 MB ( <1%) committed. 

Chunk freelists:
   Non-Class:  11.98 MB
       Class:  15.74 MB
        Both:  27.72 MB

MaxMetaspaceSize: unlimited
CompressedClassSpaceSize: 1.00 GB
Initial GC threshold: 21.00 MB
Current GC threshold: 21.00 MB
CDS: on
MetaspaceReclaimPolicy: balanced
 - commit_granule_bytes: 65536.
 - commit_granule_words: 8192.
 - virtual_space_node_default_size: 8388608.
 - enlarge_chunks_in_place: 1.
 - new_chunks_are_fully_committed: 0.
 - uncommit_free_chunks: 1.
 - use_allocation_guard: 0.
 - handle_deallocations: 1.


Internal statistics:

num_allocs_failed_limit: 0.
num_arena_births: 12.
num_arena_deaths: 0.
num_vsnodes_births: 2.
num_vsnodes_deaths: 0.
num_space_committed: 21.
num_space_uncommitted: 0.
num_chunks_returned_to_freelist: 0.
num_chunks_taken_from_freelist: 15.
num_chunk_merges: 0.
num_chunk_splits: 9.
num_chunks_enlarged: 4.
num_inconsistent_stats: 0.

CodeHeap 'non-profiled nmethods': size=120000Kb used=67Kb max_used=67Kb free=119932Kb
 bounds [0x0000020dc66d0000, 0x0000020dc6940000, 0x0000020dcdc00000]
CodeHeap 'profiled nmethods': size=120000Kb used=200Kb max_used=200Kb free=119799Kb
 bounds [0x0000020dbec00000, 0x0000020dbee70000, 0x0000020dc6130000]
CodeHeap 'non-nmethods': size=5760Kb used=1105Kb max_used=1105Kb free=4654Kb
 bounds [0x0000020dc6130000, 0x0000020dc63a0000, 0x0000020dc66d0000]
 total_blobs=588 nmethods=207 adapters=294
 compilation: enabled
              stopped_count=0, restarted_count=0
 full_count=0

Compilation events (20 events):
Event: 0.200 Thread 0x0000020dd4bfc420 nmethod 184 0x0000020dbec2f010 code [0x0000020dbec2f1e0, 0x0000020dbec2f528]
Event: 0.200 Thread 0x0000020dd4bfc420  187       3       java.util.zip.ZipCoder$UTF8ZipCoder::checkedHash (91 bytes)
Event: 0.201 Thread 0x0000020dd4bfc420 nmethod 187 0x0000020dbec2f690 code [0x0000020dbec2f880, 0x0000020dbec2fc98]
Event: 0.201 Thread 0x0000020dd4bfc420  186       3       java.util.zip.ZipUtils::CENEXT (9 bytes)
Event: 0.201 Thread 0x0000020dd4bfc420 nmethod 186 0x0000020dbec2fe90 code [0x0000020dbec30020, 0x0000020dbec301d8]
Event: 0.201 Thread 0x0000020dd4bfc420  185       1       java.util.zip.ZipCoder$UTF8ZipCoder::isUTF8 (2 bytes)
Event: 0.201 Thread 0x0000020dd4bfc420 nmethod 185 0x0000020dc66dd890 code [0x0000020dc66dda20, 0x0000020dc66ddaf8]
Event: 0.201 Thread 0x0000020dd4bfc420  189       3       java.util.zip.ZipUtils::LG (22 bytes)
Event: 0.202 Thread 0x0000020dd4bfc420 nmethod 189 0x0000020dbec30310 code [0x0000020dbec304c0, 0x0000020dbec30738]
Event: 0.202 Thread 0x0000020dd4bfc420  190       3       java.util.zip.ZipUtils::CENNAM (9 bytes)
Event: 0.202 Thread 0x0000020dd4bfc420 nmethod 190 0x0000020dbec30890 code [0x0000020dbec30a20, 0x0000020dbec30bd8]
Event: 0.202 Thread 0x0000020dd4bfc420  191       3       java.util.zip.ZipFile$Source::zipCoderForPos (39 bytes)
Event: 0.202 Thread 0x0000020dd4bfc420 nmethod 191 0x0000020dbec30d10 code [0x0000020dbec30ee0, 0x0000020dbec312c8]
Event: 0.202 Thread 0x0000020dd4bfc420  192       3       java.util.zip.ZipUtils::CENHOW (9 bytes)
Event: 0.203 Thread 0x0000020dd4bfc420 nmethod 192 0x0000020dbec31490 code [0x0000020dbec31620, 0x0000020dbec317d8]
Event: 0.203 Thread 0x0000020dd4bfc420  194       3       java.util.zip.ZipUtils::CENFLG (9 bytes)
Event: 0.203 Thread 0x0000020dd4bfc420 nmethod 194 0x0000020dbec31910 code [0x0000020dbec31aa0, 0x0000020dbec31c58]
Event: 0.203 Thread 0x0000020dd4bfc420  196       3       java.util.zip.ZipUtils::CENSIG (8 bytes)
Event: 0.203 Thread 0x0000020dd4bfc420 nmethod 196 0x0000020dbec31d90 code [0x0000020dbec31f40, 0x0000020dbec32218]
Event: 0.203 Thread 0x0000020dd4bfc420  195   !   3       java.util.zip.ZipFile$Source::checkAndAddEntry (262 bytes)

GC Heap History (0 events):
No events

Deoptimization events (0 events):
No events

Classes unloaded (0 events):
No events

Classes redefined (0 events):
No events

Internal exceptions (4 events):
Event: 0.152 Thread 0x0000020db7332eb0 Exception <a 'sun/nio/fs/WindowsException'{0x0000000089c309f8}> (0x0000000089c309f8) 
thrown [s\open\src\hotspot\share\prims\jni.cpp, line 516]
Event: 0.153 Thread 0x0000020db7332eb0 Exception <a 'sun/nio/fs/WindowsException'{0x0000000089c30f70}> (0x0000000089c30f70) 
thrown [s\open\src\hotspot\share\prims\jni.cpp, line 516]
Event: 0.156 Thread 0x0000020db7332eb0 Exception <a 'sun/nio/fs/WindowsException'{0x0000000089c33380}> (0x0000000089c33380) 
thrown [s\open\src\hotspot\share\prims\jni.cpp, line 516]
Event: 0.157 Thread 0x0000020db7332eb0 Exception <a 'sun/nio/fs/WindowsException'{0x0000000089c34340}> (0x0000000089c34340) 
thrown [s\open\src\hotspot\share\prims\jni.cpp, line 516]

VM Operations (2 events):
Event: 0.159 Executing VM operation: HandshakeAllThreads
Event: 0.159 Executing VM operation: HandshakeAllThreads done

Events (20 events):
Event: 0.153 loading class java/nio/file/FileSystemException done
Event: 0.153 loading class java/nio/file/NoSuchFileException done
Event: 0.154 loading class java/nio/file/Files$AcceptAllFilter
Event: 0.154 loading class java/nio/file/DirectoryStream$Filter
Event: 0.154 loading class java/nio/file/DirectoryStream$Filter done
Event: 0.154 loading class java/nio/file/Files$AcceptAllFilter done
Event: 0.154 loading class sun/nio/fs/WindowsDirectoryStream$WindowsDirectoryIterator
Event: 0.154 loading class sun/nio/fs/WindowsDirectoryStream$WindowsDirectoryIterator done
Event: 0.154 loading class sun/nio/fs/WindowsPath$WindowsPathWithAttributes
Event: 0.154 loading class sun/nio/fs/BasicFileAttributesHolder
Event: 0.155 loading class sun/nio/fs/BasicFileAttributesHolder done
Event: 0.155 loading class sun/nio/fs/WindowsPath$WindowsPathWithAttributes done
Event: 0.156 loading class java/nio/file/attribute/FileAttribute
Event: 0.156 loading class java/nio/file/attribute/FileAttribute done
Event: 0.156 loading class sun/nio/fs/WindowsSecurityDescriptor
Event: 0.156 loading class sun/nio/fs/WindowsSecurityDescriptor done
Event: 0.189 Thread 0x0000020e1a13c510 Thread added: 0x0000020e1a13c510
Event: 0.197 Loaded shared library C:\Program Files\Java\jdk-17\bin\zip.dll
Event: 0.204 loading class java/io/BufferedReader
Event: 0.204 loading class java/io/Reader


Dynamic libraries:
0x00007ff68f920000 - 0x00007ff68f930000 	C:\Program Files\Java\jdk-17\bin\java.exe
0x00007ffa524f0000 - 0x00007ffa526e8000 	C:\Windows\SYSTEM32\ntdll.dll
0x00007ffa51050000 - 0x00007ffa51112000 	C:\Windows\System32\KERNEL32.DLL
0x00007ffa50200000 - 0x00007ffa504ff000 	C:\Windows\System32\KERNELBASE.dll
0x00007ffa50100000 - 0x00007ffa50200000 	C:\Windows\System32\ucrtbase.dll
0x00007ffa219e0000 - 0x00007ffa219f9000 	C:\Program Files\Java\jdk-17\bin\jli.dll
0x00007ffa2d800000 - 0x00007ffa2d81b000 	C:\Program Files\Java\jdk-17\bin\VCRUNTIME140.dll
0x00007ffa50920000 - 0x00007ffa509d1000 	C:\Windows\System32\ADVAPI32.dll
0x00007ffa51780000 - 0x00007ffa5181e000 	C:\Windows\System32\msvcrt.dll
0x00007ffa509e0000 - 0x00007ffa50a7f000 	C:\Windows\System32\sechost.dll
0x00007ffa50eb0000 - 0x00007ffa50fd3000 	C:\Windows\System32\RPCRT4.dll
0x00007ffa4fc60000 - 0x00007ffa4fc87000 	C:\Windows\System32\bcrypt.dll
0x00007ffa50b60000 - 0x00007ffa50cfd000 	C:\Windows\System32\USER32.dll
0x00007ffa4fc30000 - 0x00007ffa4fc52000 	C:\Windows\System32\win32u.dll
0x00007ffa40260000 - 0x00007ffa404fa000 	C:\Windows\WinSxS\amd64_microsoft.windows.common-controls_6595b64144ccf1df_6.0.19041.4355_none_60b8b9eb71f62e16\COMCTL32.dll
0x00007ffa50a80000 - 0x00007ffa50aab000 	C:\Windows\System32\GDI32.dll
0x00007ffa4ffe0000 - 0x00007ffa500f7000 	C:\Windows\System32\gdi32full.dll
0x00007ffa4fc90000 - 0x00007ffa4fd2d000 	C:\Windows\System32\msvcp_win.dll
0x00007ffa49630000 - 0x00007ffa4963a000 	C:\Windows\SYSTEM32\VERSION.dll
0x00007ffa512d0000 - 0x00007ffa512ff000 	C:\Windows\System32\IMM32.DLL
0x00007ff9f7290000 - 0x00007ff9f729c000 	C:\Program Files\Java\jdk-17\bin\vcruntime140_1.dll
0x00007ff9ec960000 - 0x00007ff9ec9ee000 	C:\Program Files\Java\jdk-17\bin\msvcp140.dll
0x00007ff9e7430000 - 0x00007ff9e8010000 	C:\Program Files\Java\jdk-17\bin\server\jvm.dll
0x00007ffa512c0000 - 0x00007ffa512c8000 	C:\Windows\System32\PSAPI.DLL
0x00007ffa3fff0000 - 0x00007ffa40017000 	C:\Windows\SYSTEM32\WINMM.dll
0x00007ffa35340000 - 0x00007ffa35349000 	C:\Windows\SYSTEM32\WSOCK32.dll
0x00007ffa522b0000 - 0x00007ffa5231b000 	C:\Windows\System32\WS2_32.dll
0x00007ffa4da00000 - 0x00007ffa4da12000 	C:\Windows\SYSTEM32\kernel.appcore.dll
0x00007ff9f4b60000 - 0x00007ff9f4b6a000 	C:\Program Files\Java\jdk-17\bin\jimage.dll
0x00007ffa3f520000 - 0x00007ffa3f704000 	C:\Windows\SYSTEM32\DBGHELP.DLL
0x00007ffa3f4a0000 - 0x00007ffa3f4d4000 	C:\Windows\SYSTEM32\dbgcore.DLL
0x00007ffa4ff00000 - 0x00007ffa4ff82000 	C:\Windows\System32\bcryptPrimitives.dll
0x00007ff9eccd0000 - 0x00007ff9eccf5000 	C:\Program Files\Java\jdk-17\bin\java.dll
0x00007ff9ecbf0000 - 0x00007ff9eccc7000 	C:\Program Files\Java\jdk-17\bin\jsvml.dll
0x00007ffa51ac0000 - 0x00007ffa5222e000 	C:\Windows\System32\SHELL32.dll
0x00007ffa4dc00000 - 0x00007ffa4e3a4000 	C:\Windows\SYSTEM32\windows.storage.dll
0x00007ffa505c0000 - 0x00007ffa50915000 	C:\Windows\System32\combase.dll
0x00007ffa4f5b0000 - 0x00007ffa4f5df000 	C:\Windows\SYSTEM32\Wldp.dll
0x00007ffa51820000 - 0x00007ffa518ed000 	C:\Windows\System32\OLEAUT32.dll
0x00007ffa52400000 - 0x00007ffa524ad000 	C:\Windows\System32\SHCORE.dll
0x00007ffa51120000 - 0x00007ffa51175000 	C:\Windows\System32\shlwapi.dll
0x00007ffa4fab0000 - 0x00007ffa4fad4000 	C:\Windows\SYSTEM32\profapi.dll
0x00007ff9ecbd0000 - 0x00007ff9ecbe9000 	C:\Program Files\Java\jdk-17\bin\net.dll
0x00007ffa46060000 - 0x00007ffa4616d000 	C:\Windows\SYSTEM32\WINHTTP.dll
0x00007ffa4f310000 - 0x00007ffa4f37a000 	C:\Windows\system32\mswsock.dll
0x00007ff9ecbb0000 - 0x00007ff9ecbc6000 	C:\Program Files\Java\jdk-17\bin\nio.dll
0x00007ff9ecb90000 - 0x00007ff9ecba8000 	C:\Program Files\Java\jdk-17\bin\zip.dll
0x00007ff9ec9f0000 - 0x00007ff9ecb81000 	C:\Program Files\Java\jdk-17\bin\awt.dll
0x00007ffa4b8f0000 - 0x00007ffa4b984000 	C:\Windows\SYSTEM32\apphelp.dll

dbghelp: loaded successfully - version: 4.0.5 - missing functions: none
symbol engine: initialized successfully - sym options: 0x614 - pdb path: .;C:\Program Files\Java\jdk-17\bin;C:\Windows\SYSTEM32;C:\Windows\WinSxS\amd64_microsoft.windows.common-controls_6595b64144ccf1df_6.0.19041.4355_none_60b8b9eb71f62e16;C:\Program Files\Java\jdk-17\bin\server

VM Arguments:
jvm_args: -Dfile.encoding=UTF-8 --module-path=C:\Users\DTech\Documents\NetBeansProjects\bank management system\build\classes 
java_command: bank.management.system.SignupThree
java_class_path (initial): C:\Users\DTech\Downloads\jcalendar-tz-1.3.3-4.jar;C:\Users\DTech\Downloads\mysql-connector-java-8.0.28.jar;C:\Users\DTech\Documents\NetBeansProjects\bank management system\build\classes
Launcher Type: SUN_STANDARD

[Global flags]
     intx CICompilerCount                          = 3                                         {product} {ergonomic}
     uint ConcGCThreads                            = 1                                         {product} {ergonomic}
     uint G1ConcRefinementThreads                  = 4                                         {product} {ergonomic}
   size_t G1HeapRegionSize                         = 1048576                                   {product} {ergonomic}
    uintx GCDrainStackTargetSize                   = 64                                        {product} {ergonomic}
   size_t InitialHeapSize                          = 134217728                                 {product} {ergonomic}
   size_t MarkStackSize                            = 4194304                                   {product} {ergonomic}
   size_t MaxHeapSize                              = 2116026368                                {product} {ergonomic}
   size_t MaxNewSize                               = 1268776960                                {product} {ergonomic}
   size_t MinHeapDeltaBytes                        = 1048576                                   {product} {ergonomic}
   size_t MinHeapSize                              = 8388608                                   {product} {ergonomic}
    uintx NonNMethodCodeHeapSize                   = 5832780                                {pd product} {ergonomic}
    uintx NonProfiledCodeHeapSize                  = 122912730                              {pd product} {ergonomic}
    uintx ProfiledCodeHeapSize                     = 122912730                              {pd product} {ergonomic}
    uintx ReservedCodeCacheSize                    = 251658240                              {pd product} {ergonomic}
     bool SegmentedCodeCache                       = true                                      {product} {ergonomic}
   size_t SoftMaxHeapSize                          = 2116026368                             {manageable} {ergonomic}
     bool UseCompressedClassPointers               = true                           {product lp64_product} {ergonomic}
     bool UseCompressedOops                        = true                           {product lp64_product} {ergonomic}
     bool UseG1GC                                  = true                                      {product} {ergonomic}
     bool UseLargePagesIndividualAllocation        = false                                  {pd product} {ergonomic}

Logging:
Log output configuration:
 #0: stdout all=warning uptime,level,tags
 #1: stderr all=off uptime,level,tags

Environment Variables:
PATH=C:\Program Files\Common Files\Oracle\Java\javapath;C:\Windows\system32;C:\Windows;C:\Windows\System32\Wbem;C:\Windows\System32\WindowsPowerShell\v1.0\;C:\Windows\System32\OpenSSH\;C:\Program Files\dotnet\;C:\Program Files\MySQL\MySQL Server 8.0\bin;C:\Program Files\Java\jdk-17\bin;C:\Program Files\MySQL\MySQL Shell 8.0\bin\;C:\Users\DTech\AppData\Local\Microsoft\WindowsApps;C:\Program Files\JetBrains\IntelliJ IDEA Community Edition 2024.2.4\bin;;C:\Program Files\Java\jdk-17\bin
USERNAME=DTech
OS=Windows_NT
PROCESSOR_IDENTIFIER=Intel64 Family 6 Model 78 Stepping 3, GenuineIntel



---------------  S Y S T E M  ---------------

OS:
 Windows 10 , 64 bit Build 19041 (10.0.19041.5198)
OS uptime: 1 days 8:06 hours

CPU: total 4 (initial active 4) (2 cores per cpu, 2 threads per core) family 6 model 78 stepping 3 microcode 0xec, cx8, cmov, fxsr, ht, mmx, 3dnowpref, sse, sse2, sse3, ssse3, sse4.1, sse4.2, popcnt, lzcnt, tsc, tscinvbit, avx, avx2, aes, erms, clmul, bmi1, bmi2, rtm, adx, fma, vzeroupper, clflush, clflushopt

Memory: 4k page, system-wide physical 8067M (637M free)
TotalPageFile size 20781M (AvailPageFile size 1M)
current process WorkingSet (physical memory assigned to process): 38M, peak: 38M
current process commit charge ("private bytes"): 204M, peak: 204M

vm_info: Java HotSpot(TM) 64-Bit Server VM (17.0.12+8-LTS-286) for windows-amd64 JRE (17.0.12+8-LTS-286), built on Jun  5 2024 06:46:59 by "mach5one" with MS VC++ 17.6 (VS2022)

END.
