#
# There is insufficient memory for the Java Runtime Environment to continue.
# Native memory allocation (malloc) failed to allocate 580336 bytes for Chunk::new
# Possible reasons:
#   The system is out of physical RAM or swap space
#   The process is running with CompressedOops enabled, and the Java Heap may be blocking the growth of the native heap
# Possible solutions:
#   Reduce memory load on the system
#   Increase physical memory or swap space
#   Check if swap backing store is full
#   Decrease Java heap size (-Xmx/-Xms)
#   Decrease number of Java threads
#   Decrease Java thread stack sizes (-Xss)
#   Set larger code cache with -XX:ReservedCodeCacheSize=
#   JVM is running with Unscaled Compressed Oops mode in which the Java heap is
#     placed in the first 4GB address space. The Java Heap base address is the
#     maximum limit for the native heap growth. Please use -XX:HeapBaseMinAddress
#     to set the Java Heap base and to place the Java Heap above 4GB virtual address.
# This output file may be truncated or incomplete.
#
#  Out of Memory Error (arena.cpp:189), pid=23176, tid=22796
#
# JRE version: Java(TM) SE Runtime Environment (17.0.12+8) (build 17.0.12+8-LTS-286)
# Java VM: Java HotSpot(TM) 64-Bit Server VM (17.0.12+8-LTS-286, mixed mode, sharing, tiered, compressed oops, compressed class ptrs, g1 gc, windows-amd64)
# No core dump will be written. Minidumps are not enabled by default on client versions of Windows
#

---------------  S U M M A R Y ------------

Command Line: -Dfile.encoding=UTF-8 --module-path=C:\Users\DTech\Documents\NetBeansProjects\bank management system\build\classes bank.management.system.Login

Host: Intel(R) Core(TM) i5-6300U CPU @ 2.40GHz, 4 cores, 7G,  Windows 10 , 64 bit Build 19041 (10.0.19041.5198)
Time: Mon Jan 27 14:53:08 2025 Pakistan Standard Time elapsed time: 25.024569 seconds (0d 0h 0m 25s)

---------------  T H R E A D  ---------------

Current thread (0x000001af8cc2e760):  JavaThread "C2 CompilerThread1" daemon [_thread_in_native, id=22796, stack(0x0000001c1cb00000,0x0000001c1cc00000)]


Current CompileTask:
C2:  25024 2789       4       java.lang.invoke.LambdaForm$Name::replaceNames (175 bytes)

Stack: [0x0000001c1cb00000,0x0000001c1cc00000]
Native frames: (J=compiled Java code, j=interpreted, Vv=VM code, C=native code)
V  [jvm.dll+0x67a04a]
V  [jvm.dll+0x7da4ed]
V  [jvm.dll+0x7dbe33]
V  [jvm.dll+0x7dc4a3]
V  [jvm.dll+0x24508f]
V  [jvm.dll+0xab773]
V  [jvm.dll+0xabd3c]
V  [jvm.dll+0x2aa52f]
V  [jvm.dll+0x581eb9]
V  [jvm.dll+0x21f422]
V  [jvm.dll+0x21856c]
V  [jvm.dll+0x215b65]
V  [jvm.dll+0x1a2960]
V  [jvm.dll+0x22610b]
V  [jvm.dll+0x2242ab]
V  [jvm.dll+0x79075c]
V  [jvm.dll+0x78abea]
V  [jvm.dll+0x678f35]
C  [ucrtbase.dll+0x21bb2]
C  [KERNEL32.DLL+0x17374]
C  [ntdll.dll+0x4cc91]


---------------  P R O C E S S  ---------------

Threads class SMR info:
_java_thread_list=0x000001af8ca116e0, length=19, elements={
0x000001af45a25ea0, 0x000001af45a26d20, 0x000001af45a35310, 0x000001af45a35dd0,
0x000001af45a36790, 0x000001af45a37150, 0x000001af45a37e40, 0x000001af45a3c910,
0x000001af45a49830, 0x000001af45c00750, 0x000001af45cf9ad0, 0x000001af45eb82b0,
0x000001af45eb8790, 0x000001af45ebe550, 0x000001af45f5c020, 0x000001af45f6e8c0,
0x000001af45f6fd00, 0x000001af45f6edd0, 0x000001af8cc2e760
}

Java Threads: ( => current thread )
  0x000001af45a25ea0 JavaThread "Reference Handler" daemon [_thread_blocked, id=6256, stack(0x0000001c1ba00000,0x0000001c1bb00000)]
  0x000001af45a26d20 JavaThread "Finalizer" daemon [_thread_blocked, id=18804, stack(0x0000001c1bb00000,0x0000001c1bc00000)]
  0x000001af45a35310 JavaThread "Signal Dispatcher" daemon [_thread_blocked, id=20452, stack(0x0000001c1bc00000,0x0000001c1bd00000)]
  0x000001af45a35dd0 JavaThread "Attach Listener" daemon [_thread_blocked, id=17324, stack(0x0000001c1bd00000,0x0000001c1be00000)]
  0x000001af45a36790 JavaThread "Service Thread" daemon [_thread_blocked, id=23448, stack(0x0000001c1be00000,0x0000001c1bf00000)]
  0x000001af45a37150 JavaThread "Monitor Deflation Thread" daemon [_thread_blocked, id=13484, stack(0x0000001c1bf00000,0x0000001c1c000000)]
  0x000001af45a37e40 JavaThread "C2 CompilerThread0" daemon [_thread_in_native, id=22608, stack(0x0000001c1c000000,0x0000001c1c100000)]
  0x000001af45a3c910 JavaThread "C1 CompilerThread0" daemon [_thread_blocked, id=13860, stack(0x0000001c1c100000,0x0000001c1c200000)]
  0x000001af45a49830 JavaThread "Sweeper thread" daemon [_thread_blocked, id=22672, stack(0x0000001c1c200000,0x0000001c1c300000)]
  0x000001af45c00750 JavaThread "Common-Cleaner" daemon [_thread_blocked, id=10732, stack(0x0000001c1c300000,0x0000001c1c400000)]
  0x000001af45cf9ad0 JavaThread "Notification Thread" daemon [_thread_blocked, id=21788, stack(0x0000001c1c400000,0x0000001c1c500000)]
  0x000001af45eb82b0 JavaThread "Java2D Disposer" daemon [_thread_blocked, id=8080, stack(0x0000001c1c700000,0x0000001c1c800000)]
  0x000001af45eb8790 JavaThread "AWT-Shutdown" [_thread_blocked, id=22532, stack(0x0000001c1c800000,0x0000001c1c900000)]
  0x000001af45ebe550 JavaThread "AWT-Windows" daemon [_thread_in_native, id=20732, stack(0x0000001c1c900000,0x0000001c1ca00000)]
  0x000001af45f5c020 JavaThread "AWT-EventQueue-0" [_thread_blocked, id=800, stack(0x0000001c1cc00000,0x0000001c1cd00000)]
  0x000001af45f6e8c0 JavaThread "DestroyJavaVM" [_thread_blocked, id=5188, stack(0x0000001c1b300000,0x0000001c1b400000)]
  0x000001af45f6fd00 JavaThread "TimerQueue" daemon [_thread_blocked, id=3876, stack(0x0000001c1d400000,0x0000001c1d500000)]
  0x000001af45f6edd0 JavaThread "mysql-cj-abandoned-connection-cleanup" daemon [_thread_blocked, id=20676, stack(0x0000001c1ca00000,0x0000001c1cb00000)]
=>0x000001af8cc2e760 JavaThread "C2 CompilerThread1" daemon [_thread_in_native, id=22796, stack(0x0000001c1cb00000,0x0000001c1cc00000)]

Other Threads:
  0x000001af45a1fe80 VMThread "VM Thread" [stack: 0x0000001c1b900000,0x0000001c1ba00000] [id=14568]
  0x000001af45cc9ea0 WatcherThread [stack: 0x0000001c1c500000,0x0000001c1c600000] [id=19536]
  0x000001af2820b510 GCTaskThread "GC Thread#0" [stack: 0x0000001c1b400000,0x0000001c1b500000] [id=16428]
  0x000001af45fcafe0 GCTaskThread "GC Thread#1" [stack: 0x0000001c1d000000,0x0000001c1d100000] [id=10296]
  0x000001af45fcd1f0 GCTaskThread "GC Thread#2" [stack: 0x0000001c1d100000,0x0000001c1d200000] [id=20144]
  0x000001af45fcd4b0 GCTaskThread "GC Thread#3" [stack: 0x0000001c1d200000,0x0000001c1d300000] [id=14740]
  0x000001af2821d4b0 ConcurrentGCThread "G1 Main Marker" [stack: 0x0000001c1b500000,0x0000001c1b600000] [id=20632]
  0x000001af2821dec0 ConcurrentGCThread "G1 Conc#0" [stack: 0x0000001c1b600000,0x0000001c1b700000] [id=18732]
  0x000001af28285b20 ConcurrentGCThread "G1 Refine#0" [stack: 0x0000001c1b700000,0x0000001c1b800000] [id=11408]
  0x000001af8c6643c0 ConcurrentGCThread "G1 Refine#1" [stack: 0x0000001c1d300000,0x0000001c1d400000] [id=20768]
  0x000001af28286550 ConcurrentGCThread "G1 Service" [stack: 0x0000001c1b800000,0x0000001c1b900000] [id=23260]

Threads with active compile tasks:
C2 CompilerThread0    25087 2788       4       jdk.internal.org.objectweb.asm.Frame::execute (2305 bytes)
C2 CompilerThread1    25087 2789       4       java.lang.invoke.LambdaForm$Name::replaceNames (175 bytes)

VM state: not at safepoint (normal execution)

VM Mutex/Monitor currently owned by a thread: None

Heap address: 0x0000000081e00000, size: 2018 MB, Compressed Oops mode: 32-bit

CDS archive(s) mapped at: [0x000001af46000000-0x000001af46bd0000-0x000001af46bd0000), size 12386304, SharedBaseAddress: 0x000001af46000000, ArchiveRelocationMode: 1.
Compressed class space mapped at: 0x000001af47000000-0x000001af87000000, reserved size: 1073741824
Narrow klass base: 0x000001af46000000, Narrow klass shift: 0, Narrow klass range: 0x100000000

GC Precious Log:
 CPUs: 4 total, 4 available
 Memory: 8067M
 Large Page Support: Disabled
 NUMA Support: Disabled
 Compressed Oops: Enabled (32-bit)
 Heap Region Size: 1M
 Heap Min Capacity: 8M
 Heap Initial Capacity: 128M
 Heap Max Capacity: 2018M
 Pre-touch: Disabled
 Parallel Workers: 4
 Concurrent Workers: 1
 Concurrent Refinement Workers: 4
 Periodic GC: Disabled

Heap:
 garbage-first heap   total 131072K, used 27524K [0x0000000081e00000, 0x0000000100000000)
  region size 1024K, 16 young (16384K), 2 survivors (2048K)
 Metaspace       used 20141K, committed 20480K, reserved 1114112K
  class space    used 2337K, committed 2496K, reserved 1048576K

Heap Regions: E=young(eden), S=young(survivor), O=old, HS=humongous(starts), HC=humongous(continues), CS=collection set, F=free, OA=open archive, CA=closed archive, TAMS=top-at-mark-start (previous, next)
|   0|0x0000000081e00000, 0x0000000081f00000, 0x0000000081f00000|100%|HS|  |TAMS 0x0000000081e00000, 0x0000000081e00000| Complete 
|   1|0x0000000081f00000, 0x0000000082000000, 0x0000000082000000|100%|HC|  |TAMS 0x0000000081f00000, 0x0000000081f00000| Complete 
|   2|0x0000000082000000, 0x0000000082100000, 0x0000000082100000|100%|HC|  |TAMS 0x0000000082000000, 0x0000000082000000| Complete 
|   3|0x0000000082100000, 0x0000000082200000, 0x0000000082200000|100%| O|  |TAMS 0x0000000082100000, 0x0000000082100000| Untracked 
|   4|0x0000000082200000, 0x0000000082300000, 0x0000000082300000|100%| O|  |TAMS 0x0000000082200000, 0x0000000082200000| Untracked 
|   5|0x0000000082300000, 0x0000000082400000, 0x0000000082400000|100%| O|  |TAMS 0x0000000082300000, 0x0000000082300000| Untracked 
|   6|0x0000000082400000, 0x0000000082500000, 0x0000000082500000|100%|HS|  |TAMS 0x0000000082400000, 0x0000000082400000| Complete 
|   7|0x0000000082500000, 0x0000000082600000, 0x0000000082600000|100%|HC|  |TAMS 0x0000000082500000, 0x0000000082500000| Complete 
|   8|0x0000000082600000, 0x0000000082700000, 0x0000000082700000|100%|HC|  |TAMS 0x0000000082600000, 0x0000000082600000| Complete 
|   9|0x0000000082700000, 0x0000000082800000, 0x0000000082800000|100%|HC|  |TAMS 0x0000000082700000, 0x0000000082700000| Complete 
|  10|0x0000000082800000, 0x0000000082900000, 0x0000000082900000|100%|HC|  |TAMS 0x0000000082800000, 0x0000000082800000| Complete 
|  11|0x0000000082900000, 0x0000000082a00000, 0x0000000082a00000|100%|HC|  |TAMS 0x0000000082900000, 0x0000000082900000| Complete 
|  12|0x0000000082a00000, 0x0000000082b00000, 0x0000000082b00000|100%| O|  |TAMS 0x0000000082a00000, 0x0000000082a00000| Untracked 
|  13|0x0000000082b00000, 0x0000000082b22000, 0x0000000082c00000| 13%| O|  |TAMS 0x0000000082b00000, 0x0000000082b00000| Untracked 
|  14|0x0000000082c00000, 0x0000000082c00000, 0x0000000082d00000|  0%| F|  |TAMS 0x0000000082c00000, 0x0000000082c00000| Untracked 
|  15|0x0000000082d00000, 0x0000000082d00000, 0x0000000082e00000|  0%| F|  |TAMS 0x0000000082d00000, 0x0000000082d00000| Untracked 
|  16|0x0000000082e00000, 0x0000000082e00000, 0x0000000082f00000|  0%| F|  |TAMS 0x0000000082e00000, 0x0000000082e00000| Untracked 
|  17|0x0000000082f00000, 0x0000000082f00000, 0x0000000083000000|  0%| F|  |TAMS 0x0000000082f00000, 0x0000000082f00000| Untracked 
|  18|0x0000000083000000, 0x0000000083000000, 0x0000000083100000|  0%| F|  |TAMS 0x0000000083000000, 0x0000000083000000| Untracked 
|  19|0x0000000083100000, 0x0000000083100000, 0x0000000083200000|  0%| F|  |TAMS 0x0000000083100000, 0x0000000083100000| Untracked 
|  20|0x0000000083200000, 0x0000000083200000, 0x0000000083300000|  0%| F|  |TAMS 0x0000000083200000, 0x0000000083200000| Untracked 
|  21|0x0000000083300000, 0x0000000083300000, 0x0000000083400000|  0%| F|  |TAMS 0x0000000083300000, 0x0000000083300000| Untracked 
|  22|0x0000000083400000, 0x0000000083400000, 0x0000000083500000|  0%| F|  |TAMS 0x0000000083400000, 0x0000000083400000| Untracked 
|  23|0x0000000083500000, 0x0000000083500000, 0x0000000083600000|  0%| F|  |TAMS 0x0000000083500000, 0x0000000083500000| Untracked 
|  24|0x0000000083600000, 0x0000000083600000, 0x0000000083700000|  0%| F|  |TAMS 0x0000000083600000, 0x0000000083600000| Untracked 
|  25|0x0000000083700000, 0x0000000083700000, 0x0000000083800000|  0%| F|  |TAMS 0x0000000083700000, 0x0000000083700000| Untracked 
|  26|0x0000000083800000, 0x0000000083800000, 0x0000000083900000|  0%| F|  |TAMS 0x0000000083800000, 0x0000000083800000| Untracked 
|  27|0x0000000083900000, 0x0000000083900000, 0x0000000083a00000|  0%| F|  |TAMS 0x0000000083900000, 0x0000000083900000| Untracked 
|  28|0x0000000083a00000, 0x0000000083a00000, 0x0000000083b00000|  0%| F|  |TAMS 0x0000000083a00000, 0x0000000083a00000| Untracked 
|  29|0x0000000083b00000, 0x0000000083b00000, 0x0000000083c00000|  0%| F|  |TAMS 0x0000000083b00000, 0x0000000083b00000| Untracked 
|  30|0x0000000083c00000, 0x0000000083c00000, 0x0000000083d00000|  0%| F|  |TAMS 0x0000000083c00000, 0x0000000083c00000| Untracked 
|  31|0x0000000083d00000, 0x0000000083d00000, 0x0000000083e00000|  0%| F|  |TAMS 0x0000000083d00000, 0x0000000083d00000| Untracked 
|  32|0x0000000083e00000, 0x0000000083e00000, 0x0000000083f00000|  0%| F|  |TAMS 0x0000000083e00000, 0x0000000083e00000| Untracked 
|  33|0x0000000083f00000, 0x0000000083f00000, 0x0000000084000000|  0%| F|  |TAMS 0x0000000083f00000, 0x0000000083f00000| Untracked 
|  34|0x0000000084000000, 0x0000000084000000, 0x0000000084100000|  0%| F|  |TAMS 0x0000000084000000, 0x0000000084000000| Untracked 
|  35|0x0000000084100000, 0x0000000084100000, 0x0000000084200000|  0%| F|  |TAMS 0x0000000084100000, 0x0000000084100000| Untracked 
|  36|0x0000000084200000, 0x0000000084200000, 0x0000000084300000|  0%| F|  |TAMS 0x0000000084200000, 0x0000000084200000| Untracked 
|  37|0x0000000084300000, 0x0000000084300000, 0x0000000084400000|  0%| F|  |TAMS 0x0000000084300000, 0x0000000084300000| Untracked 
|  38|0x0000000084400000, 0x0000000084400000, 0x0000000084500000|  0%| F|  |TAMS 0x0000000084400000, 0x0000000084400000| Untracked 
|  39|0x0000000084500000, 0x0000000084500000, 0x0000000084600000|  0%| F|  |TAMS 0x0000000084500000, 0x0000000084500000| Untracked 
|  40|0x0000000084600000, 0x0000000084600000, 0x0000000084700000|  0%| F|  |TAMS 0x0000000084600000, 0x0000000084600000| Untracked 
|  41|0x0000000084700000, 0x0000000084700000, 0x0000000084800000|  0%| F|  |TAMS 0x0000000084700000, 0x0000000084700000| Untracked 
|  42|0x0000000084800000, 0x0000000084800000, 0x0000000084900000|  0%| F|  |TAMS 0x0000000084800000, 0x0000000084800000| Untracked 
|  43|0x0000000084900000, 0x0000000084900000, 0x0000000084a00000|  0%| F|  |TAMS 0x0000000084900000, 0x0000000084900000| Untracked 
|  44|0x0000000084a00000, 0x0000000084a00000, 0x0000000084b00000|  0%| F|  |TAMS 0x0000000084a00000, 0x0000000084a00000| Untracked 
|  45|0x0000000084b00000, 0x0000000084b00000, 0x0000000084c00000|  0%| F|  |TAMS 0x0000000084b00000, 0x0000000084b00000| Untracked 
|  46|0x0000000084c00000, 0x0000000084c00000, 0x0000000084d00000|  0%| F|  |TAMS 0x0000000084c00000, 0x0000000084c00000| Untracked 
|  47|0x0000000084d00000, 0x0000000084d00000, 0x0000000084e00000|  0%| F|  |TAMS 0x0000000084d00000, 0x0000000084d00000| Untracked 
|  48|0x0000000084e00000, 0x0000000084e00000, 0x0000000084f00000|  0%| F|  |TAMS 0x0000000084e00000, 0x0000000084e00000| Untracked 
|  49|0x0000000084f00000, 0x0000000084f00000, 0x0000000085000000|  0%| F|  |TAMS 0x0000000084f00000, 0x0000000084f00000| Untracked 
|  50|0x0000000085000000, 0x0000000085000000, 0x0000000085100000|  0%| F|  |TAMS 0x0000000085000000, 0x0000000085000000| Untracked 
|  51|0x0000000085100000, 0x0000000085100000, 0x0000000085200000|  0%| F|  |TAMS 0x0000000085100000, 0x0000000085100000| Untracked 
|  52|0x0000000085200000, 0x0000000085200000, 0x0000000085300000|  0%| F|  |TAMS 0x0000000085200000, 0x0000000085200000| Untracked 
|  53|0x0000000085300000, 0x0000000085300000, 0x0000000085400000|  0%| F|  |TAMS 0x0000000085300000, 0x0000000085300000| Untracked 
|  54|0x0000000085400000, 0x0000000085400000, 0x0000000085500000|  0%| F|  |TAMS 0x0000000085400000, 0x0000000085400000| Untracked 
|  55|0x0000000085500000, 0x0000000085500000, 0x0000000085600000|  0%| F|  |TAMS 0x0000000085500000, 0x0000000085500000| Untracked 
|  56|0x0000000085600000, 0x0000000085600000, 0x0000000085700000|  0%| F|  |TAMS 0x0000000085600000, 0x0000000085600000| Untracked 
|  57|0x0000000085700000, 0x0000000085700000, 0x0000000085800000|  0%| F|  |TAMS 0x0000000085700000, 0x0000000085700000| Untracked 
|  58|0x0000000085800000, 0x0000000085800000, 0x0000000085900000|  0%| F|  |TAMS 0x0000000085800000, 0x0000000085800000| Untracked 
|  59|0x0000000085900000, 0x0000000085900000, 0x0000000085a00000|  0%| F|  |TAMS 0x0000000085900000, 0x0000000085900000| Untracked 
|  60|0x0000000085a00000, 0x0000000085a00000, 0x0000000085b00000|  0%| F|  |TAMS 0x0000000085a00000, 0x0000000085a00000| Untracked 
|  61|0x0000000085b00000, 0x0000000085b00000, 0x0000000085c00000|  0%| F|  |TAMS 0x0000000085b00000, 0x0000000085b00000| Untracked 
|  62|0x0000000085c00000, 0x0000000085c00000, 0x0000000085d00000|  0%| F|  |TAMS 0x0000000085c00000, 0x0000000085c00000| Untracked 
|  63|0x0000000085d00000, 0x0000000085d00000, 0x0000000085e00000|  0%| F|  |TAMS 0x0000000085d00000, 0x0000000085d00000| Untracked 
|  64|0x0000000085e00000, 0x0000000085e00000, 0x0000000085f00000|  0%| F|  |TAMS 0x0000000085e00000, 0x0000000085e00000| Untracked 
|  65|0x0000000085f00000, 0x0000000085f00000, 0x0000000086000000|  0%| F|  |TAMS 0x0000000085f00000, 0x0000000085f00000| Untracked 
|  66|0x0000000086000000, 0x0000000086000000, 0x0000000086100000|  0%| F|  |TAMS 0x0000000086000000, 0x0000000086000000| Untracked 
|  67|0x0000000086100000, 0x0000000086100000, 0x0000000086200000|  0%| F|  |TAMS 0x0000000086100000, 0x0000000086100000| Untracked 
|  68|0x0000000086200000, 0x0000000086200000, 0x0000000086300000|  0%| F|  |TAMS 0x0000000086200000, 0x0000000086200000| Untracked 
|  69|0x0000000086300000, 0x0000000086300000, 0x0000000086400000|  0%| F|  |TAMS 0x0000000086300000, 0x0000000086300000| Untracked 
|  70|0x0000000086400000, 0x0000000086400000, 0x0000000086500000|  0%| F|  |TAMS 0x0000000086400000, 0x0000000086400000| Untracked 
|  71|0x0000000086500000, 0x0000000086500000, 0x0000000086600000|  0%| F|  |TAMS 0x0000000086500000, 0x0000000086500000| Untracked 
|  72|0x0000000086600000, 0x0000000086600000, 0x0000000086700000|  0%| F|  |TAMS 0x0000000086600000, 0x0000000086600000| Untracked 
|  73|0x0000000086700000, 0x0000000086700000, 0x0000000086800000|  0%| F|  |TAMS 0x0000000086700000, 0x0000000086700000| Untracked 
|  74|0x0000000086800000, 0x0000000086800000, 0x0000000086900000|  0%| F|  |TAMS 0x0000000086800000, 0x0000000086800000| Untracked 
|  75|0x0000000086900000, 0x0000000086900000, 0x0000000086a00000|  0%| F|  |TAMS 0x0000000086900000, 0x0000000086900000| Untracked 
|  76|0x0000000086a00000, 0x0000000086a00000, 0x0000000086b00000|  0%| F|  |TAMS 0x0000000086a00000, 0x0000000086a00000| Untracked 
|  77|0x0000000086b00000, 0x0000000086b00000, 0x0000000086c00000|  0%| F|  |TAMS 0x0000000086b00000, 0x0000000086b00000| Untracked 
|  78|0x0000000086c00000, 0x0000000086c00000, 0x0000000086d00000|  0%| F|  |TAMS 0x0000000086c00000, 0x0000000086c00000| Untracked 
|  79|0x0000000086d00000, 0x0000000086d00000, 0x0000000086e00000|  0%| F|  |TAMS 0x0000000086d00000, 0x0000000086d00000| Untracked 
|  80|0x0000000086e00000, 0x0000000086e00000, 0x0000000086f00000|  0%| F|  |TAMS 0x0000000086e00000, 0x0000000086e00000| Untracked 
|  81|0x0000000086f00000, 0x0000000086f00000, 0x0000000087000000|  0%| F|  |TAMS 0x0000000086f00000, 0x0000000086f00000| Untracked 
|  82|0x0000000087000000, 0x0000000087000000, 0x0000000087100000|  0%| F|  |TAMS 0x0000000087000000, 0x0000000087000000| Untracked 
|  83|0x0000000087100000, 0x0000000087100000, 0x0000000087200000|  0%| F|  |TAMS 0x0000000087100000, 0x0000000087100000| Untracked 
|  84|0x0000000087200000, 0x0000000087200000, 0x0000000087300000|  0%| F|  |TAMS 0x0000000087200000, 0x0000000087200000| Untracked 
|  85|0x0000000087300000, 0x0000000087300000, 0x0000000087400000|  0%| F|  |TAMS 0x0000000087300000, 0x0000000087300000| Untracked 
|  86|0x0000000087400000, 0x0000000087400000, 0x0000000087500000|  0%| F|  |TAMS 0x0000000087400000, 0x0000000087400000| Untracked 
|  87|0x0000000087500000, 0x0000000087500000, 0x0000000087600000|  0%| F|  |TAMS 0x0000000087500000, 0x0000000087500000| Untracked 
|  88|0x0000000087600000, 0x0000000087600000, 0x0000000087700000|  0%| F|  |TAMS 0x0000000087600000, 0x0000000087600000| Untracked 
|  89|0x0000000087700000, 0x0000000087700000, 0x0000000087800000|  0%| F|  |TAMS 0x0000000087700000, 0x0000000087700000| Untracked 
|  90|0x0000000087800000, 0x0000000087800000, 0x0000000087900000|  0%| F|  |TAMS 0x0000000087800000, 0x0000000087800000| Untracked 
|  91|0x0000000087900000, 0x0000000087900000, 0x0000000087a00000|  0%| F|  |TAMS 0x0000000087900000, 0x0000000087900000| Untracked 
|  92|0x0000000087a00000, 0x0000000087a00000, 0x0000000087b00000|  0%| F|  |TAMS 0x0000000087a00000, 0x0000000087a00000| Untracked 
|  93|0x0000000087b00000, 0x0000000087b00000, 0x0000000087c00000|  0%| F|  |TAMS 0x0000000087b00000, 0x0000000087b00000| Untracked 
|  94|0x0000000087c00000, 0x0000000087c00000, 0x0000000087d00000|  0%| F|  |TAMS 0x0000000087c00000, 0x0000000087c00000| Untracked 
|  95|0x0000000087d00000, 0x0000000087d00000, 0x0000000087e00000|  0%| F|  |TAMS 0x0000000087d00000, 0x0000000087d00000| Untracked 
|  96|0x0000000087e00000, 0x0000000087e00000, 0x0000000087f00000|  0%| F|  |TAMS 0x0000000087e00000, 0x0000000087e00000| Untracked 
|  97|0x0000000087f00000, 0x0000000087f00000, 0x0000000088000000|  0%| F|  |TAMS 0x0000000087f00000, 0x0000000087f00000| Untracked 
|  98|0x0000000088000000, 0x0000000088000000, 0x0000000088100000|  0%| F|  |TAMS 0x0000000088000000, 0x0000000088000000| Untracked 
|  99|0x0000000088100000, 0x0000000088100000, 0x0000000088200000|  0%| F|  |TAMS 0x0000000088100000, 0x0000000088100000| Untracked 
| 100|0x0000000088200000, 0x0000000088200000, 0x0000000088300000|  0%| F|  |TAMS 0x0000000088200000, 0x0000000088200000| Untracked 
| 101|0x0000000088300000, 0x0000000088300000, 0x0000000088400000|  0%| F|  |TAMS 0x0000000088300000, 0x0000000088300000| Untracked 
| 102|0x0000000088400000, 0x0000000088400000, 0x0000000088500000|  0%| F|  |TAMS 0x0000000088400000, 0x0000000088400000| Untracked 
| 103|0x0000000088500000, 0x0000000088500000, 0x0000000088600000|  0%| F|  |TAMS 0x0000000088500000, 0x0000000088500000| Untracked 
| 104|0x0000000088600000, 0x0000000088600000, 0x0000000088700000|  0%| F|  |TAMS 0x0000000088600000, 0x0000000088600000| Untracked 
| 105|0x0000000088700000, 0x0000000088700000, 0x0000000088800000|  0%| F|  |TAMS 0x0000000088700000, 0x0000000088700000| Untracked 
| 106|0x0000000088800000, 0x0000000088800000, 0x0000000088900000|  0%| F|  |TAMS 0x0000000088800000, 0x0000000088800000| Untracked 
| 107|0x0000000088900000, 0x0000000088900000, 0x0000000088a00000|  0%| F|  |TAMS 0x0000000088900000, 0x0000000088900000| Untracked 
| 108|0x0000000088a00000, 0x0000000088a00000, 0x0000000088b00000|  0%| F|  |TAMS 0x0000000088a00000, 0x0000000088a00000| Untracked 
| 109|0x0000000088b00000, 0x0000000088b00000, 0x0000000088c00000|  0%| F|  |TAMS 0x0000000088b00000, 0x0000000088b00000| Untracked 
| 110|0x0000000088c00000, 0x0000000088c00000, 0x0000000088d00000|  0%| F|  |TAMS 0x0000000088c00000, 0x0000000088c00000| Untracked 
| 111|0x0000000088d00000, 0x0000000088d00000, 0x0000000088e00000|  0%| F|  |TAMS 0x0000000088d00000, 0x0000000088d00000| Untracked 
| 112|0x0000000088e00000, 0x0000000088e89e50, 0x0000000088f00000| 53%| E|  |TAMS 0x0000000088e00000, 0x0000000088e00000| Complete 
| 113|0x0000000088f00000, 0x0000000089000000, 0x0000000089000000|100%| E|CS|TAMS 0x0000000088f00000, 0x0000000088f00000| Complete 
| 114|0x0000000089000000, 0x0000000089100000, 0x0000000089100000|100%| E|CS|TAMS 0x0000000089000000, 0x0000000089000000| Complete 
| 115|0x0000000089100000, 0x0000000089200000, 0x0000000089200000|100%| E|CS|TAMS 0x0000000089100000, 0x0000000089100000| Complete 
| 116|0x0000000089200000, 0x00000000892bf2a8, 0x0000000089300000| 74%| S|CS|TAMS 0x0000000089200000, 0x0000000089200000| Complete 
| 117|0x0000000089300000, 0x0000000089400000, 0x0000000089400000|100%| S|CS|TAMS 0x0000000089300000, 0x0000000089300000| Complete 
| 118|0x0000000089400000, 0x0000000089500000, 0x0000000089500000|100%| E|CS|TAMS 0x0000000089400000, 0x0000000089400000| Complete 
| 119|0x0000000089500000, 0x0000000089600000, 0x0000000089600000|100%| E|CS|TAMS 0x0000000089500000, 0x0000000089500000| Complete 
| 120|0x0000000089600000, 0x0000000089700000, 0x0000000089700000|100%| E|CS|TAMS 0x0000000089600000, 0x0000000089600000| Complete 
| 121|0x0000000089700000, 0x0000000089800000, 0x0000000089800000|100%| E|CS|TAMS 0x0000000089700000, 0x0000000089700000| Complete 
| 122|0x0000000089800000, 0x0000000089900000, 0x0000000089900000|100%| E|CS|TAMS 0x0000000089800000, 0x0000000089800000| Complete 
| 123|0x0000000089900000, 0x0000000089a00000, 0x0000000089a00000|100%| E|CS|TAMS 0x0000000089900000, 0x0000000089900000| Complete 
| 124|0x0000000089a00000, 0x0000000089b00000, 0x0000000089b00000|100%| E|  |TAMS 0x0000000089a00000, 0x0000000089a00000| Complete 
| 125|0x0000000089b00000, 0x0000000089c00000, 0x0000000089c00000|100%| E|CS|TAMS 0x0000000089b00000, 0x0000000089b00000| Complete 
| 126|0x0000000089c00000, 0x0000000089d00000, 0x0000000089d00000|100%| E|CS|TAMS 0x0000000089c00000, 0x0000000089c00000| Complete 
| 127|0x0000000089d00000, 0x0000000089e00000, 0x0000000089e00000|100%| E|CS|TAMS 0x0000000089d00000, 0x0000000089d00000| Complete 

Card table byte_map: [0x000001af3ee80000,0x000001af3f280000] _byte_map_base: 0x000001af3ea71000

Marking Bits (Prev, Next): (CMBitMap*) 0x000001af2820cf40, (CMBitMap*) 0x000001af2820cf80
 Prev Bits: [0x000001af3f680000, 0x000001af41608000)
 Next Bits: [0x000001af41610000, 0x000001af43598000)

Polling page: 0x000001af27990000

Metaspace:

Usage:
  Non-class:     17.39 MB used.
      Class:      2.28 MB used.
       Both:     19.67 MB used.

Virtual space:
  Non-class space:       64.00 MB reserved,      17.56 MB ( 27%) committed,  1 nodes.
      Class space:        1.00 GB reserved,       2.44 MB ( <1%) committed,  1 nodes.
             Both:        1.06 GB reserved,      20.00 MB (  2%) committed. 

Chunk freelists:
   Non-Class:  14.49 MB
       Class:  13.62 MB
        Both:  28.10 MB

MaxMetaspaceSize: unlimited
CompressedClassSpaceSize: 1.00 GB
Initial GC threshold: 21.00 MB
Current GC threshold: 21.00 MB
CDS: on
MetaspaceReclaimPolicy: balanced
 - commit_granule_bytes: 65536.
 - commit_granule_words: 8192.
 - virtual_space_node_default_size: 8388608.
 - enlarge_chunks_in_place: 1.
 - new_chunks_are_fully_committed: 0.
 - uncommit_free_chunks: 1.
 - use_allocation_guard: 0.
 - handle_deallocations: 1.


Internal statistics:

num_allocs_failed_limit: 0.
num_arena_births: 292.
num_arena_deaths: 0.
num_vsnodes_births: 2.
num_vsnodes_deaths: 0.
num_space_committed: 320.
num_space_uncommitted: 0.
num_chunks_returned_to_freelist: 0.
num_chunks_taken_from_freelist: 558.
num_chunk_merges: 0.
num_chunk_splits: 320.
num_chunks_enlarged: 148.
num_inconsistent_stats: 0.

CodeHeap 'non-profiled nmethods': size=120000Kb used=897Kb max_used=897Kb free=119102Kb
 bounds [0x000001af37550000, 0x000001af377c0000, 0x000001af3ea80000]
CodeHeap 'profiled nmethods': size=120000Kb used=5368Kb max_used=5368Kb free=114631Kb
 bounds [0x000001af2fa80000, 0x000001af2ffc0000, 0x000001af36fb0000]
CodeHeap 'non-nmethods': size=5760Kb used=1403Kb max_used=1423Kb free=4357Kb
 bounds [0x000001af36fb0000, 0x000001af37220000, 0x000001af37550000]
 total_blobs=3556 nmethods=2802 adapters=666
 compilation: enabled
              stopped_count=0, restarted_count=0
 full_count=0

Compilation events (20 events):
Event: 24.973 Thread 0x000001af8cc2e760 2789       4       java.lang.invoke.LambdaForm$Name::replaceNames (175 bytes)
Event: 24.974 Thread 0x000001af45a3c910 nmethod 2795 0x000001af2ffb9710 code [0x000001af2ffb99a0, 0x000001af2ffba9b8]
Event: 24.974 Thread 0x000001af45a3c910 2796       3       java.lang.invoke.InvokerBytecodeGenerator::<init> (80 bytes)
Event: 24.975 Thread 0x000001af45a3c910 nmethod 2796 0x000001af2ffbae90 code [0x000001af2ffbb060, 0x000001af2ffbb408]
Event: 24.975 Thread 0x000001af45a3c910 2798       3       jdk.internal.org.objectweb.asm.AnnotationWriter::visitEnd (44 bytes)
Event: 24.975 Thread 0x000001af45a3c910 nmethod 2798 0x000001af2ffbb690 code [0x000001af2ffbb820, 0x000001af2ffbb9b8]
Event: 24.975 Thread 0x000001af45a3c910 2800       3       jdk.internal.org.objectweb.asm.AnnotationVisitor::<init> (88 bytes)
Event: 24.976 Thread 0x000001af45a3c910 nmethod 2800 0x000001af2ffbbb10 code [0x000001af2ffbbd60, 0x000001af2ffbc648]
Event: 24.976 Thread 0x000001af45a3c910 2797       1       java.lang.invoke.InvokerBytecodeGenerator::setClassWriter (6 bytes)
Event: 24.976 Thread 0x000001af45a3c910 nmethod 2797 0x000001af3762fa90 code [0x000001af3762fc20, 0x000001af3762fd38]
Event: 24.976 Thread 0x000001af45a3c910 2799       1       java.lang.Class::getClassData (5 bytes)
Event: 24.976 Thread 0x000001af45a3c910 nmethod 2799 0x000001af3762fd90 code [0x000001af3762ff20, 0x000001af3762fff8]
Event: 24.977 Thread 0x000001af45a3c910 2803       3       java.lang.invoke.LambdaForm::methodType (48 bytes)
Event: 24.978 Thread 0x000001af45a3c910 nmethod 2803 0x000001af2ffbc910 code [0x000001af2ffbcb00, 0x000001af2ffbd0f8]
Event: 24.978 Thread 0x000001af45a3c910 2804       1       com.sun.crypto.provider.AESCrypt::getBlockSize (3 bytes)
Event: 24.978 Thread 0x000001af45a3c910 nmethod 2804 0x000001af37630390 code [0x000001af37630520, 0x000001af376305f8]
Event: 25.009 Thread 0x000001af45a3c910 2806       3       sun.java2d.SurfaceData::canRenderParallelograms (137 bytes)
Event: 25.010 Thread 0x000001af45a3c910 nmethod 2806 0x000001af2ffbd390 code [0x000001af2ffbd5a0, 0x000001af2ffbddb8]
Event: 25.010 Thread 0x000001af45a3c910 2805       3       javax.swing.JComponent::isOpaque (6 bytes)
Event: 25.010 Thread 0x000001af45a3c910 nmethod 2805 0x000001af2ffbdf90 code [0x000001af2ffbe120, 0x000001af2ffbe2f8]

GC Heap History (4 events):
Event: 3.396 GC heap before
{Heap before GC invocations=0 (full 0):
 garbage-first heap   total 131072K, used 15360K [0x0000000081e00000, 0x0000000100000000)
  region size 1024K, 13 young (13312K), 0 survivors (0K)
 Metaspace       used 7964K, committed 8192K, reserved 1114112K
  class space    used 891K, committed 1024K, reserved 1048576K
}
Event: 3.407 GC heap after
{Heap after GC invocations=1 (full 0):
 garbage-first heap   total 131072K, used 7176K [0x0000000081e00000, 0x0000000100000000)
  region size 1024K, 2 young (2048K), 2 survivors (2048K)
 Metaspace       used 7964K, committed 8192K, reserved 1114112K
  class space    used 891K, committed 1024K, reserved 1048576K
}
Event: 18.595 GC heap before
{Heap before GC invocations=1 (full 0):
 garbage-first heap   total 131072K, used 22536K [0x0000000081e00000, 0x0000000100000000)
  region size 1024K, 12 young (12288K), 2 survivors (2048K)
 Metaspace       used 12217K, committed 12416K, reserved 1114112K
  class space    used 1439K, committed 1536K, reserved 1048576K
}
Event: 18.601 GC heap after
{Heap after GC invocations=2 (full 0):
 garbage-first heap   total 131072K, used 15236K [0x0000000081e00000, 0x0000000100000000)
  region size 1024K, 2 young (2048K), 2 survivors (2048K)
 Metaspace       used 12217K, committed 12416K, reserved 1114112K
  class space    used 1439K, committed 1536K, reserved 1048576K
}

Deoptimization events (20 events):
Event: 24.925 Thread 0x000001af45f5c020 Uncommon trap: trap_request=0xffffffde fr.pc=0x000001af37611004 relative=0x0000000000000264
Event: 24.925 Thread 0x000001af45f5c020 Uncommon trap: reason=class_check action=maybe_recompile pc=0x000001af37611004 method=sun.security.util.math.intpoly.IntegerPolynomial.multByInt([JJ)V @ 26 c2
Event: 24.925 Thread 0x000001af45f5c020 DEOPT PACKING pc=0x000001af37611004 sp=0x0000001c1ccfd430
Event: 24.925 Thread 0x000001af45f5c020 DEOPT UNPACKING pc=0x000001af370023a3 sp=0x0000001c1ccfd3e0 mode 2
Event: 24.925 Thread 0x000001af45f5c020 Uncommon trap: trap_request=0xffffffde fr.pc=0x000001af37611004 relative=0x0000000000000264
Event: 24.925 Thread 0x000001af45f5c020 Uncommon trap: reason=class_check action=maybe_recompile pc=0x000001af37611004 method=sun.security.util.math.intpoly.IntegerPolynomial.multByInt([JJ)V @ 26 c2
Event: 24.925 Thread 0x000001af45f5c020 DEOPT PACKING pc=0x000001af37611004 sp=0x0000001c1ccfd430
Event: 24.925 Thread 0x000001af45f5c020 DEOPT UNPACKING pc=0x000001af370023a3 sp=0x0000001c1ccfd3e0 mode 2
Event: 24.925 Thread 0x000001af45f5c020 Uncommon trap: trap_request=0xffffffde fr.pc=0x000001af37611004 relative=0x0000000000000264
Event: 24.925 Thread 0x000001af45f5c020 Uncommon trap: reason=class_check action=maybe_recompile pc=0x000001af37611004 method=sun.security.util.math.intpoly.IntegerPolynomial.multByInt([JJ)V @ 26 c2
Event: 24.925 Thread 0x000001af45f5c020 DEOPT PACKING pc=0x000001af37611004 sp=0x0000001c1ccfd430
Event: 24.925 Thread 0x000001af45f5c020 DEOPT UNPACKING pc=0x000001af370023a3 sp=0x0000001c1ccfd3e0 mode 2
Event: 24.933 Thread 0x000001af45f5c020 Uncommon trap: trap_request=0xffffff45 fr.pc=0x000001af3759a840 relative=0x00000000000001a0
Event: 24.933 Thread 0x000001af45f5c020 Uncommon trap: reason=unstable_if action=reinterpret pc=0x000001af3759a840 method=java.nio.Buffer.<init>(IIIILjdk/internal/access/foreign/MemorySegmentProxy;)V @ 50 c2
Event: 24.933 Thread 0x000001af45f5c020 DEOPT PACKING pc=0x000001af3759a840 sp=0x0000001c1ccfd790
Event: 24.933 Thread 0x000001af45f5c020 DEOPT UNPACKING pc=0x000001af370023a3 sp=0x0000001c1ccfd730 mode 2
Event: 24.934 Thread 0x000001af45f5c020 Uncommon trap: trap_request=0xffffff6e fr.pc=0x000001af37615574 relative=0x0000000000000274
Event: 24.934 Thread 0x000001af45f5c020 Uncommon trap: reason=loop_limit_check action=maybe_recompile pc=0x000001af37615574 method=java.math.BigInteger.implMulAdd([I[IIII)I @ 26 c2
Event: 24.934 Thread 0x000001af45f5c020 DEOPT PACKING pc=0x000001af37615574 sp=0x0000001c1ccfd0a0
Event: 24.934 Thread 0x000001af45f5c020 DEOPT UNPACKING pc=0x000001af370023a3 sp=0x0000001c1ccfcff0 mode 2

Classes unloaded (0 events):
No events

Classes redefined (0 events):
No events

Internal exceptions (20 events):
Event: 11.130 Thread 0x000001af45f5c020 Exception <a 'java/lang/NoSuchMethodError'{0x00000000896bdb60}: 'int java.lang.invoke.DirectMethodHandle$Holder.invokeStatic(java.lang.Object)'> (0x00000000896bdb60) 
thrown [s\open\src\hotspot\share\interpreter\linkResolver.cpp, line 759]
Event: 18.520 Thread 0x000001af45f5c020 Exception <a 'java/lang/NoSuchMethodError'{0x0000000089467930}: 'java.lang.Object java.lang.invoke.DirectMethodHandle$Holder.invokeInterface(java.lang.Object, java.lang.Object)'> (0x0000000089467930) 
thrown [s\open\src\hotspot\share\interpreter\linkResolver.cpp, line 759]
Event: 18.589 Thread 0x000001af45f5c020 Exception <a 'java/lang/NoSuchMethodError'{0x00000000894e4e40}: 'void java.lang.invoke.DirectMethodHandle$Holder.invokeStatic(java.lang.Object, java.lang.Object, java.lang.Object)'> (0x00000000894e4e40) 
thrown [s\open\src\hotspot\share\interpreter\linkResolver.cpp, line 759]
Event: 18.591 Thread 0x000001af45f5c020 Exception <a 'java/lang/NoSuchMethodError'{0x00000000894eefb8}: 'java.lang.Object java.lang.invoke.DirectMethodHandle$Holder.invokeVirtual(java.lang.Object, java.lang.Object, java.lang.Object)'> (0x00000000894eefb8) 
thrown [s\open\src\hotspot\share\interpreter\linkResolver.cpp, line 759]
Event: 18.731 Thread 0x000001af45f5c020 Exception <a 'java/lang/NoSuchMethodError'{0x0000000089aba5d8}: 'void java.lang.invoke.DirectMethodHandle$Holder.invokeStatic(java.lang.Object, java.lang.Object)'> (0x0000000089aba5d8) 
thrown [s\open\src\hotspot\share\interpreter\linkResolver.cpp, line 759]
Event: 18.823 Thread 0x000001af45f5c020 Exception <a 'java/lang/NoSuchMethodError'{0x000000008988f598}: 'void java.lang.invoke.DirectMethodHandle$Holder.invokeStaticInit(java.lang.Object, java.lang.Object)'> (0x000000008988f598) 
thrown [s\open\src\hotspot\share\interpreter\linkResolver.cpp, line 759]
Event: 18.998 Thread 0x000001af45f5c020 Exception <a 'sun/nio/fs/WindowsException'{0x00000000897c9400}> (0x00000000897c9400) 
thrown [s\open\src\hotspot\share\prims\jni.cpp, line 516]
Event: 19.044 Thread 0x000001af45f5c020 Exception <a 'java/lang/NoSuchMethodError'{0x00000000897f0d90}: 'int java.lang.invoke.DirectMethodHandle$Holder.invokeStaticInit(java.lang.Object, java.lang.Object, java.lang.Object, java.lang.Object)'> (0x00000000897f0d90) 
thrown [s\open\src\hotspot\share\interpreter\linkResolver.cpp, line 759]
Event: 19.045 Thread 0x000001af45f5c020 Exception <a 'java/lang/IncompatibleClassChangeError'{0x00000000897fa220}: Found class java.lang.Object, but interface was expected> (0x00000000897fa220) 
thrown [s\open\src\hotspot\share\interpreter\linkResolver.cpp, line 826]
Event: 19.045 Thread 0x000001af45f5c020 Exception <a 'java/lang/NoSuchMethodError'{0x00000000897ffa20}: 'int java.lang.invoke.DirectMethodHandle$Holder.invokeStaticInit(java.lang.Object, java.lang.Object)'> (0x00000000897ffa20) 
thrown [s\open\src\hotspot\share\interpreter\linkResolver.cpp, line 759]
Event: 19.134 Thread 0x000001af45f5c020 Exception <a 'java/lang/NoSuchMethodError'{0x00000000896e93d8}: 'java.lang.Object java.lang.invoke.DirectMethodHandle$Holder.invokeStaticInit(java.lang.Object, int, int, int, int)'> (0x00000000896e93d8) 
thrown [s\open\src\hotspot\share\interpreter\linkResolver.cpp, line 759]
Event: 19.247 Thread 0x000001af45f5c020 Exception <a 'java/lang/NoSuchMethodError'{0x0000000089586808}: 'java.lang.Object java.lang.invoke.DirectMethodHandle$Holder.invokeStaticInit(java.lang.Object, java.lang.Object, int, int, int, int)'> (0x0000000089586808) 
thrown [s\open\src\hotspot\share\interpreter\linkResolver.cpp, line 759]
Event: 19.601 Thread 0x000001af45f5c020 Exception <a 'java/lang/NoSuchMethodError'{0x00000000891c3220}: 'java.lang.Object java.lang.invoke.DirectMethodHandle$Holder.invokeSpecial(java.lang.Object, java.lang.Object, long, java.lang.Object, java.lang.Object, java.lang.Object, java.lang.Object, java.lang.Object, java.lang.Object, java.lang.Object, java.lang.Object, java.lang.Object, java.lang.Object, java.lang.Object)'> (0x00000000891c3220) 
thrown [s\open\src\hotspot\share\interpreter\linkResolver.cpp, line 759]
Event: 19.601 Thread 0x000001af45f5c020 Exception <a 'java/lang/NoSuchMethodError'{0x00000000891c7d18}: 'java.lang.Object java.lang.invoke.DelegatingMethodHandle$Holder.reinvoke_L(java.lang.Object, long, java.lang.Object, java.lang.Object, java.lang.Object, java.lang.Object, java.lang.Object, java.lang.Object, java.lang.Object, java.lang.Object, java.lang.Object, java.lang.Object, java.lang.Object)'> (0x00000000891c7d18) 
thrown [s\open\src\hotspot\share\interpreter\linkResolver.cpp, line 759]
Event: 19.608 Thread 0x000001af45f5c020 Exception <a 'java/lang/NoSuchMethodError'{0x0000000089011bb0}: 'java.lang.Object java.lang.invoke.DirectMethodHandle$Holder.invokeSpecial(java.lang.Object, java.lang.Object, java.lang.Object, java.lang.Object, java.lang.Object, java.lang.Object, java.lang.Object, java.lang.Object, java.lang.Object, java.lang.Object, java.lang.Object, java.lang.Object, java.lang.Object)'> (0x0000000089011bb0) 
thrown [s\open\src\hotspot\share\interpreter\linkResolver.cpp, line 759]
Event: 19.608 Thread 0x000001af45f5c020 Exception <a 'java/lang/NoSuchMethodError'{0x0000000089016688}: 'java.lang.Object java.lang.invoke.Invokers$Holder.linkToTargetMethod(java.lang.Object, java.lang.Object, java.lang.Object, java.lang.Object, java.lang.Object, java.lang.Object, java.lang.Object, java.lang.Object, java.lang.Object, java.lang.Object, java.lang.Object, java.lang.Object)'> (0x0000000089016688) 
thrown [s\open\src\hotspot\share\interpreter\linkResolver.cpp, line 759]
Event: 24.971 Thread 0x000001af45f5c020 Exception <a 'java/lang/NoSuchMethodError'{0x0000000088fce9a0}: 'java.lang.Object java.lang.invoke.DirectMethodHandle$Holder.invokeSpecial(java.lang.Object, java.lang.Object, long, java.lang.Object, java.lang.Object, java.lang.Object, java.lang.Object, java.lang.Object, java.lang.Object, java.lang.Object, java.lang.Object, java.lang.Object, java.lang.Object)'> (0x0000000088fce9a0) 
thrown [s\open\src\hotspot\share\interpreter\linkResolver.cpp, line 759]
Event: 24.971 Thread 0x000001af45f5c020 Exception <a 'java/lang/NoSuchMethodError'{0x0000000088fd32f8}: 'java.lang.Object java.lang.invoke.DelegatingMethodHandle$Holder.reinvoke_L(java.lang.Object, long, java.lang.Object, java.lang.Object, java.lang.Object, java.lang.Object, java.lang.Object, java.lang.Object, java.lang.Object, java.lang.Object, java.lang.Object, java.lang.Object)'> (0x0000000088fd32f8) 
thrown [s\open\src\hotspot\share\interpreter\linkResolver.cpp, line 759]
Event: 24.977 Thread 0x000001af45f5c020 Exception <a 'java/lang/NoSuchMethodError'{0x0000000088e0e018}: 'java.lang.Object java.lang.invoke.DirectMethodHandle$Holder.invokeSpecial(java.lang.Object, java.lang.Object, java.lang.Object, java.lang.Object, java.lang.Object, java.lang.Object, java.lang.Object, java.lang.Object, java.lang.Object, java.lang.Object, java.lang.Object, java.lang.Object)'> (0x0000000088e0e018) 
thrown [s\open\src\hotspot\share\interpreter\linkResolver.cpp, line 759]
Event: 24.977 Thread 0x000001af45f5c020 Exception <a 'java/lang/NoSuchMethodError'{0x0000000088e125b8}: 'java.lang.Object java.lang.invoke.Invokers$Holder.linkToTargetMethod(java.lang.Object, java.lang.Object, java.lang.Object, java.lang.Object, java.lang.Object, java.lang.Object, java.lang.Object, java.lang.Object, java.lang.Object, java.lang.Object, java.lang.Object)'> (0x0000000088e125b8) 
thrown [s\open\src\hotspot\share\interpreter\linkResolver.cpp, line 759]

VM Operations (20 events):
Event: 18.710 Executing VM operation: HandshakeAllThreads
Event: 18.710 Executing VM operation: HandshakeAllThreads done
Event: 18.725 Executing VM operation: HandshakeAllThreads
Event: 18.725 Executing VM operation: HandshakeAllThreads done
Event: 18.784 Executing VM operation: HandshakeAllThreads
Event: 18.785 Executing VM operation: HandshakeAllThreads done
Event: 18.833 Executing VM operation: HandshakeAllThreads
Event: 18.833 Executing VM operation: HandshakeAllThreads done
Event: 19.024 Executing VM operation: HandshakeAllThreads
Event: 19.024 Executing VM operation: HandshakeAllThreads done
Event: 19.484 Executing VM operation: HandshakeAllThreads
Event: 19.484 Executing VM operation: HandshakeAllThreads done
Event: 19.562 Executing VM operation: HandshakeAllThreads
Event: 19.562 Executing VM operation: HandshakeAllThreads done
Event: 19.591 Executing VM operation: ICBufferFull
Event: 19.591 Executing VM operation: ICBufferFull done
Event: 20.591 Executing VM operation: Cleanup
Event: 20.592 Executing VM operation: Cleanup done
Event: 21.598 Executing VM operation: Cleanup
Event: 21.598 Executing VM operation: Cleanup done

Events (20 events):
Event: 19.539 loading class sun/security/ssl/NewSessionTicket$NewSessionTicketMessage done
Event: 19.539 loading class sun/security/ssl/NewSessionTicket$T13NewSessionTicketMessage done
Event: 19.589 loading class java/util/TimerTask
Event: 19.590 loading class java/util/TimerTask done
Event: 19.611 loading class java/util/NoSuchElementException
Event: 19.613 loading class java/util/NoSuchElementException done
Event: 19.762 loading class javax/swing/event/AncestorEvent
Event: 19.762 loading class javax/swing/event/AncestorEvent done
Event: 19.819 loading class sun/java2d/pipe/ShapeSpanIterator
Event: 19.819 loading class sun/java2d/pipe/SpanIterator
Event: 19.819 loading class sun/java2d/pipe/SpanIterator done
Event: 19.819 loading class sun/awt/geom/PathConsumer2D
Event: 19.819 loading class sun/awt/geom/PathConsumer2D done
Event: 19.819 loading class sun/java2d/pipe/ShapeSpanIterator done
Event: 19.820 loading class java/awt/geom/Path2D$Float$TxIterator
Event: 19.820 loading class java/awt/geom/Path2D$Iterator
Event: 19.820 loading class java/awt/geom/Path2D$Iterator done
Event: 19.820 loading class java/awt/geom/Path2D$Float$TxIterator done
Event: 20.387 Thread 0x000001af8c7b9c40 Thread exited: 0x000001af8c7b9c40
Event: 24.935 Thread 0x000001af8cc2e760 Thread added: 0x000001af8cc2e760


Dynamic libraries:
0x00007ff79b0b0000 - 0x00007ff79b0c0000 	C:\Program Files\Java\jdk-17\bin\java.exe
0x00007ffb889f0000 - 0x00007ffb88be8000 	C:\Windows\SYSTEM32\ntdll.dll
0x00007ffb86a00000 - 0x00007ffb86ac2000 	C:\Windows\System32\KERNEL32.DLL
0x00007ffb86660000 - 0x00007ffb8695f000 	C:\Windows\System32\KERNELBASE.dll
0x00007ffb86470000 - 0x00007ffb86570000 	C:\Windows\System32\ucrtbase.dll
0x00007ffb53410000 - 0x00007ffb53429000 	C:\Program Files\Java\jdk-17\bin\jli.dll
0x00007ffb87330000 - 0x00007ffb873e1000 	C:\Windows\System32\ADVAPI32.dll
0x00007ffb88610000 - 0x00007ffb886ae000 	C:\Windows\System32\msvcrt.dll
0x00007ffb873f0000 - 0x00007ffb8748f000 	C:\Windows\System32\sechost.dll
0x00007ffb87e90000 - 0x00007ffb87fb3000 	C:\Windows\System32\RPCRT4.dll
0x00007ffb86440000 - 0x00007ffb86467000 	C:\Windows\System32\bcrypt.dll
0x00007ffb86b50000 - 0x00007ffb86ced000 	C:\Windows\System32\USER32.dll
0x00007ffb869d0000 - 0x00007ffb869f2000 	C:\Windows\System32\win32u.dll
0x00007ffb87c00000 - 0x00007ffb87c2b000 	C:\Windows\System32\GDI32.dll
0x00007ffb861c0000 - 0x00007ffb862d7000 	C:\Windows\System32\gdi32full.dll
0x00007ffb865c0000 - 0x00007ffb8665d000 	C:\Windows\System32\msvcp_win.dll
0x00007ffb82080000 - 0x00007ffb8209b000 	C:\Program Files\Java\jdk-17\bin\VCRUNTIME140.dll
0x00007ffb75c90000 - 0x00007ffb75f2a000 	C:\Windows\WinSxS\amd64_microsoft.windows.common-controls_6595b64144ccf1df_6.0.19041.4355_none_60b8b9eb71f62e16\COMCTL32.dll
0x00007ffb7edb0000 - 0x00007ffb7edba000 	C:\Windows\SYSTEM32\VERSION.dll
0x00007ffb87160000 - 0x00007ffb8718f000 	C:\Windows\System32\IMM32.DLL
0x00007ffb82770000 - 0x00007ffb8277c000 	C:\Program Files\Java\jdk-17\bin\vcruntime140_1.dll
0x00007ffb3ef50000 - 0x00007ffb3efde000 	C:\Program Files\Java\jdk-17\bin\msvcp140.dll
0x00007ffb3da00000 - 0x00007ffb3e5e0000 	C:\Program Files\Java\jdk-17\bin\server\jvm.dll
0x00007ffb888c0000 - 0x00007ffb888c8000 	C:\Windows\System32\PSAPI.DLL
0x00007ffb703f0000 - 0x00007ffb703f9000 	C:\Windows\SYSTEM32\WSOCK32.dll
0x00007ffb87fc0000 - 0x00007ffb8802b000 	C:\Windows\System32\WS2_32.dll
0x00007ffb75a40000 - 0x00007ffb75a67000 	C:\Windows\SYSTEM32\WINMM.dll
0x00007ffb83f00000 - 0x00007ffb83f12000 	C:\Windows\SYSTEM32\kernel.appcore.dll
0x00007ffb82470000 - 0x00007ffb8247a000 	C:\Program Files\Java\jdk-17\bin\jimage.dll
0x00007ffb74490000 - 0x00007ffb74674000 	C:\Windows\SYSTEM32\DBGHELP.DLL
0x00007ffb74430000 - 0x00007ffb74464000 	C:\Windows\SYSTEM32\dbgcore.DLL
0x00007ffb86080000 - 0x00007ffb86102000 	C:\Windows\System32\bcryptPrimitives.dll
0x00007ffb82050000 - 0x00007ffb82075000 	C:\Program Files\Java\jdk-17\bin\java.dll
0x00007ffb3f180000 - 0x00007ffb3f257000 	C:\Program Files\Java\jdk-17\bin\jsvml.dll
0x00007ffb87490000 - 0x00007ffb87bfe000 	C:\Windows\System32\SHELL32.dll
0x00007ffb84100000 - 0x00007ffb848a4000 	C:\Windows\SYSTEM32\windows.storage.dll
0x00007ffb86e00000 - 0x00007ffb87155000 	C:\Windows\System32\combase.dll
0x00007ffb85ab0000 - 0x00007ffb85adf000 	C:\Windows\SYSTEM32\Wldp.dll
0x00007ffb88540000 - 0x00007ffb8860d000 	C:\Windows\System32\OLEAUT32.dll
0x00007ffb86cf0000 - 0x00007ffb86d9d000 	C:\Windows\System32\SHCORE.dll
0x00007ffb86da0000 - 0x00007ffb86df5000 	C:\Windows\System32\shlwapi.dll
0x00007ffb85fb0000 - 0x00007ffb85fd4000 	C:\Windows\SYSTEM32\profapi.dll
0x00007ffb703d0000 - 0x00007ffb703e9000 	C:\Program Files\Java\jdk-17\bin\net.dll
0x00007ffb7d2e0000 - 0x00007ffb7d3ed000 	C:\Windows\SYSTEM32\WINHTTP.dll
0x00007ffb85810000 - 0x00007ffb8587a000 	C:\Windows\system32\mswsock.dll
0x00007ffb6f0e0000 - 0x00007ffb6f0f6000 	C:\Program Files\Java\jdk-17\bin\nio.dll
0x00007ffb6b790000 - 0x00007ffb6b7a8000 	C:\Program Files\Java\jdk-17\bin\zip.dll
0x00007ffb3efe0000 - 0x00007ffb3f171000 	C:\Program Files\Java\jdk-17\bin\awt.dll
0x00007ffb81960000 - 0x00007ffb819f4000 	C:\Windows\SYSTEM32\apphelp.dll
0x00007ffb83d20000 - 0x00007ffb83d4f000 	C:\Windows\system32\DWMAPI.DLL
0x00007ffb83970000 - 0x00007ffb83a0e000 	C:\Windows\system32\uxtheme.dll
0x00007ffb63990000 - 0x00007ffb63ab8000 	C:\Windows\system32\opengl32.dll
0x00007ffb63cd0000 - 0x00007ffb63cfc000 	C:\Windows\SYSTEM32\GLU32.dll
0x00007ffb887a0000 - 0x00007ffb888b5000 	C:\Windows\System32\MSCTF.dll
0x00007ffb87190000 - 0x00007ffb872bb000 	C:\Windows\System32\ole32.dll
0x00007ffb3b540000 - 0x00007ffb3b56e000 	C:\Program Files\Java\jdk-17\bin\javajpeg.dll
0x00007ffb3eec0000 - 0x00007ffb3ef47000 	C:\Program Files\Java\jdk-17\bin\freetype.dll
0x00007ffb3edd0000 - 0x00007ffb3eeb1000 	C:\Program Files\Java\jdk-17\bin\fontmanager.dll
0x00007ffb87c30000 - 0x00007ffb87cd9000 	C:\Windows\System32\clbcatq.dll
0x00007ffb83720000 - 0x00007ffb838d4000 	C:\Windows\SYSTEM32\WindowsCodecs.dll
0x00007ffb6ae70000 - 0x00007ffb6aeae000 	C:\Windows\system32\dataexchange.dll
0x00007ffb7f820000 - 0x00007ffb7fa83000 	C:\Windows\system32\d3d11.dll
0x00007ffb80780000 - 0x00007ffb80964000 	C:\Windows\system32\dcomp.dll
0x00007ffb84910000 - 0x00007ffb84a06000 	C:\Windows\system32\dxgi.dll
0x00007ffb7efb0000 - 0x00007ffb7f1b3000 	C:\Windows\system32\twinapi.appcore.dll
0x00007ffb66330000 - 0x00007ffb66429000 	C:\Windows\SYSTEM32\textinputframework.dll
0x00007ffb80d90000 - 0x00007ffb810eb000 	C:\Windows\System32\CoreUIComponents.dll
0x00007ffb810f0000 - 0x00007ffb811e2000 	C:\Windows\System32\CoreMessaging.dll
0x00007ffb85310000 - 0x00007ffb85343000 	C:\Windows\SYSTEM32\ntmarta.dll
0x00007ffb82b00000 - 0x00007ffb82c57000 	C:\Windows\SYSTEM32\wintypes.dll
0x00007ffb70880000 - 0x00007ffb70890000 	C:\Program Files\Java\jdk-17\bin\verify.dll
0x00007ffb7d660000 - 0x00007ffb7d6ca000 	C:\Windows\system32\Ninput.dll
0x00007ffb854f0000 - 0x00007ffb855ba000 	C:\Windows\SYSTEM32\DNSAPI.dll
0x00007ffb854a0000 - 0x00007ffb854db000 	C:\Windows\SYSTEM32\IPHLPAPI.DLL
0x00007ffb88790000 - 0x00007ffb88798000 	C:\Windows\System32\NSI.dll
0x00007ffb77b40000 - 0x00007ffb77b4a000 	C:\Windows\System32\rasadhlp.dll
0x00007ffb77bc0000 - 0x00007ffb77c40000 	C:\Windows\System32\fwpuclnt.dll
0x00007ffb824a0000 - 0x00007ffb824ae000 	C:\Program Files\Java\jdk-17\bin\sunmscapi.dll
0x00007ffb862e0000 - 0x00007ffb8643c000 	C:\Windows\System32\CRYPT32.dll
0x00007ffb85b20000 - 0x00007ffb85b47000 	C:\Windows\SYSTEM32\ncrypt.dll
0x00007ffb85ae0000 - 0x00007ffb85b1b000 	C:\Windows\SYSTEM32\NTASN1.dll
0x00007ffb85a10000 - 0x00007ffb85a28000 	C:\Windows\SYSTEM32\CRYPTSP.dll
0x00007ffb850c0000 - 0x00007ffb850f4000 	C:\Windows\system32\rsaenh.dll
0x00007ffb85f30000 - 0x00007ffb85f5e000 	C:\Windows\SYSTEM32\USERENV.dll
0x00007ffb85a00000 - 0x00007ffb85a0c000 	C:\Windows\SYSTEM32\CRYPTBASE.dll
0x00007ffb7db30000 - 0x00007ffb7db47000 	C:\Windows\SYSTEM32\dhcpcsvc6.DLL
0x00007ffb7ea30000 - 0x00007ffb7ea4d000 	C:\Windows\SYSTEM32\dhcpcsvc.DLL

dbghelp: loaded successfully - version: 4.0.5 - missing functions: none
symbol engine: initialized successfully - sym options: 0x614 - pdb path: .;C:\Program Files\Java\jdk-17\bin;C:\Windows\SYSTEM32;C:\Windows\WinSxS\amd64_microsoft.windows.common-controls_6595b64144ccf1df_6.0.19041.4355_none_60b8b9eb71f62e16;C:\Program Files\Java\jdk-17\bin\server

VM Arguments:
jvm_args: -Dfile.encoding=UTF-8 --module-path=C:\Users\DTech\Documents\NetBeansProjects\bank management system\build\classes 
java_command: bank.management.system.Login
java_class_path (initial): C:\Users\DTech\Downloads\jcalendar-tz-1.3.3-4.jar;C:\Users\DTech\Downloads\mysql-connector-java-8.0.28.jar;C:\Users\DTech\Documents\NetBeansProjects\bank management system\build\classes
Launcher Type: SUN_STANDARD

[Global flags]
     intx CICompilerCount                          = 3                                         {product} {ergonomic}
     uint ConcGCThreads                            = 1                                         {product} {ergonomic}
     uint G1ConcRefinementThreads                  = 4                                         {product} {ergonomic}
   size_t G1HeapRegionSize                         = 1048576                                   {product} {ergonomic}
    uintx GCDrainStackTargetSize                   = 64                                        {product} {ergonomic}
   size_t InitialHeapSize                          = 134217728                                 {product} {ergonomic}
   size_t MarkStackSize                            = 4194304                                   {product} {ergonomic}
   size_t MaxHeapSize                              = 2116026368                                {product} {ergonomic}
   size_t MaxNewSize                               = 1268776960                                {product} {ergonomic}
   size_t MinHeapDeltaBytes                        = 1048576                                   {product} {ergonomic}
   size_t MinHeapSize                              = 8388608                                   {product} {ergonomic}
    uintx NonNMethodCodeHeapSize                   = 5832780                                {pd product} {ergonomic}
    uintx NonProfiledCodeHeapSize                  = 122912730                              {pd product} {ergonomic}
    uintx ProfiledCodeHeapSize                     = 122912730                              {pd product} {ergonomic}
    uintx ReservedCodeCacheSize                    = 251658240                              {pd product} {ergonomic}
     bool SegmentedCodeCache                       = true                                      {product} {ergonomic}
   size_t SoftMaxHeapSize                          = 2116026368                             {manageable} {ergonomic}
     bool UseCompressedClassPointers               = true                           {product lp64_product} {ergonomic}
     bool UseCompressedOops                        = true                           {product lp64_product} {ergonomic}
     bool UseG1GC                                  = true                                      {product} {ergonomic}
     bool UseLargePagesIndividualAllocation        = false                                  {pd product} {ergonomic}

Logging:
Log output configuration:
 #0: stdout all=warning uptime,level,tags
 #1: stderr all=off uptime,level,tags

Environment Variables:
PATH=C:\Program Files\Common Files\Oracle\Java\javapath;C:\Windows\system32;C:\Windows;C:\Windows\System32\Wbem;C:\Windows\System32\WindowsPowerShell\v1.0\;C:\Windows\System32\OpenSSH\;C:\Program Files\dotnet\;C:\Program Files\MySQL\MySQL Server 8.0\bin;C:\Program Files\Java\jdk-17\bin;C:\Program Files\MySQL\MySQL Shell 8.0\bin\;C:\Users\DTech\AppData\Local\Microsoft\WindowsApps;C:\Program Files\JetBrains\IntelliJ IDEA Community Edition 2024.2.4\bin;;C:\Program Files\Java\jdk-17\bin
USERNAME=DTech
OS=Windows_NT
PROCESSOR_IDENTIFIER=Intel64 Family 6 Model 78 Stepping 3, GenuineIntel



---------------  S Y S T E M  ---------------

OS:
 Windows 10 , 64 bit Build 19041 (10.0.19041.5198)
OS uptime: 0 days 21:18 hours

CPU: total 4 (initial active 4) (2 cores per cpu, 2 threads per core) family 6 model 78 stepping 3 microcode 0xec, cx8, cmov, fxsr, ht, mmx, 3dnowpref, sse, sse2, sse3, ssse3, sse4.1, sse4.2, popcnt, lzcnt, tsc, tscinvbit, avx, avx2, aes, erms, clmul, bmi1, bmi2, rtm, adx, fma, vzeroupper, clflush, clflushopt

Memory: 4k page, system-wide physical 8067M (491M free)
TotalPageFile size 20781M (AvailPageFile size 3M)
current process WorkingSet (physical memory assigned to process): 134M, peak: 134M
current process commit charge ("private bytes"): 263M, peak: 264M

vm_info: Java HotSpot(TM) 64-Bit Server VM (17.0.12+8-LTS-286) for windows-amd64 JRE (17.0.12+8-LTS-286), built on Jun  5 2024 06:46:59 by "mach5one" with MS VC++ 17.6 (VS2022)

END.
