#
# There is insufficient memory for the Java Runtime Environment to continue.
# Native memory allocation (mmap) failed to map 17825792 bytes for G1 virtual space
# Possible reasons:
#   The system is out of physical RAM or swap space
#   The process is running with CompressedOops enabled, and the Java Heap may be blocking the growth of the native heap
# Possible solutions:
#   Reduce memory load on the system
#   Increase physical memory or swap space
#   Check if swap backing store is full
#   Decrease Java heap size (-Xmx/-Xms)
#   Decrease number of Java threads
#   Decrease Java thread stack sizes (-Xss)
#   Set larger code cache with -XX:ReservedCodeCacheSize=
#   JVM is running with Unscaled Compressed Oops mode in which the Java heap is
#     placed in the first 4GB address space. The Java Heap base address is the
#     maximum limit for the native heap growth. Please use -XX:HeapBaseMinAddress
#     to set the Java Heap base and to place the Java Heap above 4GB virtual address.
# This output file may be truncated or incomplete.
#
#  Out of Memory Error (os_windows.cpp:3548), pid=8864, tid=17596
#
# JRE version: Java(TM) SE Runtime Environment (17.0.12+8) (build 17.0.12+8-LTS-286)
# Java VM: Java HotSpot(TM) 64-Bit Server VM (17.0.12+8-LTS-286, mixed mode, sharing, tiered, compressed oops, compressed class ptrs, g1 gc, windows-amd64)
# No core dump will be written. Minidumps are not enabled by default on client versions of Windows
#

---------------  S U M M A R Y ------------

Command Line: -Dapplication.home=C:\Program Files\Java\jdk-17 --add-modules=ALL-DEFAULT -Xms8m -Djdk.module.main=jdk.compiler jdk.compiler/com.sun.tools.javac.Main -d C:\Users\DTech\Documents\NetBeansProjects\bank management system\build\classes -classpath C:\Users\DTech\Documents\NetBeansProjects\bank management system\build\classes;C:\Users\DTech\Downloads\jcalendar-tz-1.3.3-4.jar;C:\Users\DTech\Downloads\mysql-connector-java-8.0.28.jar -sourcepath C:\Users\DTech\Documents\NetBeansProjects\bank management system\build\empty -target 17 -encoding UTF-8 -g -processorpath C:\Users\DTech\Downloads\jcalendar-tz-1.3.3-4.jar;C:\Users\DTech\Downloads\mysql-connector-java-8.0.28.jar;C:\Users\DTech\Documents\NetBeansProjects\bank management system\build\empty -s C:\Users\DTech\Documents\NetBeansProjects\bank management system\build\generated-sources\ap-source-output -source 17 C:\Users\DTech\Documents\NetBeansProjects\bank management system\src\bank\management\system\Conn.java C:\Users\DTech\Documents\NetBeansProjects\bank management system\src\bank\management\system\Login.java C:\Users\DTech\Documents\NetBeansProjects\bank management system\src\bank\management\system\SignupOne.java C:\Users\DTech\Documents\NetBeansProjects\bank management system\src\bank\management\system\SignupThree.java C:\Users\DTech\Documents\NetBeansProjects\bank management system\src\bank\management\system\SignupTwo.java

Host: Intel(R) Core(TM) i5-6300U CPU @ 2.40GHz, 4 cores, 7G,  Windows 10 , 64 bit Build 19041 (10.0.19041.5198)
Time: Tue Jan 28 23:29:35 2025 Pakistan Standard Time elapsed time: 1.786985 seconds (0d 0h 0m 1s)

---------------  T H R E A D  ---------------

Current thread (0x000002967533a890):  VMThread "VM Thread" [stack: 0x000000da60000000,0x000000da60100000] [id=17596]

Stack: [0x000000da60000000,0x000000da60100000]
Native frames: (J=compiled Java code, j=interpreted, Vv=VM code, C=native code)
V  [jvm.dll+0x67a04a]
V  [jvm.dll+0x7da4ed]
V  [jvm.dll+0x7dbe33]
V  [jvm.dll+0x7dc4a3]
V  [jvm.dll+0x24508f]
V  [jvm.dll+0x677089]
V  [jvm.dll+0x66bd32]
V  [jvm.dll+0x301fa6]
V  [jvm.dll+0x309546]
V  [jvm.dll+0x359d2e]
V  [jvm.dll+0x359f5f]
V  [jvm.dll+0x2d9078]
V  [jvm.dll+0x2d74ad]
V  [jvm.dll+0x2d6afc]
V  [jvm.dll+0x31a65b]
V  [jvm.dll+0x7e0d9b]
V  [jvm.dll+0x7e1ad4]
V  [jvm.dll+0x7e1fed]
V  [jvm.dll+0x7e23c4]
V  [jvm.dll+0x7e2490]
V  [jvm.dll+0x78abea]
V  [jvm.dll+0x678f35]
C  [ucrtbase.dll+0x21bb2]
C  [KERNEL32.DLL+0x17374]
C  [ntdll.dll+0x4cc91]

VM_Operation (0x000000da5fafd0b0): G1CollectForAllocation, mode: safepoint, requested by thread 0x0000029675287f40


---------------  P R O C E S S  ---------------

Threads class SMR info:
_java_thread_list=0x0000029654761400, length=13, elements={
0x0000029675287f40, 0x000002967533f2b0, 0x000002967533fe40, 0x0000029675356da0,
0x0000029675357670, 0x0000029675357f40, 0x0000029675359820, 0x000002967535e1f0,
0x00000296541283e0, 0x00000296541294d0, 0x00000296541e9780, 0x000002965439d300,
0x0000029654af4950
}

Java Threads: ( => current thread )
  0x0000029675287f40 JavaThread "main" [_thread_blocked, id=21600, stack(0x000000da5fa00000,0x000000da5fb00000)]
  0x000002967533f2b0 JavaThread "Reference Handler" daemon [_thread_blocked, id=13884, stack(0x000000da60100000,0x000000da60200000)]
  0x000002967533fe40 JavaThread "Finalizer" daemon [_thread_blocked, id=4680, stack(0x000000da60200000,0x000000da60300000)]
  0x0000029675356da0 JavaThread "Signal Dispatcher" daemon [_thread_blocked, id=19016, stack(0x000000da60300000,0x000000da60400000)]
  0x0000029675357670 JavaThread "Attach Listener" daemon [_thread_blocked, id=17916, stack(0x000000da60400000,0x000000da60500000)]
  0x0000029675357f40 JavaThread "Service Thread" daemon [_thread_blocked, id=19204, stack(0x000000da60500000,0x000000da60600000)]
  0x0000029675359820 JavaThread "Monitor Deflation Thread" daemon [_thread_blocked, id=6276, stack(0x000000da60600000,0x000000da60700000)]
  0x000002967535e1f0 JavaThread "C2 CompilerThread0" daemon [_thread_blocked, id=15436, stack(0x000000da60700000,0x000000da60800000)]
  0x00000296541283e0 JavaThread "C1 CompilerThread0" daemon [_thread_blocked, id=17680, stack(0x000000da60800000,0x000000da60900000)]
  0x00000296541294d0 JavaThread "Sweeper thread" daemon [_thread_blocked, id=21400, stack(0x000000da60900000,0x000000da60a00000)]
  0x00000296541e9780 JavaThread "Common-Cleaner" daemon [_thread_blocked, id=6028, stack(0x000000da60a00000,0x000000da60b00000)]
  0x000002965439d300 JavaThread "Notification Thread" daemon [_thread_blocked, id=10232, stack(0x000000da60b00000,0x000000da60c00000)]
  0x0000029654af4950 JavaThread "C2 CompilerThread1" daemon [_thread_blocked, id=256, stack(0x000000da61000000,0x000000da61100000)]

Other Threads:
=>0x000002967533a890 VMThread "VM Thread" [stack: 0x000000da60000000,0x000000da60100000] [id=17596]
  0x00000296543be7d0 WatcherThread [stack: 0x000000da60c00000,0x000000da60d00000] [id=4432]
  0x00000296752e2580 GCTaskThread "GC Thread#0" [stack: 0x000000da5fb00000,0x000000da5fc00000] [id=1920]
  0x0000029654566f30 GCTaskThread "GC Thread#1" [stack: 0x000000da60d00000,0x000000da60e00000] [id=2176]
  0x0000029654554ee0 GCTaskThread "GC Thread#2" [stack: 0x000000da60e00000,0x000000da60f00000] [id=20872]
  0x00000296545551a0 GCTaskThread "GC Thread#3" [stack: 0x000000da60f00000,0x000000da61000000] [id=6616]
  0x00000296752f2f20 ConcurrentGCThread "G1 Main Marker" [stack: 0x000000da5fc00000,0x000000da5fd00000] [id=5260]
  0x00000296752f4ef0 ConcurrentGCThread "G1 Conc#0" [stack: 0x000000da5fd00000,0x000000da5fe00000] [id=9532]
  0x000002967530ecd0 ConcurrentGCThread "G1 Refine#0" [stack: 0x000000da5fe00000,0x000000da5ff00000] [id=19736]
  0x000002967530f520 ConcurrentGCThread "G1 Service" [stack: 0x000000da5ff00000,0x000000da60000000] [id=19660]

Threads with active compile tasks:
C2 CompilerThread0     1835 1361       4       java.util.regex.Pattern::atom (422 bytes)
C2 CompilerThread1     1835 1359       4       jdk.internal.jrtfs.JrtFileSystem::checkNode (40 bytes)

VM state: at safepoint (normal execution)

VM Mutex/Monitor currently owned by a thread:  ([mutex/lock_event])
[0x0000029675283680] Threads_lock - owner thread: 0x000002967533a890
[0x00000296752825a0] Heap_lock - owner thread: 0x0000029675287f40

Heap address: 0x0000000081e00000, size: 2018 MB, Compressed Oops mode: 32-bit

CDS archive(s) mapped at: [0x0000029613000000-0x0000029613bd0000-0x0000029613bd0000), size 12386304, SharedBaseAddress: 0x0000029613000000, ArchiveRelocationMode: 1.
Compressed class space mapped at: 0x0000029614000000-0x0000029654000000, reserved size: 1073741824
Narrow klass base: 0x0000029613000000, Narrow klass shift: 0, Narrow klass range: 0x100000000

GC Precious Log:
 CPUs: 4 total, 4 available
 Memory: 8067M
 Large Page Support: Disabled
 NUMA Support: Disabled
 Compressed Oops: Enabled (32-bit)
 Heap Region Size: 1M
 Heap Min Capacity: 8M
 Heap Initial Capacity: 8M
 Heap Max Capacity: 2018M
 Pre-touch: Disabled
 Parallel Workers: 4
 Concurrent Workers: 1
 Concurrent Refinement Workers: 4
 Periodic GC: Disabled

Heap:
 garbage-first heap   total 17408K, used 8680K [0x0000000081e00000, 0x0000000100000000)
  region size 1024K, 1 young (1024K), 1 survivors (1024K)
 Metaspace       used 9118K, committed 9344K, reserved 1114112K
  class space    used 1046K, committed 1152K, reserved 1048576K

Heap Regions: E=young(eden), S=young(survivor), O=old, HS=humongous(starts), HC=humongous(continues), CS=collection set, F=free, OA=open archive, CA=closed archive, TAMS=top-at-mark-start (previous, next)
|   0|0x0000000081e00000, 0x0000000081f00000, 0x0000000081f00000|100%| O|  |TAMS 0x0000000081f00000, 0x0000000081f00000| Untracked 
|   1|0x0000000081f00000, 0x0000000082000000, 0x0000000082000000|100%| O|  |TAMS 0x0000000082000000, 0x0000000082000000| Untracked 
|   2|0x0000000082000000, 0x0000000082100000, 0x0000000082100000|100%| O|  |TAMS 0x0000000082100000, 0x0000000082100000| Untracked 
|   3|0x0000000082100000, 0x0000000082200000, 0x0000000082200000|100%| O|  |TAMS 0x0000000082200000, 0x0000000082200000| Untracked 
|   4|0x0000000082200000, 0x0000000082300000, 0x0000000082300000|100%| O|  |TAMS 0x0000000082258800, 0x0000000082300000| Untracked 
|   5|0x0000000082300000, 0x0000000082400000, 0x0000000082400000|100%| O|  |TAMS 0x0000000082300000, 0x0000000082400000| Untracked 
|   6|0x0000000082400000, 0x0000000082500000, 0x0000000082500000|100%| O|  |TAMS 0x0000000082400000, 0x0000000082500000| Untracked 
|   7|0x0000000082500000, 0x000000008257a000, 0x0000000082600000| 47%| O|  |TAMS 0x0000000082500000, 0x0000000082554000| Untracked 
|   8|0x0000000082600000, 0x0000000082600000, 0x0000000082700000|  0%| F|  |TAMS 0x0000000082600000, 0x0000000082600000| Untracked 
|   9|0x0000000082700000, 0x0000000082700000, 0x0000000082800000|  0%| F|  |TAMS 0x0000000082700000, 0x0000000082700000| Untracked 
|  10|0x0000000082800000, 0x0000000082800000, 0x0000000082900000|  0%| F|  |TAMS 0x0000000082800000, 0x0000000082800000| Untracked 
|  11|0x0000000082900000, 0x0000000082900000, 0x0000000082a00000|  0%| F|  |TAMS 0x0000000082900000, 0x0000000082900000| Untracked 
|  12|0x0000000082a00000, 0x0000000082b00000, 0x0000000082b00000|100%| S|CS|TAMS 0x0000000082a00000, 0x0000000082a00000| Complete 
|  13|0x0000000082b00000, 0x0000000082b00000, 0x0000000082c00000|  0%| F|  |TAMS 0x0000000082b00000, 0x0000000082b00000| Untracked 
|  14|0x0000000082c00000, 0x0000000082c00000, 0x0000000082d00000|  0%| F|  |TAMS 0x0000000082c00000, 0x0000000082c00000| Untracked 
|  15|0x0000000082d00000, 0x0000000082d00000, 0x0000000082e00000|  0%| F|  |TAMS 0x0000000082d00000, 0x0000000082d00000| Untracked 
|  16|0x0000000082e00000, 0x0000000082e00000, 0x0000000082f00000|  0%| F|  |TAMS 0x0000000082e00000, 0x0000000082e00000| Untracked 

Card table byte_map: [0x000002967cf50000,0x000002967d350000] _byte_map_base: 0x000002967cb41000

Marking Bits (Prev, Next): (CMBitMap*) 0x00000296752e29f0, (CMBitMap*) 0x00000296752e29b0
 Prev Bits: [0x000002960f000000, 0x0000029610f88000)
 Next Bits: [0x000002967d750000, 0x000002967f6d8000)

Polling page: 0x0000029673170000

Metaspace:

Usage:
  Non-class:      7.88 MB used.
      Class:      1.02 MB used.
       Both:      8.90 MB used.

Virtual space:
  Non-class space:       64.00 MB reserved,       8.00 MB ( 12%) committed,  1 nodes.
      Class space:        1.00 GB reserved,       1.12 MB ( <1%) committed,  1 nodes.
             Both:        1.06 GB reserved,       9.12 MB ( <1%) committed. 

Chunk freelists:
   Non-Class:  5.98 MB
       Class:  14.89 MB
        Both:  20.88 MB

MaxMetaspaceSize: unlimited
CompressedClassSpaceSize: 1.00 GB
Initial GC threshold: 21.00 MB
Current GC threshold: 21.00 MB
CDS: on
MetaspaceReclaimPolicy: balanced
 - commit_granule_bytes: 65536.
 - commit_granule_words: 8192.
 - virtual_space_node_default_size: 8388608.
 - enlarge_chunks_in_place: 1.
 - new_chunks_are_fully_committed: 0.
 - uncommit_free_chunks: 1.
 - use_allocation_guard: 0.
 - handle_deallocations: 1.


Internal statistics:

num_allocs_failed_limit: 0.
num_arena_births: 72.
num_arena_deaths: 0.
num_vsnodes_births: 2.
num_vsnodes_deaths: 0.
num_space_committed: 146.
num_space_uncommitted: 0.
num_chunks_returned_to_freelist: 0.
num_chunks_taken_from_freelist: 376.
num_chunk_merges: 0.
num_chunk_splits: 259.
num_chunks_enlarged: 202.
num_inconsistent_stats: 0.

CodeHeap 'non-profiled nmethods': size=120000Kb used=452Kb max_used=452Kb free=119548Kb
 bounds [0x0000029607ad0000, 0x0000029607d40000, 0x000002960f000000]
CodeHeap 'profiled nmethods': size=120000Kb used=2594Kb max_used=2594Kb free=117405Kb
 bounds [0x0000029600000000, 0x0000029600290000, 0x0000029607530000]
CodeHeap 'non-nmethods': size=5760Kb used=1148Kb max_used=1177Kb free=4611Kb
 bounds [0x0000029607530000, 0x00000296077a0000, 0x0000029607ad0000]
 total_blobs=1821 nmethods=1390 adapters=343
 compilation: enabled
              stopped_count=0, restarted_count=0
 full_count=0

Compilation events (20 events):
Event: 1.774 Thread 0x00000296541283e0 1390       3       com.sun.tools.javac.code.Scope$ScopeImpl$2::hasNext (92 bytes)
Event: 1.775 Thread 0x00000296541283e0 nmethod 1390 0x0000029600285090 code [0x0000029600285260, 0x0000029600285718]
Event: 1.775 Thread 0x00000296541283e0 1391       3       com.sun.tools.javac.code.Scope$ScopeImpl::getSymbolsByName (10 bytes)
Event: 1.776 Thread 0x00000296541283e0 nmethod 1391 0x0000029600285890 code [0x0000029600285aa0, 0x0000029600286568]
Event: 1.776 Thread 0x00000296541283e0 1394       3       com.sun.tools.javac.code.Types$UnaryVisitor::visit (7 bytes)
Event: 1.776 Thread 0x00000296541283e0 nmethod 1394 0x0000029600286810 code [0x00000296002869c0, 0x0000029600286ba8]
Event: 1.776 Thread 0x00000296541283e0 1393       3       com.sun.tools.javac.code.Scope::getSymbolsByName (9 bytes)
Event: 1.776 Thread 0x00000296541283e0 nmethod 1393 0x0000029600286c90 code [0x0000029600286e40, 0x0000029600287088]
Event: 1.776 Thread 0x00000296541283e0 1392       3       com.sun.tools.javac.code.Scope$ScopeImpl$$Lambda$144/0x0000029614112660::<init> (26 bytes)
Event: 1.777 Thread 0x00000296541283e0 nmethod 1392 0x0000029600287190 code [0x0000029600287340, 0x0000029600287618]
Event: 1.777 Thread 0x00000296541283e0 1395       3       java.util.stream.Sink::end (1 bytes)
Event: 1.777 Thread 0x00000296541283e0 nmethod 1395 0x0000029600287710 code [0x00000296002878a0, 0x00000296002879b8]
Event: 1.777 Thread 0x00000296541283e0 1397       3       com.sun.tools.javac.code.Scope$ScopeImpl$$Lambda$144/0x0000029614112660::iterator (20 bytes)
Event: 1.777 Thread 0x00000296541283e0 nmethod 1397 0x0000029600287a90 code [0x0000029600287c40, 0x0000029600287da8]
Event: 1.777 Thread 0x00000296541283e0 1398       3       com.sun.tools.javac.code.Scope$ScopeImpl::lambda$getSymbolsByName$2 (12 bytes)
Event: 1.778 Thread 0x00000296541283e0 nmethod 1398 0x0000029600287e90 code [0x0000029600288040, 0x0000029600288208]
Event: 1.778 Thread 0x00000296541283e0 1399       3       com.sun.tools.javac.code.Scope$ScopeImpl$2::<init> (73 bytes)
Event: 1.778 Thread 0x00000296541283e0 nmethod 1399 0x0000029600288310 code [0x00000296002884e0, 0x0000029600288968]
Event: 1.778 Thread 0x00000296541283e0 1396       1       com.sun.tools.javac.code.Type$MethodType::getReturnType (5 bytes)
Event: 1.778 Thread 0x00000296541283e0 nmethod 1396 0x0000029607b40d10 code [0x0000029607b40ea0, 0x0000029607b40f78]

GC Heap History (20 events):
Event: 1.049 GC heap after
{Heap after GC invocations=4 (full 0):
 garbage-first heap   total 8192K, used 2536K [0x0000000081e00000, 0x0000000100000000)
  region size 1024K, 1 young (1024K), 1 survivors (1024K)
 Metaspace       used 7664K, committed 7872K, reserved 1114112K
  class space    used 873K, committed 960K, reserved 1048576K
}
Event: 1.118 GC heap before
{Heap before GC invocations=4 (full 0):
 garbage-first heap   total 8192K, used 3560K [0x0000000081e00000, 0x0000000100000000)
  region size 1024K, 2 young (2048K), 1 survivors (1024K)
 Metaspace       used 7842K, committed 8064K, reserved 1114112K
  class space    used 893K, committed 1024K, reserved 1048576K
}
Event: 1.121 GC heap after
{Heap after GC invocations=5 (full 0):
 garbage-first heap   total 10240K, used 2887K [0x0000000081e00000, 0x0000000100000000)
  region size 1024K, 1 young (1024K), 1 survivors (1024K)
 Metaspace       used 7842K, committed 8064K, reserved 1114112K
  class space    used 893K, committed 1024K, reserved 1048576K
}
Event: 1.285 GC heap before
{Heap before GC invocations=5 (full 0):
 garbage-first heap   total 10240K, used 4935K [0x0000000081e00000, 0x0000000100000000)
  region size 1024K, 3 young (3072K), 1 survivors (1024K)
 Metaspace       used 8461K, committed 8640K, reserved 1114112K
  class space    used 973K, committed 1024K, reserved 1048576K
}
Event: 1.304 GC heap after
{Heap after GC invocations=6 (full 0):
 garbage-first heap   total 10240K, used 3850K [0x0000000081e00000, 0x0000000100000000)
  region size 1024K, 1 young (1024K), 1 survivors (1024K)
 Metaspace       used 8461K, committed 8640K, reserved 1114112K
  class space    used 973K, committed 1024K, reserved 1048576K
}
Event: 1.458 GC heap before
{Heap before GC invocations=6 (full 0):
 garbage-first heap   total 10240K, used 5898K [0x0000000081e00000, 0x0000000100000000)
  region size 1024K, 3 young (3072K), 1 survivors (1024K)
 Metaspace       used 8706K, committed 8896K, reserved 1114112K
  class space    used 1004K, committed 1088K, reserved 1048576K
}
Event: 1.463 GC heap after
{Heap after GC invocations=7 (full 0):
 garbage-first heap   total 10240K, used 4507K [0x0000000081e00000, 0x0000000100000000)
  region size 1024K, 1 young (1024K), 1 survivors (1024K)
 Metaspace       used 8706K, committed 8896K, reserved 1114112K
  class space    used 1004K, committed 1088K, reserved 1048576K
}
Event: 1.482 GC heap before
{Heap before GC invocations=7 (full 0):
 garbage-first heap   total 10240K, used 5531K [0x0000000081e00000, 0x0000000100000000)
  region size 1024K, 2 young (2048K), 1 survivors (1024K)
 Metaspace       used 8732K, committed 8896K, reserved 1114112K
  class space    used 1004K, committed 1088K, reserved 1048576K
}
Event: 1.484 GC heap after
{Heap after GC invocations=8 (full 0):
 garbage-first heap   total 10240K, used 4612K [0x0000000081e00000, 0x0000000100000000)
  region size 1024K, 1 young (1024K), 1 survivors (1024K)
 Metaspace       used 8732K, committed 8896K, reserved 1114112K
  class space    used 1004K, committed 1088K, reserved 1048576K
}
Event: 1.524 GC heap before
{Heap before GC invocations=8 (full 0):
 garbage-first heap   total 10240K, used 5636K [0x0000000081e00000, 0x0000000100000000)
  region size 1024K, 2 young (2048K), 1 survivors (1024K)
 Metaspace       used 8813K, committed 8960K, reserved 1114112K
  class space    used 1012K, committed 1088K, reserved 1048576K
}
Event: 1.527 GC heap after
{Heap after GC invocations=9 (full 0):
 garbage-first heap   total 17408K, used 4738K [0x0000000081e00000, 0x0000000100000000)
  region size 1024K, 1 young (1024K), 1 survivors (1024K)
 Metaspace       used 8813K, committed 8960K, reserved 1114112K
  class space    used 1012K, committed 1088K, reserved 1048576K
}
Event: 1.615 GC heap before
{Heap before GC invocations=10 (full 0):
 garbage-first heap   total 17408K, used 8834K [0x0000000081e00000, 0x0000000100000000)
  region size 1024K, 5 young (5120K), 1 survivors (1024K)
 Metaspace       used 8998K, committed 9152K, reserved 1114112K
  class space    used 1036K, committed 1088K, reserved 1048576K
}
Event: 1.619 GC heap after
{Heap after GC invocations=11 (full 0):
 garbage-first heap   total 17408K, used 5474K [0x0000000081e00000, 0x0000000100000000)
  region size 1024K, 1 young (1024K), 1 survivors (1024K)
 Metaspace       used 8998K, committed 9152K, reserved 1114112K
  class space    used 1036K, committed 1088K, reserved 1048576K
}
Event: 1.654 GC heap before
{Heap before GC invocations=11 (full 0):
 garbage-first heap   total 17408K, used 9570K [0x0000000081e00000, 0x0000000100000000)
  region size 1024K, 5 young (5120K), 1 survivors (1024K)
 Metaspace       used 9020K, committed 9152K, reserved 1114112K
  class space    used 1037K, committed 1088K, reserved 1048576K
}
Event: 1.659 GC heap after
{Heap after GC invocations=12 (full 0):
 garbage-first heap   total 17408K, used 6196K [0x0000000081e00000, 0x0000000100000000)
  region size 1024K, 1 young (1024K), 1 survivors (1024K)
 Metaspace       used 9020K, committed 9152K, reserved 1114112K
  class space    used 1037K, committed 1088K, reserved 1048576K
}
Event: 1.710 GC heap before
{Heap before GC invocations=12 (full 0):
 garbage-first heap   total 17408K, used 9268K [0x0000000081e00000, 0x0000000100000000)
  region size 1024K, 5 young (5120K), 1 survivors (1024K)
 Metaspace       used 9060K, committed 9152K, reserved 1114112K
  class space    used 1038K, committed 1088K, reserved 1048576K
}
Event: 1.715 GC heap after
{Heap after GC invocations=13 (full 0):
 garbage-first heap   total 17408K, used 7561K [0x0000000081e00000, 0x0000000100000000)
  region size 1024K, 1 young (1024K), 1 survivors (1024K)
 Metaspace       used 9060K, committed 9152K, reserved 1114112K
  class space    used 1038K, committed 1088K, reserved 1048576K
}
Event: 1.729 GC heap before
{Heap before GC invocations=13 (full 0):
 garbage-first heap   total 17408K, used 10633K [0x0000000081e00000, 0x0000000100000000)
  region size 1024K, 4 young (4096K), 1 survivors (1024K)
 Metaspace       used 9060K, committed 9152K, reserved 1114112K
  class space    used 1038K, committed 1088K, reserved 1048576K
}
Event: 1.732 GC heap after
{Heap after GC invocations=14 (full 0):
 garbage-first heap   total 17408K, used 8028K [0x0000000081e00000, 0x0000000100000000)
  region size 1024K, 1 young (1024K), 1 survivors (1024K)
 Metaspace       used 9060K, committed 9152K, reserved 1114112K
  class space    used 1038K, committed 1088K, reserved 1048576K
}
Event: 1.779 GC heap before
{Heap before GC invocations=14 (full 0):
 garbage-first heap   total 17408K, used 11100K [0x0000000081e00000, 0x0000000100000000)
  region size 1024K, 4 young (4096K), 1 survivors (1024K)
 Metaspace       used 9118K, committed 9344K, reserved 1114112K
  class space    used 1046K, committed 1152K, reserved 1048576K
}

Deoptimization events (20 events):
Event: 1.586 Thread 0x0000029675287f40 Uncommon trap: trap_request=0xffffffde fr.pc=0x0000029607b0bcf4 relative=0x0000000000000434
Event: 1.586 Thread 0x0000029675287f40 Uncommon trap: reason=class_check action=maybe_recompile pc=0x0000029607b0bcf4 method=java.util.HashMap.getNode(Ljava/lang/Object;)Ljava/util/HashMap$Node; @ 128 c2
Event: 1.586 Thread 0x0000029675287f40 DEOPT PACKING pc=0x0000029607b0bcf4 sp=0x000000da5fafe1a0
Event: 1.586 Thread 0x0000029675287f40 DEOPT UNPACKING pc=0x00000296075823a3 sp=0x000000da5fafe0b8 mode 2
Event: 1.768 Thread 0x0000029675287f40 Uncommon trap: trap_request=0xffffffc6 fr.pc=0x0000029607b1d09c relative=0x00000000000004bc
Event: 1.768 Thread 0x0000029675287f40 Uncommon trap: reason=bimorphic_or_optimized_type_check action=maybe_recompile pc=0x0000029607b1d09c method=java.util.HashMap.getNode(Ljava/lang/Object;)Ljava/util/HashMap$Node; @ 128 c2
Event: 1.768 Thread 0x0000029675287f40 DEOPT PACKING pc=0x0000029607b1d09c sp=0x000000da5fafe1c0
Event: 1.768 Thread 0x0000029675287f40 DEOPT UNPACKING pc=0x00000296075823a3 sp=0x000000da5fafe158 mode 2
Event: 1.768 Thread 0x0000029675287f40 Uncommon trap: trap_request=0xffffffc6 fr.pc=0x0000029607b1d09c relative=0x00000000000004bc
Event: 1.768 Thread 0x0000029675287f40 Uncommon trap: reason=bimorphic_or_optimized_type_check action=maybe_recompile pc=0x0000029607b1d09c method=java.util.HashMap.getNode(Ljava/lang/Object;)Ljava/util/HashMap$Node; @ 128 c2
Event: 1.768 Thread 0x0000029675287f40 DEOPT PACKING pc=0x0000029607b1d09c sp=0x000000da5fafe250
Event: 1.768 Thread 0x0000029675287f40 DEOPT UNPACKING pc=0x00000296075823a3 sp=0x000000da5fafe1e8 mode 2
Event: 1.768 Thread 0x0000029675287f40 Uncommon trap: trap_request=0xffffffc6 fr.pc=0x0000029607b1d09c relative=0x00000000000004bc
Event: 1.768 Thread 0x0000029675287f40 Uncommon trap: reason=bimorphic_or_optimized_type_check action=maybe_recompile pc=0x0000029607b1d09c method=java.util.HashMap.getNode(Ljava/lang/Object;)Ljava/util/HashMap$Node; @ 128 c2
Event: 1.768 Thread 0x0000029675287f40 DEOPT PACKING pc=0x0000029607b1d09c sp=0x000000da5fafe1c0
Event: 1.768 Thread 0x0000029675287f40 DEOPT UNPACKING pc=0x00000296075823a3 sp=0x000000da5fafe158 mode 2
Event: 1.768 Thread 0x0000029675287f40 Uncommon trap: trap_request=0xffffffc6 fr.pc=0x0000029607b1d09c relative=0x00000000000004bc
Event: 1.768 Thread 0x0000029675287f40 Uncommon trap: reason=bimorphic_or_optimized_type_check action=maybe_recompile pc=0x0000029607b1d09c method=java.util.HashMap.getNode(Ljava/lang/Object;)Ljava/util/HashMap$Node; @ 128 c2
Event: 1.768 Thread 0x0000029675287f40 DEOPT PACKING pc=0x0000029607b1d09c sp=0x000000da5fafe250
Event: 1.768 Thread 0x0000029675287f40 DEOPT UNPACKING pc=0x00000296075823a3 sp=0x000000da5fafe1e8 mode 2

Classes unloaded (0 events):
No events

Classes redefined (0 events):
No events

Internal exceptions (20 events):
Event: 1.514 Thread 0x0000029675287f40 Exception <a 'sun/nio/fs/WindowsException'{0x0000000082797e68}> (0x0000000082797e68) 
thrown [s\open\src\hotspot\share\prims\jni.cpp, line 516]
Event: 1.514 Thread 0x0000029675287f40 Exception <a 'sun/nio/fs/WindowsException'{0x0000000082798188}> (0x0000000082798188) 
thrown [s\open\src\hotspot\share\prims\jni.cpp, line 516]
Event: 1.524 Thread 0x0000029675287f40 Exception <a 'java/lang/NoSuchMethodError'{0x00000000827fdb80}: 'java.lang.Object java.lang.invoke.DirectMethodHandle$Holder.invokeStatic(java.lang.Object, java.lang.Object, int, int)'> (0x00000000827fdb80) 
thrown [s\open\src\hotspot\share\interpreter\linkResolver.cpp, line 759]
Event: 1.569 Thread 0x0000029675287f40 Exception <a 'java/lang/NoSuchMethodError'{0x0000000082e82220}: 'java.lang.Object java.lang.invoke.DirectMethodHandle$Holder.invokeInterface(java.lang.Object, java.lang.Object)'> (0x0000000082e82220) 
thrown [s\open\src\hotspot\share\interpreter\linkResolver.cpp, line 759]
Event: 1.585 Thread 0x0000029675287f40 Exception <a 'sun/nio/fs/WindowsException'{0x0000000082ec5790}> (0x0000000082ec5790) 
thrown [s\open\src\hotspot\share\prims\jni.cpp, line 516]
Event: 1.585 Thread 0x0000029675287f40 Exception <a 'sun/nio/fs/WindowsException'{0x0000000082ec5ac0}> (0x0000000082ec5ac0) 
thrown [s\open\src\hotspot\share\prims\jni.cpp, line 516]
Event: 1.585 Thread 0x0000029675287f40 Exception <a 'sun/nio/fs/WindowsException'{0x0000000082ec6b40}> (0x0000000082ec6b40) 
thrown [s\open\src\hotspot\share\prims\jni.cpp, line 516]
Event: 1.586 Thread 0x0000029675287f40 Exception <a 'sun/nio/fs/WindowsException'{0x0000000082ec7128}> (0x0000000082ec7128) 
thrown [s\open\src\hotspot\share\prims\jni.cpp, line 516]
Event: 1.759 Thread 0x0000029675287f40 Exception <a 'sun/nio/fs/WindowsException'{0x0000000082cc7740}> (0x0000000082cc7740) 
thrown [s\open\src\hotspot\share\prims\jni.cpp, line 516]
Event: 1.759 Thread 0x0000029675287f40 Exception <a 'sun/nio/fs/WindowsException'{0x0000000082cc7a60}> (0x0000000082cc7a60) 
thrown [s\open\src\hotspot\share\prims\jni.cpp, line 516]
Event: 1.765 Thread 0x0000029675287f40 Exception <a 'sun/nio/fs/WindowsException'{0x0000000082cca568}> (0x0000000082cca568) 
thrown [s\open\src\hotspot\share\prims\jni.cpp, line 516]
Event: 1.765 Thread 0x0000029675287f40 Exception <a 'sun/nio/fs/WindowsException'{0x0000000082cca880}> (0x0000000082cca880) 
thrown [s\open\src\hotspot\share\prims\jni.cpp, line 516]
Event: 1.766 Thread 0x0000029675287f40 Exception <a 'sun/nio/fs/WindowsException'{0x0000000082ccc350}> (0x0000000082ccc350) 
thrown [s\open\src\hotspot\share\prims\jni.cpp, line 516]
Event: 1.766 Thread 0x0000029675287f40 Exception <a 'sun/nio/fs/WindowsException'{0x0000000082ccc6a0}> (0x0000000082ccc6a0) 
thrown [s\open\src\hotspot\share\prims\jni.cpp, line 516]
Event: 1.766 Thread 0x0000029675287f40 Exception <a 'sun/nio/fs/WindowsException'{0x0000000082cce020}> (0x0000000082cce020) 
thrown [s\open\src\hotspot\share\prims\jni.cpp, line 516]
Event: 1.766 Thread 0x0000029675287f40 Exception <a 'sun/nio/fs/WindowsException'{0x0000000082cce368}> (0x0000000082cce368) 
thrown [s\open\src\hotspot\share\prims\jni.cpp, line 516]
Event: 1.767 Thread 0x0000029675287f40 Exception <a 'sun/nio/fs/WindowsException'{0x0000000082ccfef8}> (0x0000000082ccfef8) 
thrown [s\open\src\hotspot\share\prims\jni.cpp, line 516]
Event: 1.767 Thread 0x0000029675287f40 Exception <a 'sun/nio/fs/WindowsException'{0x0000000082cd0280}> (0x0000000082cd0280) 
thrown [s\open\src\hotspot\share\prims\jni.cpp, line 516]
Event: 1.771 Thread 0x0000029675287f40 Exception <a 'sun/nio/fs/WindowsException'{0x0000000082ce0a90}> (0x0000000082ce0a90) 
thrown [s\open\src\hotspot\share\prims\jni.cpp, line 516]
Event: 1.771 Thread 0x0000029675287f40 Exception <a 'sun/nio/fs/WindowsException'{0x0000000082ce0e10}> (0x0000000082ce0e10) 
thrown [s\open\src\hotspot\share\prims\jni.cpp, line 516]

VM Operations (20 events):
Event: 1.463 Executing VM operation: G1CollectForAllocation done
Event: 1.482 Executing VM operation: G1CollectForAllocation
Event: 1.484 Executing VM operation: G1CollectForAllocation done
Event: 1.524 Executing VM operation: G1CollectForAllocation
Event: 1.527 Executing VM operation: G1CollectForAllocation done
Event: 1.542 Executing VM operation: G1Concurrent
Event: 1.544 Executing VM operation: G1Concurrent done
Event: 1.547 Executing VM operation: HandshakeAllThreads
Event: 1.547 Executing VM operation: HandshakeAllThreads done
Event: 1.550 Executing VM operation: G1Concurrent
Event: 1.550 Executing VM operation: G1Concurrent done
Event: 1.614 Executing VM operation: G1CollectForAllocation
Event: 1.620 Executing VM operation: G1CollectForAllocation done
Event: 1.654 Executing VM operation: G1CollectForAllocation
Event: 1.659 Executing VM operation: G1CollectForAllocation done
Event: 1.710 Executing VM operation: G1CollectForAllocation
Event: 1.715 Executing VM operation: G1CollectForAllocation done
Event: 1.729 Executing VM operation: G1CollectForAllocation
Event: 1.732 Executing VM operation: G1CollectForAllocation done
Event: 1.779 Executing VM operation: G1CollectForAllocation

Events (20 events):
Event: 1.566 loading class java/lang/invoke/MethodHandle$1
Event: 1.567 loading class java/lang/invoke/MethodHandle$1 done
Event: 1.759 loading class java/nio/file/SimpleFileVisitor
Event: 1.761 loading class java/nio/file/SimpleFileVisitor done
Event: 1.761 loading class java/nio/file/FileTreeWalker
Event: 1.762 loading class java/nio/file/FileTreeWalker done
Event: 1.762 loading class java/nio/file/FileTreeWalker$1
Event: 1.763 loading class java/nio/file/FileTreeWalker$1 done
Event: 1.763 loading class java/nio/file/FileTreeWalker$DirectoryNode
Event: 1.763 loading class java/nio/file/FileTreeWalker$DirectoryNode done
Event: 1.763 loading class java/nio/file/FileTreeWalker$Event
Event: 1.763 loading class java/nio/file/FileTreeWalker$Event done
Event: 1.763 loading class java/nio/file/FileTreeWalker$EventType
Event: 1.763 loading class java/nio/file/FileTreeWalker$EventType done
Event: 1.763 loading class java/nio/file/Files$3
Event: 1.763 loading class java/nio/file/Files$3 done
Event: 1.764 loading class java/nio/file/FileVisitResult
Event: 1.764 loading class java/nio/file/FileVisitResult done
Event: 1.764 loading class sun/nio/fs/BasicFileAttributesHolder
Event: 1.764 loading class sun/nio/fs/BasicFileAttributesHolder done


Dynamic libraries:
0x00007ff704040000 - 0x00007ff704048000 	C:\Program Files\Java\jdk-17\bin\javac.exe
0x00007ffa524f0000 - 0x00007ffa526e8000 	C:\Windows\SYSTEM32\ntdll.dll
0x00007ffa51050000 - 0x00007ffa51112000 	C:\Windows\System32\KERNEL32.DLL
0x00007ffa50200000 - 0x00007ffa504ff000 	C:\Windows\System32\KERNELBASE.dll
0x00007ffa50100000 - 0x00007ffa50200000 	C:\Windows\System32\ucrtbase.dll
0x00007ffa2d800000 - 0x00007ffa2d81b000 	C:\Program Files\Java\jdk-17\bin\VCRUNTIME140.dll
0x00007ffa219e0000 - 0x00007ffa219f9000 	C:\Program Files\Java\jdk-17\bin\jli.dll
0x00007ffa50920000 - 0x00007ffa509d1000 	C:\Windows\System32\ADVAPI32.dll
0x00007ffa51780000 - 0x00007ffa5181e000 	C:\Windows\System32\msvcrt.dll
0x00007ffa509e0000 - 0x00007ffa50a7f000 	C:\Windows\System32\sechost.dll
0x00007ffa50eb0000 - 0x00007ffa50fd3000 	C:\Windows\System32\RPCRT4.dll
0x00007ffa4fc60000 - 0x00007ffa4fc87000 	C:\Windows\System32\bcrypt.dll
0x00007ffa50b60000 - 0x00007ffa50cfd000 	C:\Windows\System32\USER32.dll
0x00007ffa4fc30000 - 0x00007ffa4fc52000 	C:\Windows\System32\win32u.dll
0x00007ffa40260000 - 0x00007ffa404fa000 	C:\Windows\WinSxS\amd64_microsoft.windows.common-controls_6595b64144ccf1df_6.0.19041.4355_none_60b8b9eb71f62e16\COMCTL32.dll
0x00007ffa50a80000 - 0x00007ffa50aab000 	C:\Windows\System32\GDI32.dll
0x00007ffa4ffe0000 - 0x00007ffa500f7000 	C:\Windows\System32\gdi32full.dll
0x00007ffa4fc90000 - 0x00007ffa4fd2d000 	C:\Windows\System32\msvcp_win.dll
0x00007ffa49630000 - 0x00007ffa4963a000 	C:\Windows\SYSTEM32\VERSION.dll
0x00007ffa512d0000 - 0x00007ffa512ff000 	C:\Windows\System32\IMM32.DLL
0x00007ff9f7290000 - 0x00007ff9f729c000 	C:\Program Files\Java\jdk-17\bin\vcruntime140_1.dll
0x00007ff9ec960000 - 0x00007ff9ec9ee000 	C:\Program Files\Java\jdk-17\bin\msvcp140.dll
0x00007ff9e7430000 - 0x00007ff9e8010000 	C:\Program Files\Java\jdk-17\bin\server\jvm.dll
0x00007ffa512c0000 - 0x00007ffa512c8000 	C:\Windows\System32\PSAPI.DLL
0x00007ffa35340000 - 0x00007ffa35349000 	C:\Windows\SYSTEM32\WSOCK32.dll
0x00007ffa522b0000 - 0x00007ffa5231b000 	C:\Windows\System32\WS2_32.dll
0x00007ffa3fff0000 - 0x00007ffa40017000 	C:\Windows\SYSTEM32\WINMM.dll
0x00007ffa4da00000 - 0x00007ffa4da12000 	C:\Windows\SYSTEM32\kernel.appcore.dll
0x00007ff9f4b60000 - 0x00007ff9f4b6a000 	C:\Program Files\Java\jdk-17\bin\jimage.dll
0x00007ffa3f520000 - 0x00007ffa3f704000 	C:\Windows\SYSTEM32\DBGHELP.DLL
0x00007ffa3f4a0000 - 0x00007ffa3f4d4000 	C:\Windows\SYSTEM32\dbgcore.DLL
0x00007ffa4ff00000 - 0x00007ffa4ff82000 	C:\Windows\System32\bcryptPrimitives.dll
0x00007ff9eccd0000 - 0x00007ff9eccf5000 	C:\Program Files\Java\jdk-17\bin\java.dll
0x00007ff9ecbf0000 - 0x00007ff9eccc7000 	C:\Program Files\Java\jdk-17\bin\jsvml.dll
0x00007ffa51ac0000 - 0x00007ffa5222e000 	C:\Windows\System32\SHELL32.dll
0x00007ffa4dc00000 - 0x00007ffa4e3a4000 	C:\Windows\SYSTEM32\windows.storage.dll
0x00007ffa505c0000 - 0x00007ffa50915000 	C:\Windows\System32\combase.dll
0x00007ffa4f5b0000 - 0x00007ffa4f5df000 	C:\Windows\SYSTEM32\Wldp.dll
0x00007ffa51820000 - 0x00007ffa518ed000 	C:\Windows\System32\OLEAUT32.dll
0x00007ffa52400000 - 0x00007ffa524ad000 	C:\Windows\System32\SHCORE.dll
0x00007ffa51120000 - 0x00007ffa51175000 	C:\Windows\System32\shlwapi.dll
0x00007ffa4fab0000 - 0x00007ffa4fad4000 	C:\Windows\SYSTEM32\profapi.dll
0x00007ff9ecbd0000 - 0x00007ff9ecbe9000 	C:\Program Files\Java\jdk-17\bin\net.dll
0x00007ffa46060000 - 0x00007ffa4616d000 	C:\Windows\SYSTEM32\WINHTTP.dll
0x00007ffa4f310000 - 0x00007ffa4f37a000 	C:\Windows\system32\mswsock.dll
0x00007ff9ecbb0000 - 0x00007ff9ecbc6000 	C:\Program Files\Java\jdk-17\bin\nio.dll
0x00007ff9ecb90000 - 0x00007ff9ecba8000 	C:\Program Files\Java\jdk-17\bin\zip.dll

dbghelp: loaded successfully - version: 4.0.5 - missing functions: none
symbol engine: initialized successfully - sym options: 0x614 - pdb path: .;C:\Program Files\Java\jdk-17\bin;C:\Windows\SYSTEM32;C:\Windows\WinSxS\amd64_microsoft.windows.common-controls_6595b64144ccf1df_6.0.19041.4355_none_60b8b9eb71f62e16;C:\Program Files\Java\jdk-17\bin\server

VM Arguments:
jvm_args: -Dapplication.home=C:\Program Files\Java\jdk-17 --add-modules=ALL-DEFAULT -Xms8m -Djdk.module.main=jdk.compiler 
java_command: jdk.compiler/com.sun.tools.javac.Main -d C:\Users\DTech\Documents\NetBeansProjects\bank management system\build\classes -classpath C:\Users\DTech\Documents\NetBeansProjects\bank management system\build\classes;C:\Users\DTech\Downloads\jcalendar-tz-1.3.3-4.jar;C:\Users\DTech\Downloads\mysql-connector-java-8.0.28.jar -sourcepath C:\Users\DTech\Documents\NetBeansProjects\bank management system\build\empty -target 17 -encoding UTF-8 -g -processorpath C:\Users\DTech\Downloads\jcalendar-tz-1.3.3-4.jar;C:\Users\DTech\Downloads\mysql-connector-java-8.0.28.jar;C:\Users\DTech\Documents\NetBeansProjects\bank management system\build\empty -s C:\Users\DTech\Documents\NetBeansProjects\bank management system\build\generated-sources\ap-source-output -source 17 C:\Users\DTech\Documents\NetBeansProjects\bank management system\src\bank\management\system\Conn.java C:\Users\DTech\Documents\NetBeansProjects\bank management system\src\bank\management\system\Login.java C:\Users\DTech\Documents\NetBeansProjects\bank management system\src\bank\management\system\SignupOne.java C:\Users\DTech\Documents\NetBeansProjects\bank management system\src\bank\management\system\SignupThree.java C:\Users\DTech\Documents\NetBeansProjects\bank management system\src\bank\management\system\SignupTwo.java
java_class_path (initial): <not set>
Launcher Type: SUN_STANDARD

[Global flags]
     intx CICompilerCount                          = 3                                         {product} {ergonomic}
     uint ConcGCThreads                            = 1                                         {product} {ergonomic}
     uint G1ConcRefinementThreads                  = 4                                         {product} {ergonomic}
   size_t G1HeapRegionSize                         = 1048576                                   {product} {ergonomic}
    uintx GCDrainStackTargetSize                   = 64                                        {product} {ergonomic}
   size_t InitialHeapSize                          = 8388608                                   {product} {command line}
   size_t MarkStackSize                            = 4194304                                   {product} {ergonomic}
   size_t MaxHeapSize                              = 2116026368                                {product} {ergonomic}
   size_t MaxNewSize                               = 1268776960                                {product} {ergonomic}
   size_t MinHeapDeltaBytes                        = 1048576                                   {product} {ergonomic}
   size_t MinHeapSize                              = 8388608                                   {product} {command line}
    uintx NonNMethodCodeHeapSize                   = 5832780                                {pd product} {ergonomic}
    uintx NonProfiledCodeHeapSize                  = 122912730                              {pd product} {ergonomic}
    uintx ProfiledCodeHeapSize                     = 122912730                              {pd product} {ergonomic}
    uintx ReservedCodeCacheSize                    = 251658240                              {pd product} {ergonomic}
     bool SegmentedCodeCache                       = true                                      {product} {ergonomic}
   size_t SoftMaxHeapSize                          = 2116026368                             {manageable} {ergonomic}
     bool UseCompressedClassPointers               = true                           {product lp64_product} {ergonomic}
     bool UseCompressedOops                        = true                           {product lp64_product} {ergonomic}
     bool UseG1GC                                  = true                                      {product} {ergonomic}
     bool UseLargePagesIndividualAllocation        = false                                  {pd product} {ergonomic}

Logging:
Log output configuration:
 #0: stdout all=warning uptime,level,tags
 #1: stderr all=off uptime,level,tags

Environment Variables:
PATH=C:\Program Files\Common Files\Oracle\Java\javapath;C:\Windows\system32;C:\Windows;C:\Windows\System32\Wbem;C:\Windows\System32\WindowsPowerShell\v1.0\;C:\Windows\System32\OpenSSH\;C:\Program Files\dotnet\;C:\Program Files\MySQL\MySQL Server 8.0\bin;C:\Program Files\Java\jdk-17\bin;C:\Program Files\MySQL\MySQL Shell 8.0\bin\;C:\Users\DTech\AppData\Local\Microsoft\WindowsApps;C:\Program Files\JetBrains\IntelliJ IDEA Community Edition 2024.2.4\bin;;C:\Program Files\Java\jdk-17\bin
USERNAME=DTech
OS=Windows_NT
PROCESSOR_IDENTIFIER=Intel64 Family 6 Model 78 Stepping 3, GenuineIntel



---------------  S Y S T E M  ---------------

OS:
 Windows 10 , 64 bit Build 19041 (10.0.19041.5198)
OS uptime: 1 days 8:06 hours

CPU: total 4 (initial active 4) (2 cores per cpu, 2 threads per core) family 6 model 78 stepping 3 microcode 0xec, cx8, cmov, fxsr, ht, mmx, 3dnowpref, sse, sse2, sse3, ssse3, sse4.1, sse4.2, popcnt, lzcnt, tsc, tscinvbit, avx, avx2, aes, erms, clmul, bmi1, bmi2, rtm, adx, fma, vzeroupper, clflush, clflushopt

Memory: 4k page, system-wide physical 8067M (505M free)
TotalPageFile size 20781M (AvailPageFile size 49M)
current process WorkingSet (physical memory assigned to process): 79M, peak: 79M
current process commit charge ("private bytes"): 106M, peak: 122M

vm_info: Java HotSpot(TM) 64-Bit Server VM (17.0.12+8-LTS-286) for windows-amd64 JRE (17.0.12+8-LTS-286), built on Jun  5 2024 06:46:59 by "mach5one" with MS VC++ 17.6 (VS2022)

END.
