#
# There is insufficient memory for the Java Runtime Environment to continue.
# Native memory allocation (mmap) failed to map 65536 bytes for Failed to commit metaspace.
# Possible reasons:
#   The system is out of physical RAM or swap space
#   The process is running with CompressedOops enabled, and the Java Heap may be blocking the growth of the native heap
# Possible solutions:
#   Reduce memory load on the system
#   Increase physical memory or swap space
#   Check if swap backing store is full
#   Decrease Java heap size (-Xmx/-Xms)
#   Decrease number of Java threads
#   Decrease Java thread stack sizes (-Xss)
#   Set larger code cache with -XX:ReservedCodeCacheSize=
#   JVM is running with Unscaled Compressed Oops mode in which the Java heap is
#     placed in the first 4GB address space. The Java Heap base address is the
#     maximum limit for the native heap growth. Please use -XX:HeapBaseMinAddress
#     to set the Java Heap base and to place the Java Heap above 4GB virtual address.
# This output file may be truncated or incomplete.
#
#  Out of Memory Error (virtualSpaceNode.cpp:110), pid=21752, tid=5336
#
# JRE version:  (17.0.12+8) (build )
# Java VM: Java HotSpot(TM) 64-Bit Server VM (17.0.12+8-LTS-286, mixed mode, tiered, compressed oops, compressed class ptrs, g1 gc, windows-amd64)
# No core dump will be written. Minidumps are not enabled by default on client versions of Windows
#

---------------  S U M M A R Y ------------

Command Line: -Dapplication.home=C:\Program Files\Java\jdk-17 --add-modules=ALL-DEFAULT -Xms8m -Djdk.module.main=jdk.compiler jdk.compiler/com.sun.tools.javac.Main -d C:\Users\DTech\Documents\NetBeansProjects\bank management system\build\classes -classpath C:\Users\DTech\Documents\NetBeansProjects\bank management system\build\classes;C:\Users\DTech\Downloads\jcalendar-tz-1.3.3-4.jar;C:\Users\DTech\Downloads\mysql-connector-java-8.0.28.jar -sourcepath C:\Users\DTech\Documents\NetBeansProjects\bank management system\build\empty -target 17 -encoding UTF-8 -g -processorpath C:\Users\DTech\Downloads\jcalendar-tz-1.3.3-4.jar;C:\Users\DTech\Downloads\mysql-connector-java-8.0.28.jar;C:\Users\DTech\Documents\NetBeansProjects\bank management system\build\empty -s C:\Users\DTech\Documents\NetBeansProjects\bank management system\build\generated-sources\ap-source-output -source 17 C:\Users\DTech\Documents\NetBeansProjects\bank management system\src\bank\management\system\Conn.java C:\Users\DTech\Documents\NetBeansProjects\bank management system\src\bank\management\system\Deposit.java C:\Users\DTech\Documents\NetBeansProjects\bank management system\src\bank\management\system\Login.java C:\Users\DTech\Documents\NetBeansProjects\bank management system\src\bank\management\system\SignupOne.java C:\Users\DTech\Documents\NetBeansProjects\bank management system\src\bank\management\system\SignupThree.java C:\Users\DTech\Documents\NetBeansProjects\bank management system\src\bank\management\system\SignupTwo.java

Host: Intel(R) Core(TM) i5-6300U CPU @ 2.40GHz, 4 cores, 7G,  Windows 10 , 64 bit Build 19041 (10.0.19041.5198)
Time: Mon Jan 27 15:14:07 2025 Pakistan Standard Time elapsed time: 0.126956 seconds (0d 0h 0m 0s)

---------------  T H R E A D  ---------------

Current thread (0x000001c0b7b08de0):  JavaThread "main" [_thread_in_vm, id=5336, stack(0x0000003cd4c00000,0x0000003cd4d00000)]

Stack: [0x0000003cd4c00000,0x0000003cd4d00000]
Native frames: (J=compiled Java code, j=interpreted, Vv=VM code, C=native code)
V  [jvm.dll+0x67a04a]
V  [jvm.dll+0x7da4ed]
V  [jvm.dll+0x7dbe33]
V  [jvm.dll+0x7dc4a3]
V  [jvm.dll+0x24508f]
V  [jvm.dll+0x7d60bb]
V  [jvm.dll+0x6206c6]
V  [jvm.dll+0x62072a]
V  [jvm.dll+0x622f4d]
V  [jvm.dll+0x621086]
V  [jvm.dll+0x2429bc]
V  [jvm.dll+0x6d0a9d]
V  [jvm.dll+0x6d146f]
V  [jvm.dll+0x36e355]
V  [jvm.dll+0x36d404]
V  [jvm.dll+0x36d3a8]
V  [jvm.dll+0x561be5]
V  [jvm.dll+0x560b6c]
V  [jvm.dll+0x380f73]
V  [jvm.dll+0x3805df]
C  0x000001c0c691a3e0

Java frames: (J=compiled Java code, j=interpreted, Vv=VM code)
j  java.lang.StringLatin1.newString([BII)Ljava/lang/String;+16 java.base
j  java.lang.String.substring(II)Ljava/lang/String;+41 java.base
j  jdk.internal.misc.VM.saveProperties(Ljava/util/Map;)V+134 java.base
j  java.lang.System.initPhase1()V+12 java.base
v  ~StubRoutines::call_stub

---------------  P R O C E S S  ---------------

Threads class SMR info:
_java_thread_list=0x000001c0b7bdce90, length=3, elements={
0x000001c0b7b08de0, 0x000001c0d53af620, 0x000001c0b7bbff90
}

Java Threads: ( => current thread )
=>0x000001c0b7b08de0 JavaThread "main" [_thread_in_vm, id=5336, stack(0x0000003cd4c00000,0x0000003cd4d00000)]
  0x000001c0d53af620 JavaThread "Reference Handler" daemon [_thread_blocked, id=8568, stack(0x0000003cd5300000,0x0000003cd5400000)]
  0x000001c0b7bbff90 JavaThread "Finalizer" daemon [_thread_blocked, id=13416, stack(0x0000003cd5400000,0x0000003cd5500000)]

Other Threads:
  0x000001c0d539b620 VMThread "VM Thread" [stack: 0x0000003cd5200000,0x0000003cd5300000] [id=11372]
  0x000001c0b7b61870 GCTaskThread "GC Thread#0" [stack: 0x0000003cd4d00000,0x0000003cd4e00000] [id=19972]
  0x000001c0b7b72850 ConcurrentGCThread "G1 Main Marker" [stack: 0x0000003cd4e00000,0x0000003cd4f00000] [id=1876]
  0x000001c0b7b73f20 ConcurrentGCThread "G1 Conc#0" [stack: 0x0000003cd4f00000,0x0000003cd5000000] [id=7040]
  0x000001c0b7b8f880 ConcurrentGCThread "G1 Refine#0" [stack: 0x0000003cd5000000,0x0000003cd5100000] [id=9340]
  0x000001c0b7b8ff60 ConcurrentGCThread "G1 Service" [stack: 0x0000003cd5100000,0x0000003cd5200000] [id=20144]

Threads with active compile tasks:

VM state: not at safepoint (normal execution)

VM Mutex/Monitor currently owned by a thread:  ([mutex/lock_event])
[0x000001c0b7b028b0] Metaspace_lock - owner thread: 0x000001c0b7b08de0

Heap address: 0x0000000081e00000, size: 2018 MB, Compressed Oops mode: 32-bit

CDS archive(s) not mapped
Compressed class space mapped at: 0x0000000100000000-0x0000000140000000, reserved size: 1073741824
Narrow klass base: 0x0000000000000000, Narrow klass shift: 3, Narrow klass range: 0x140000000

GC Precious Log:
 CPUs: 4 total, 4 available
 Memory: 8067M
 Large Page Support: Disabled
 NUMA Support: Disabled
 Compressed Oops: Enabled (32-bit)
 Heap Region Size: 1M
 Heap Min Capacity: 8M
 Heap Initial Capacity: 8M
 Heap Max Capacity: 2018M
 Pre-touch: Disabled
 Parallel Workers: 4
 Concurrent Workers: 1
 Concurrent Refinement Workers: 4
 Periodic GC: Disabled

Heap:
 garbage-first heap   total 8192K, used 0K [0x0000000081e00000, 0x0000000100000000)
  region size 1024K, 1 young (1024K), 0 survivors (0K)
 Metaspace       used 2005K, committed 2048K, reserved 1114112K
  class space    used 150K, committed 192K, reserved 1048576K

Heap Regions: E=young(eden), S=young(survivor), O=old, HS=humongous(starts), HC=humongous(continues), CS=collection set, F=free, OA=open archive, CA=closed archive, TAMS=top-at-mark-start (previous, next)
|   0|0x0000000081e00000, 0x0000000081e00000, 0x0000000081f00000|  0%| F|  |TAMS 0x0000000081e00000, 0x0000000081e00000| Untracked 
|   1|0x0000000081f00000, 0x0000000081f00000, 0x0000000082000000|  0%| F|  |TAMS 0x0000000081f00000, 0x0000000081f00000| Untracked 
|   2|0x0000000082000000, 0x0000000082000000, 0x0000000082100000|  0%| F|  |TAMS 0x0000000082000000, 0x0000000082000000| Untracked 
|   3|0x0000000082100000, 0x0000000082100000, 0x0000000082200000|  0%| F|  |TAMS 0x0000000082100000, 0x0000000082100000| Untracked 
|   4|0x0000000082200000, 0x0000000082200000, 0x0000000082300000|  0%| F|  |TAMS 0x0000000082200000, 0x0000000082200000| Untracked 
|   5|0x0000000082300000, 0x0000000082300000, 0x0000000082400000|  0%| F|  |TAMS 0x0000000082300000, 0x0000000082300000| Untracked 
|   6|0x0000000082400000, 0x0000000082400000, 0x0000000082500000|  0%| F|  |TAMS 0x0000000082400000, 0x0000000082400000| Untracked 
|   7|0x0000000082500000, 0x000000008252e2b0, 0x0000000082600000| 18%| E|  |TAMS 0x0000000082500000, 0x0000000082500000| Complete 

Card table byte_map: [0x000001c0ce7d0000,0x000001c0cebd0000] _byte_map_base: 0x000001c0ce3c1000

Marking Bits (Prev, Next): (CMBitMap*) 0x000001c0b7b61b40, (CMBitMap*) 0x000001c0b7b61b80
 Prev Bits: [0x000001c0cefd0000, 0x000001c0d0f58000)
 Next Bits: [0x000001c0d0f60000, 0x000001c0d2ee8000)

Polling page: 0x000001c0b5920000

Metaspace:

Usage:
  Non-class:      1.81 MB used.
      Class:    150.73 KB used.
       Both:      1.96 MB used.

Virtual space:
  Non-class space:       64.00 MB reserved,       1.81 MB (  3%) committed,  1 nodes.
      Class space:        1.00 GB reserved,     192.00 KB ( <1%) committed,  1 nodes.
             Both:        1.06 GB reserved,       2.00 MB ( <1%) committed. 

Chunk freelists:
   Non-Class:  12.00 MB
       Class:  15.75 MB
        Both:  27.75 MB

MaxMetaspaceSize: unlimited
CompressedClassSpaceSize: 1.00 GB
Initial GC threshold: 21.00 MB
Current GC threshold: 17179869184.00 GB
CDS: off
MetaspaceReclaimPolicy: balanced
 - commit_granule_bytes: 65536.
 - commit_granule_words: 8192.
 - virtual_space_node_default_size: 8388608.
 - enlarge_chunks_in_place: 1.
 - new_chunks_are_fully_committed: 0.
 - uncommit_free_chunks: 1.
 - use_allocation_guard: 0.
 - handle_deallocations: 1.


Internal statistics:

num_allocs_failed_limit: 0.
num_arena_births: 2.
num_arena_deaths: 0.
num_vsnodes_births: 2.
num_vsnodes_deaths: 0.
num_space_committed: 32.
num_space_uncommitted: 0.
num_chunks_returned_to_freelist: 0.
num_chunks_taken_from_freelist: 3.
num_chunk_merges: 0.
num_chunk_splits: 2.
num_chunks_enlarged: 0.
num_inconsistent_stats: 0.

CodeHeap 'non-profiled nmethods': size=120000Kb used=0Kb max_used=0Kb free=120000Kb
 bounds [0x000001c0c6ea0000, 0x000001c0c7110000, 0x000001c0ce3d0000]
CodeHeap 'profiled nmethods': size=120000Kb used=0Kb max_used=0Kb free=120000Kb
 bounds [0x000001c0bf3d0000, 0x000001c0bf640000, 0x000001c0c6900000]
CodeHeap 'non-nmethods': size=5760Kb used=368Kb max_used=368Kb free=5391Kb
 bounds [0x000001c0c6900000, 0x000001c0c6b70000, 0x000001c0c6ea0000]
 total_blobs=158 nmethods=0 adapters=131
 compilation: enabled
              stopped_count=0, restarted_count=0
 full_count=0

Compilation events (0 events):
No events

GC Heap History (0 events):
No events

Deoptimization events (0 events):
No events

Classes unloaded (0 events):
No events

Classes redefined (0 events):
No events

Internal exceptions (0 events):
No events

VM Operations (0 events):
No events

Events (20 events):
Event: 0.113 loading class java/lang/ref/Reference$1 done
Event: 0.113 loading class java/lang/ref/Finalizer$FinalizerThread
Event: 0.113 loading class java/lang/ref/Finalizer$FinalizerThread done
Event: 0.113 Thread 0x000001c0b7bbff90 Thread added: 0x000001c0b7bbff90
Event: 0.113 loading class java/lang/System$2
Event: 0.113 loading class jdk/internal/access/JavaLangAccess
Event: 0.114 loading class jdk/internal/misc/VM
Event: 0.114 loading class jdk/internal/access/JavaLangAccess done
Event: 0.114 loading class java/lang/System$2 done
Event: 0.114 loading class jdk/internal/misc/VM done
Event: 0.114 loading class jdk/internal/util/SystemProps
Event: 0.114 loading class jdk/internal/util/SystemProps done
Event: 0.114 loading class jdk/internal/util/SystemProps$Raw
Event: 0.115 loading class jdk/internal/util/SystemProps$Raw done
Event: 0.121 loading class java/lang/StringConcatHelper
Event: 0.121 loading class java/lang/StringConcatHelper done
Event: 0.122 loading class java/lang/VersionProps
Event: 0.122 loading class java/lang/VersionProps done
Event: 0.122 loading class java/util/Arrays
Event: 0.124 loading class java/util/Arrays done


Dynamic libraries:
0x00007ff72d590000 - 0x00007ff72d598000 	C:\Program Files\Java\jdk-17\bin\javac.exe
0x00007ffb889f0000 - 0x00007ffb88be8000 	C:\Windows\SYSTEM32\ntdll.dll
0x00007ffb86a00000 - 0x00007ffb86ac2000 	C:\Windows\System32\KERNEL32.DLL
0x00007ffb86660000 - 0x00007ffb8695f000 	C:\Windows\System32\KERNELBASE.dll
0x00007ffb86470000 - 0x00007ffb86570000 	C:\Windows\System32\ucrtbase.dll
0x00007ffb53410000 - 0x00007ffb53429000 	C:\Program Files\Java\jdk-17\bin\jli.dll
0x00007ffb82080000 - 0x00007ffb8209b000 	C:\Program Files\Java\jdk-17\bin\VCRUNTIME140.dll
0x00007ffb87330000 - 0x00007ffb873e1000 	C:\Windows\System32\ADVAPI32.dll
0x00007ffb88610000 - 0x00007ffb886ae000 	C:\Windows\System32\msvcrt.dll
0x00007ffb873f0000 - 0x00007ffb8748f000 	C:\Windows\System32\sechost.dll
0x00007ffb87e90000 - 0x00007ffb87fb3000 	C:\Windows\System32\RPCRT4.dll
0x00007ffb86440000 - 0x00007ffb86467000 	C:\Windows\System32\bcrypt.dll
0x00007ffb86b50000 - 0x00007ffb86ced000 	C:\Windows\System32\USER32.dll
0x00007ffb869d0000 - 0x00007ffb869f2000 	C:\Windows\System32\win32u.dll
0x00007ffb87c00000 - 0x00007ffb87c2b000 	C:\Windows\System32\GDI32.dll
0x00007ffb75c90000 - 0x00007ffb75f2a000 	C:\Windows\WinSxS\amd64_microsoft.windows.common-controls_6595b64144ccf1df_6.0.19041.4355_none_60b8b9eb71f62e16\COMCTL32.dll
0x00007ffb861c0000 - 0x00007ffb862d7000 	C:\Windows\System32\gdi32full.dll
0x00007ffb865c0000 - 0x00007ffb8665d000 	C:\Windows\System32\msvcp_win.dll
0x00007ffb7edb0000 - 0x00007ffb7edba000 	C:\Windows\SYSTEM32\VERSION.dll
0x00007ffb87160000 - 0x00007ffb8718f000 	C:\Windows\System32\IMM32.DLL
0x00007ffb82770000 - 0x00007ffb8277c000 	C:\Program Files\Java\jdk-17\bin\vcruntime140_1.dll
0x00007ffb3ef50000 - 0x00007ffb3efde000 	C:\Program Files\Java\jdk-17\bin\msvcp140.dll
0x00007ffb3da00000 - 0x00007ffb3e5e0000 	C:\Program Files\Java\jdk-17\bin\server\jvm.dll
0x00007ffb888c0000 - 0x00007ffb888c8000 	C:\Windows\System32\PSAPI.DLL
0x00007ffb75a40000 - 0x00007ffb75a67000 	C:\Windows\SYSTEM32\WINMM.dll
0x00007ffb703f0000 - 0x00007ffb703f9000 	C:\Windows\SYSTEM32\WSOCK32.dll
0x00007ffb87fc0000 - 0x00007ffb8802b000 	C:\Windows\System32\WS2_32.dll
0x00007ffb83f00000 - 0x00007ffb83f12000 	C:\Windows\SYSTEM32\kernel.appcore.dll
0x00007ffb82470000 - 0x00007ffb8247a000 	C:\Program Files\Java\jdk-17\bin\jimage.dll
0x00007ffb74490000 - 0x00007ffb74674000 	C:\Windows\SYSTEM32\DBGHELP.DLL
0x00007ffb74430000 - 0x00007ffb74464000 	C:\Windows\SYSTEM32\dbgcore.DLL
0x00007ffb86080000 - 0x00007ffb86102000 	C:\Windows\System32\bcryptPrimitives.dll
0x00007ffb82050000 - 0x00007ffb82075000 	C:\Program Files\Java\jdk-17\bin\java.dll
0x00007ffb3f180000 - 0x00007ffb3f257000 	C:\Program Files\Java\jdk-17\bin\jsvml.dll
0x00007ffb87490000 - 0x00007ffb87bfe000 	C:\Windows\System32\SHELL32.dll

dbghelp: loaded successfully - version: 4.0.5 - missing functions: none
symbol engine: initialized successfully - sym options: 0x614 - pdb path: .;C:\Program Files\Java\jdk-17\bin;C:\Windows\SYSTEM32;C:\Windows\WinSxS\amd64_microsoft.windows.common-controls_6595b64144ccf1df_6.0.19041.4355_none_60b8b9eb71f62e16;C:\Program Files\Java\jdk-17\bin\server

VM Arguments:
jvm_args: -Dapplication.home=C:\Program Files\Java\jdk-17 --add-modules=ALL-DEFAULT -Xms8m -Djdk.module.main=jdk.compiler 
java_command: jdk.compiler/com.sun.tools.javac.Main -d C:\Users\DTech\Documents\NetBeansProjects\bank management system\build\classes -classpath C:\Users\DTech\Documents\NetBeansProjects\bank management system\build\classes;C:\Users\DTech\Downloads\jcalendar-tz-1.3.3-4.jar;C:\Users\DTech\Downloads\mysql-connector-java-8.0.28.jar -sourcepath C:\Users\DTech\Documents\NetBeansProjects\bank management system\build\empty -target 17 -encoding UTF-8 -g -processorpath C:\Users\DTech\Downloads\jcalendar-tz-1.3.3-4.jar;C:\Users\DTech\Downloads\mysql-connector-java-8.0.28.jar;C:\Users\DTech\Documents\NetBeansProjects\bank management system\build\empty -s C:\Users\DTech\Documents\NetBeansProjects\bank management system\build\generated-sources\ap-source-output -source 17 C:\Users\DTech\Documents\NetBeansProjects\bank management system\src\bank\management\system\Conn.java C:\Users\DTech\Documents\NetBeansProjects\bank management system\src\bank\management\system\Deposit.java C:\Users\DTech\Documents\NetBeansProjects\bank management system\src\bank\management\system\Login.java C:\Users\DTech\Documents\NetBeansProjects\bank management system\src\bank\management\system\SignupOne.java C:\Users\DTech\Documents\NetBeansProjects\bank management system\src\bank\management\system\SignupThree.java C:\Users\DTech\Documents\NetBeansProjects\bank management system\src\bank\management\system\SignupTwo.java
java_class_path (initial): <not set>
Launcher Type: SUN_STANDARD

[Global flags]
     intx CICompilerCount                          = 3                                         {product} {ergonomic}
     uint ConcGCThreads                            = 1                                         {product} {ergonomic}
     uint G1ConcRefinementThreads                  = 4                                         {product} {ergonomic}
   size_t G1HeapRegionSize                         = 1048576                                   {product} {ergonomic}
    uintx GCDrainStackTargetSize                   = 64                                        {product} {ergonomic}
   size_t InitialHeapSize                          = 8388608                                   {product} {command line}
   size_t MarkStackSize                            = 4194304                                   {product} {ergonomic}
   size_t MaxHeapSize                              = 2116026368                                {product} {ergonomic}
   size_t MaxNewSize                               = 1268776960                                {product} {ergonomic}
   size_t MinHeapDeltaBytes                        = 1048576                                   {product} {ergonomic}
   size_t MinHeapSize                              = 8388608                                   {product} {command line}
    uintx NonNMethodCodeHeapSize                   = 5832780                                {pd product} {ergonomic}
    uintx NonProfiledCodeHeapSize                  = 122912730                              {pd product} {ergonomic}
    uintx ProfiledCodeHeapSize                     = 122912730                              {pd product} {ergonomic}
    uintx ReservedCodeCacheSize                    = 251658240                              {pd product} {ergonomic}
     bool SegmentedCodeCache                       = true                                      {product} {ergonomic}
   size_t SoftMaxHeapSize                          = 2116026368                             {manageable} {ergonomic}
     bool UseCompressedClassPointers               = true                           {product lp64_product} {ergonomic}
     bool UseCompressedOops                        = true                           {product lp64_product} {ergonomic}
     bool UseG1GC                                  = true                                      {product} {ergonomic}
     bool UseLargePagesIndividualAllocation        = false                                  {pd product} {ergonomic}

Logging:
Log output configuration:
 #0: stdout all=warning uptime,level,tags
 #1: stderr all=off uptime,level,tags

Environment Variables:
PATH=C:\Program Files\Common Files\Oracle\Java\javapath;C:\Windows\system32;C:\Windows;C:\Windows\System32\Wbem;C:\Windows\System32\WindowsPowerShell\v1.0\;C:\Windows\System32\OpenSSH\;C:\Program Files\dotnet\;C:\Program Files\MySQL\MySQL Server 8.0\bin;C:\Program Files\Java\jdk-17\bin;C:\Program Files\MySQL\MySQL Shell 8.0\bin\;C:\Users\DTech\AppData\Local\Microsoft\WindowsApps;C:\Program Files\JetBrains\IntelliJ IDEA Community Edition 2024.2.4\bin;;C:\Program Files\Java\jdk-17\bin
USERNAME=DTech
OS=Windows_NT
PROCESSOR_IDENTIFIER=Intel64 Family 6 Model 78 Stepping 3, GenuineIntel



---------------  S Y S T E M  ---------------

OS:
 Windows 10 , 64 bit Build 19041 (10.0.19041.5198)
OS uptime: 0 days 21:39 hours

CPU: total 4 (initial active 4) (2 cores per cpu, 2 threads per core) family 6 model 78 stepping 3 microcode 0xec, cx8, cmov, fxsr, ht, mmx, 3dnowpref, sse, sse2, sse3, ssse3, sse4.1, sse4.2, popcnt, lzcnt, tsc, tscinvbit, avx, avx2, aes, erms, clmul, bmi1, bmi2, rtm, adx, fma, vzeroupper, clflush, clflushopt

Memory: 4k page, system-wide physical 8067M (813M free)
TotalPageFile size 20781M (AvailPageFile size 22M)
current process WorkingSet (physical memory assigned to process): 17M, peak: 17M
current process commit charge ("private bytes"): 64M, peak: 64M

vm_info: Java HotSpot(TM) 64-Bit Server VM (17.0.12+8-LTS-286) for windows-amd64 JRE (17.0.12+8-LTS-286), built on Jun  5 2024 06:46:59 by "mach5one" with MS VC++ 17.6 (VS2022)

END.
